3296
3516
3464
3340
3368
3436
3304
3540
3368
3440
3448
3420
3420
3420
3464
3444
3432
3600
3436
3520
3316
3540
3372
3520
3536
3444
3416
3412
3356
3540
3304
3536
3540
3360
3464
3444
3484
3484
3448
3408
3360
3360
3412
3348
3420
3348
3456
3444
3368
3436
3492
3480
3484
3444
3408
3444
3360
3460
3296
3600
3408
3412
3348
3520
3300
3300
3600
3300
3420
3416
3348
3460
3540
3300
3540
3520
3408
3444
3412
3600
3348
3420
3464
3600
3300
3348
3556
3600
3344
3488
3428
3444
3436
3444
3384
3520
3300
3492
3428
3440
3460
3432
3476
3456
3540
3312
3428
3364
3444
3436
3504
3600
3516
3540
3460
3312
3600
3436
3456
3484
3420
3348
3448
3436
3316
3348
3528
3440
3436
3484
3416
3412
3436
3484
3500
3420
3520
3300
3428
3348
3316
3484
3308
3448
3460
3444
3376
3348
3520
3444
3488
3516
3596
3448
3500
3368
3364
3456
3456
3520
3600
3356
3544
3440
3448
3444
3412
3300
3360
3600
3464
3416
3520
3444
3452
3480
3440
3448
3604
3432
3440
3600
3452
3444
3444
3444
3452
3436
3348
3484
3360
3540
3348
3360
3488
3300
3444
3360
3364
3444
3460
3460
3440
3520
3316
3488
3564
3492
3540
3484
3512
3484
3520
3460
3476
3348
3520
3420
3488
3316
3348
3520
3568
3368
3492
3356
3448
3596
3492
3296
3472
3300
3484
3492
3468
3520
3484
3492
3376
3436
3412
3484
3524
3492
3344
3316
3544
3596
3356
3300
3452
3348
3484
3316
3440
3316
3416
3436
3448
3596
3540
3440
3496
3520
3488
3356
3416
3448
3316
3296
3368
3432
3444
3296
3520
3520
3300
3520
3540
3360
3300
3348
3616
3432
3440
3368
3464
3348
3360
3484
3384
3492
3520
3480
3452
3448
3368
3368
3552
3412
3300
3360
3376
3480
3412
3368
3464
3412
3300
3360
3424
3300
3600
3460
3464
3536
3316
3416
3456
3448
3540
3436
3376
3444
3316
3520
3356
3300
3436
3420
3452
3460
3412
3316
3360
3316
3540
3460
3456
3448
3348
3436
3544
3424
3480
3460
3304
3416
3484
3540
3528
3600
3368
3368
3368
3516
3540
3300
3456
3348
3460
3316
3544
3364
3296
3360
3352
3460
3348
3448
3496
3448
3300
3436
3492
3412
3600
3520
3416
3600
3316
3436
3496
3520
3484
3412
3464
3600
3420
3488
3424
3492
3348
3520
3440
3348
3412
3432
3364
3300
4780
4660
4696
4684
4652
4688
4708
4556
4760
4596
4772
4684
4780
4540
4740
4676
4588
4840
4692
4724
4684
4556
4564
4540
4732
4660
4596
4684
4840
4608
4848
4840
4556
4836
4668
4732
4836
4840
4668
4652
4604
4612
4668
4704
4668
4540
4768
4724
4736
4764
4596
4844
4660
4560
4660
4784
4556
4736
4768
4704
4764
4544
4616
4784
4728
4736
4688
4544
4592
4560
4680
4736
4704
4612
4564
4784
4784
4560
4680
4592
4684
4684
4652
4700
4724
4720
4540
4684
4776
4676
4660
4700
4724
4732
4840
4612
4556
4840
4840
4780
4660
4556
4840
4672
4840
4540
4684
4680
4760
4700
4540
4780
4760
4540
4700
4596
4776
4680
4720
4760
4756
4700
4780
4540
4684
4760
4680
4720
4700
4836
4728
4760
4780
4588
4560
4672
4552
4608
4612
4540
4724
4732
4704
4756
4676
4756
4608
4684
4688
4540
4692
4556
4760
4536
4688
4556
4688
4728
4704
4684
4724
4536
4760
4776
4760
4760
4696
4652
4672
4780
4676
4724
4672
4688
4684
4676
4652
4652
4780
4600
4676
4760
4760
4608
4836
4700
4780
4700
4760
4684
4732
4728
4676
4676
4540
4696
4552
4684
4700
4780
4688
4556
4836
4540
4536
4656
4760
4608
4676
4836
4688
4700
4840
4660
4684
4688
4696
4600
4728
4588
4836
4676
4760
4676
4608
4780
4608
4596
4656
4780
4840
4652
4556
4840
4552
4588
4760
4588
4540
4584
4560
4728
4780
4780
4656
4680
4728
4844
4612
4656
4732
4692
4588
4604
4544
4588
4604
4728
4844
4676
4764
4656
4784
4544
4656
4692
4760
4764
4700
4680
4588
4700
4840
4612
4728
4592
4688
4764
4780
4764
4676
4556
4556
4760
4700
4760
4852
4696
4672
4696
4552
4732
4840
4684
4676
4736
4676
4536
4696
4732
4540
4680
4616
4676
4720
4608
4676
4836
4684
4720
4748
4608
4756
4536
4604
4700
4536
4756
4552
4728
4688
4676
4692
4684
4684
4584
4592
4660
4588
4732
4604
4732
4608
4700
4592
4604
4760
4596
4660
4552
4556
4684
4688
4676
4608
4760
4736
4732
4648
4608
4728
4728
4756
4588
4660
4652
4840
4652
4544
4760
4652
4700
4536
4760
4780
4600
4600
4676
4676
4652
4660
4588
4728
4656
4652
4556
4688
4540
4684
4700
4556
4556
4684
4760
4656
4780
4608
4596
4780
4660
4608
4720
4604
4732
4840
4732
4760
4780
4552
4760
6048
6028
6064
5952
5908
5960
6112
6044
6048
6072
6068
6056
6060
6132
6140
6020
6028
5968
6220
5908
5980
6104
6032
6092
6152
6044
6080
6100
5972
6132
6220
6040
6128
6032
6056
6024
6060
6056
6108
6096
6072
6020
6072
5972
6060
6032
6060
6148
6032
6056
6048
6148
6208
6212
6096
6208
6132
5980
5960
5964
6092
5960
5972
6128
6072
6096
6072
6060
6132
6024
5960
5904
6100
5980
6056
6100
5972
5912
6128
5952
6096
6132
6108
6052
6132
5972
6052
5956
6048
6092
5984
6056
6024
5928
6100
6064
6032
5972
6040
6044
6028
6132
6156
5956
5972
6032
6064
6020
6100
5976
6072
6096
6048
5980
6072
6124
6032
6104
6212
6064
5960
5912
6144
6148
6060
6048
6048
6100
6024
6052
6168
5908
6096
6024
6148
5956
6068
6208
5924
6208
5960
6060
6048
6056
5912
5928
6168
6044
6032
6060
5928
6128
6148
6060
6120
6148
6056
6072
5928
6028
5980
6044
6072
6056
6052
5968
6224
6148
6104
6208
5988
6100
6152
6056
5972
6100
6212
6072
6116
6020
6072
6132
6120
6052
6096
6068
5928
6064
6032
5956
5944
6124
6044
6044
6120
6128
6056
6132
6088
6024
5924
6208
5984
6052
5928
6152
6156
6068
5972
5972
6216
5968
6072
6056
6036
6028
5972
6056
5984
6124
6028
5924
6156
6056
6208
5928
6028
6068
6056
5912
6108
6128
6056
6044
6060
5968
6068
5912
5968
5924
6068
6096
6076
5968
6048
6032
6120
5924
6096
6024
5984
5908
6072
5912
6148
6208
5956
6056
6076
5952
5980
6132
5924
6100
5912
6072
6084
6092
6132
5928
5988
6044
6132
6024
6148
6128
6044
5928
6076
5920
6048
6104
5932
6052
6104
6212
6060
6128
5928
6020
6056
5976
6056
6132
5976
5924
5956
5972
6100
5956
6152
6096
6156
6048
6044
6072
5932
6020
6032
5968
5984
6100
5928
6096
5976
5908
6024
5980
6216
6092
5912
6048
6140
6092
5968
5924
6056
6044
6104
6072
6068
6028
5980
6108
6080
6128
5912
6060
6156
6100
6152
5976
6056
6068
6096
6032
6112
5904
5928
5916
5920
6052
5972
5972
5980
5968
6152
5912
6220
5976
5960
5980
6032
5976
6212
6104
6068
6064
5956
6104
6216
6128
6060
6028
5968
6100
6064
5912
6136
6124
6096
6128
5936
5976
6132
6132
6220
5968
5960
5928
6112
5908
6092
6056
6140
6128
6032
6132
5980
5956
15056
15216
14968
15216
14976
15068
15064
15036
14988
15104
15112
15100
15040
14984
15076
15132
14964
14984
15060
14984
14936
15064
14920
15104
15112
14968
14936
14912
15036
15104
15040
14916
15080
15220
15140
14932
15104
14968
15040
15024
15052
14920
14968
14976
15080
15080
15220
15076
14968
14980
15108
15136
14968
14916
15040
14964
14988
15140
14984
15028
15036
15056
14988
15036
15032
15076
14968
14912
15068
14968
15080
15028
15080
15136
14968
15136
15220
14936
15104
15156
15100
14984
15032
14912
15064
15104
14988
14912
15132
14976
15112
15044
15108
15064
14936
15100
15052
15024
14920
15212
15136
14964
15160
14972
15108
15060
15080
14928
14960
14916
15076
15096
15136
14976
15112
14928
15108
15136
14980
15096
14932
14968
15136
14972
15220
14936
15032
14916
15156
15100
15220
14976
15040
14984
15080
14976
14976
14980
15112
15060
15104
15040
14936
15136
15140
15060
15080
15216
15108
15056
15220
15108
15140
15160
15136
14932
15040
15068
15112
14912
15160
14988
15220
15076
15104
15064
15052
15056
15160
15056
14932
14932
15056
15140
15056
14984
15104
15112
15112
15036
15040
15036
15064
15104
14964
15032
15040
15136
15220
15064
15112
14960
14916
14920
15220
15216
15056
15136
14920
15076
15220
15140
15068
15108
14984
15160
15224
15108
15216
15112
15084
15104
15112
14988
14920
15076
15140
15064
15116
15064
15080
14920
15036
14916
14920
14980
15144
15028
14920
14920
14972
15056
15080
15064
15072
15100
14936
15064
14972
15216
15140
15064
15068
15028
14980
14988
14988
15136
14988
15036
14976
14964
15160
15140
14988
15060
14936
15040
14916
15076
15060
15064
15160
15216
15104
15032
15056
15108
14984
14968
14968
14916
15080
15220
15036
14980
15068
14920
15064
15028
15080
15040
15080
15060
15216
15220
15040
15052
15068
15028
15104
15024
14980
14980
15060
15064
14936
15216
15064
15108
15068
15032
14976
15048
14976
15112
15220
14932
15064
14988
14916
15052
15060
15140
15080
14916
15036
15056
14920
14976
14984
15216
15108
14908
15132
15136
15100
15072
14964
15076
15060
14956
14916
15216
15028
15024
14964
15216
15060
15152
15152
15052
15060
14928
15156
14964
15060
14980
15136
15108
14964
15032
15060
15036
15024
14960
15048
15060
15036
14972
14984
14916
14932
15072
15136
15064
14928
15024
15136
15076
14964
15132
15036
15108
15036
14956
15152
14964
15072
14972
15028
14964
14972
14912
14984
14980
14928
15212
15152
15156
14980
15060
15076
14976
15056
15068
15060
15060
15052
15132
24520
24520
24608
24584
24492
24520
24508
24588
24492
24532
24612
24516
24672
24516
24672
24476
24388
24516
24420
24436
24556
24440
24480
24512
24592
24612
24556
24476
24484
24516
24508
24548
24372
24516
24384
24488
24416
24484
24556
24416
24504
24488
24480
24544
24512
24516
24560
24420
24552
24368
24664
24380
24608
24512
24560
24412
24668
24436
24500
24484
24504
24416
24608
24380
24416
24428
24504
24432
24528
24512
24504
24500
24432
24480
24608
24408
24436
24384
24384
24584
24516
24420
24392
24416
24564
24508
24616
24504
24492
24368
24520
24504
24512
24508
24520
24560
24368
24372
24616
24504
24564
24508
24436
24416
24432
24508
24392
24364
24428
24484
24512
24512
24588
24556
24424
24516
24432
24504
24568
24472
24516
24372
24556
24428
24616
24508
24484
24416
24564
24588
24516
24436
24508
24440
24560
24416
24556
24560
24536
24524
24508
24420
24672
24480
24560
24432
24436
24512
24552
24420
24676
24428
24612
24560
24596
24384
24564
24416
24512
24480
24484
24420
24384
24368
24668
24516
24556
24512
24416
24512
24588
24520
24532
24388
24416
24436
24592
24516
24440
24592
24388
24512
24388
24512
24520
24504
24372
24504
24532
24520
24388
24608
24520
24592
24368
24560
24388
24440
24672
24384
24520
24532
24668
24548
24420
24520
24388
24548
24420
24488
24532
24412
24372
24592
24532
24668
24564
24388
24384
24416
24532
24552
24612
24384
24492
24440
24564
24552
24556
24372
24560
24668
24368
24608
24368
24416
24532
24520
24516
24504
24668
24668
24480
24660
24384
24516
24668
24664
24524
24416
24512
24500
24416
24516
24668
24424
24428
24384
24380
24424
24668
24560
24608
24512
24608
24384
24504
24604
24552
24428
24668
24364
24516
24488
24608
24376
24488
24504
24560
24512
24556
24532
24388
24552
24440
24384
24444
24416
24612
24672
24568
24368
24492
24516
24512
24524
24516
24420
24520
24604
24668
24432
24516
24424
24508
24608
24496
24548
24672
24672
24496
24436
24432
24480
24516
24516
24484
24560
24392
24560
24420
24420
24428
24500
24672
24560
24612
24384
24484
24592
24508
24668
24484
24420
24672
24424
24432
24612
24372
24480
24392
24564
24516
24480
24516
24384
24368
24368
24428
24560
24372
24588
24608
24428
24564
24428
24484
24512
24432
24528
24372
24492
24444
24504
24440
24480
24432
24664
24532
24388
24376
24432
24436
24588
24512
24508
24668
24420
24432
24488
24428
24516
24560
24436
24388
24388
24444
24428
24672
24564
24512
24588
24508
24388
24372
24368
24492
24432
24556
24528
80820
81024
80856
80964
80956
80952
80868
81024
80876
80868
80864
80952
80856
80992
81000
80952
81044
81024
80940
80848
81044
80992
80948
80940
81108
81104
80920
80996
80808
81108
81048
80852
80876
80920
81028
80940
80952
80988
80952
80924
80872
80856
80868
81044
80808
80872
80824
80988
80928
81044
80920
80864
81104
81048
80856
81104
80824
80940
80968
80868
80952
80804
80876
80852
80928
80824
81000
80940
80944
80856
80856
80872
80868
81028
80992
80940
80992
80868
80808
80988
80824
80852
80992
80820
80968
80824
81000
80988
80824
80992
80916
81104
80928
80968
80864
81100
80940
81048
80928
80964
80876
80968
80992
80996
80920
80968
80872
81024
80808
80988
80852
80924
81024
80944
80856
80996
81108
80820
80944
81044
80956
80928
81032
80824
80932
80828
81004
80992
80812
81056
80960
80928
80856
81004
81112
80868
80996
80924
80860
80948
81108
80960
80996
81104
80812
81004
80932
81000
80872
81052
80860
80968
81112
80972
80868
81048
81112
80880
80872
80868
80812
81056
80936
80828
80876
81112
80880
80944
80928
80952
80884
80860
80928
80976
81008
80828
80952
80832
81008
80996
80832
80928
81056
80872
80976
80964
80960
80856
80876
80952
81036
81052
80996
80928
80860
80956
80952
80948
80884
81028
80852
80916
80956
80948
80988
80944
80968
81104
80968
81000
80864
80988
80868
80920
81108
80928
81028
80824
80824
80948
81028
80928
80808
80924
81108
80808
80920
80944
80804
80808
80924
80920
80920
81000
80876
80912
80964
81108
81000
80864
81000
80824
80964
81020
80804
80804
80920
80960
80808
81028
80920
80968
80948
81108
80804
80988
80952
81000
80952
80964
80920
81048
80968
80916
80968
80868
80916
80960
80868
80952
81024
80820
80988
80920
80996
80952
80916
81108
80804
80948
81000
81048
80808
80996
81048
80916
80928
80988
80872
81024
80932
80804
80868
81048
81048
81024
81048
80876
80996
80924
80920
81044
80968
80964
81000
80952
80808
80996
80968
80968
80868
81044
80824
80944
80852
80944
81028
80956
80956
81104
80948
80932
80872
80808
81052
80868
80876
80956
81032
80868
80968
80876
80880
80812
80948
80992
80948
80956
80860
81000
80968
81032
80956
81048
80956
80960
80880
80824
81112
80880
80880
80928
81032
80956
80956
80988
80972
80860
80952
80956
80924
80940
80924
80908
80820
80868
80960
80916
80940
80864
81024
80936
80996
80804
80920
80912
80852
80804
80852
80920
80820
80860
80940
80868
81104
80804
80804
80868
80860
80948
80988
80844
81104
80940
81104
80960
80924
80864
80820
80944
11056
11036
11136
11144
11208
11124
11184
11044
11136
11288
11104
11104
11144
11224
11152
11044
10988
11148
11108
11128
11048
11224
11060
11128
11100
11136
11112
11168
11284
10988
11212
11224
11104
11004
11292
11092
11004
10984
11008
11284
11180
11132
11204
11284
11124
11132
11284
11104
11108
11000
11048
11096
11208
11136
11136
11032
11108
11108
11144
10996
11036
11180
11108
11168
11144
11136
11036
11144
10988
11172
11208
11168
11124
11132
11148
11176
11228
11056
10988
11172
11056
11048
11132
11204
10988
10988
11040
11104
11100
11048
11124
11224
11120
11056
11004
10984
11132
11048
11040
11104
11224
11136
11008
11052
11208
11136
11140
11052
11048
11136
11112
11176
11228
11108
11040
11284
11096
10988
11036
11168
11004
11000
10988
11224
10988
11208
11048
11168
11000
11228
11104
11164
11048
11224
10988
10984
11052
11048
11124
11176
11108
11048
11112
11132
11128
11108
11288
11040
11132
11048
11056
11204
11208
11132
11204
11204
11100
11048
11108
11204
11228
11168
11112
10984
11124
11096
10988
10984
11172
11048
11232
11100
11228
11124
11140
11092
11132
11228
11148
11100
11100
11228
11112
11280
11136
11052
11124
11000
11124
11224
10992
11128
11096
11000
11136
11200
11128
11108
11292
11128
11172
11088
11220
11120
11128
11088
11048
10976
11116
11028
11088
10976
11048
11116
11164
11160
11092
11040
11124
11164
11124
11040
11112
10992
11160
11280
11140
11120
11124
11160
11280
11124
11140
11048
11140
11040
11200
11040
11028
11168
11128
11132
11148
11120
11036
11288
11120
11040
11208
11132
11036
11104
11108
11108
11224
11176
11124
11108
11144
11144
11056
11032
11136
11128
10988
11036
11204
11132
11132
11172
11032
11120
11148
11036
11132
11204
11108
11228
11148
11040
11148
11148
11132
11284
11208
11148
11004
11220
11284
11132
11172
11284
11108
11288
11124
11224
11108
11148
11096
11032
11224
11224
11004
11128
11056
11132
11132
11176
10988
11136
11228
11052
11104
11172
11044
11280
11288
11288
11056
11032
11048
11036
11168
11044
11004
11132
11032
11168
11136
11144
11288
10984
11048
11052
11044
11044
10984
11044
11132
11176
11228
11132
11044
11052
11228
11288
11108
11052
11048
11136
11048
11032
11000
10988
11148
11204
11056
11104
11172
11132
11136
11004
11136
11144
11288
11136
11000
10984
10984
11100
11132
11164
11208
11148
11208
11204
11180
10984
11168
11116
11056
11228
11052
11052
11036
11132
11172
11144
11036
11056
11108
11096
11036
11288
10988
11164
11148
11004
11172
11000
29088
29132
29036
29104
29164
29028
29212
29268
29080
29108
29084
28984
29268
29080
28972
29152
29032
29272
29120
29112
29156
29192
29188
28964
29092
29108
28972
29036
28988
28972
29040
29184
29116
29132
29272
29268
29120
29116
28972
29116
29088
29032
28968
29108
29268
28968
29080
29184
29112
29104
29160
29204
28980
29104
29104
29020
29112
29188
29084
29072
29204
29128
29268
29032
28964
29080
28964
29032
29268
29104
29188
29096
29264
29080
29156
28964
29036
29088
29184
29104
29088
29108
29036
29264
29088
29112
29016
29076
29104
29028
29152
28964
29104
29036
29036
29184
29268
29268
29188
29156
28984
29088
29076
29024
29152
29016
29268
29084
29088
29128
29188
29124
29088
29184
29036
29112
29016
29128
29116
29156
29084
28968
29028
29012
29124
29184
29160
29028
29268
29104
29112
29124
29104
29028
29112
29148
28980
29116
29152
29120
29036
29036
29116
29264
29152
29156
29112
29084
29160
29100
29156
29032
29036
29268
29036
29148
29160
29028
28980
29200
29164
28968
29080
29188
29032
29020
28968
29128
29020
29156
29156
29032
29032
29216
29120
29104
29164
29164
28988
29036
29272
29116
29112
29080
29092
29156
29116
29188
29028
29092
29132
29148
29084
29032
29116
29104
29020
29020
29116
29184
29132
28972
29040
29208
29116
29132
29108
29160
28988
29036
29192
28980
29132
28988
29092
29128
29164
29132
29084
29124
29080
29132
29020
28980
29088
29120
28972
29032
28988
29116
29016
29128
29036
29092
29092
29120
29116
29084
29108
29088
29020
29272
29164
29028
29120
29272
29268
29080
29272
29032
29212
29208
28988
29208
28972
29188
29116
29164
29192
29152
29164
29132
29104
29112
29040
29188
29188
29108
29028
29188
29092
29088
29192
28972
29164
29188
29084
29092
29188
29104
29088
28972
29156
29104
29108
29036
29132
29084
29084
29116
29028
29208
29164
29272
29120
28984
29120
29036
29092
29036
29132
29020
29192
29148
28988
29084
29092
29268
29036
29020
29156
29036
29156
29084
29132
29028
28988
29116
29036
29128
29016
29124
29112
29028
29128
29028
29268
29112
29036
29108
29116
29072
29152
29084
29032
29124
29080
28984
29160
29032
29116
29204
29160
29204
29028
29184
28984
29104
29112
29112
28984
29144
29112
29268
29112
29184
29184
29208
29268
29112
29116
29160
29148
29180
29028
29128
29104
29264
29028
29152
29088
29100
29160
29088
29036
28976
29080
28980
29076
28964
29208
29080
29112
29008
28984
29076
29100
29108
29116
29124
29128
28964
28980
29116
29104
29076
29160
29028
29112
29108
43496
43540
43644
43528
43504
43492
43568
43404
43364
43540
43408
43412
43496
43488
43468
43492
43492
43460
43484
43452
43568
43540
43484
43564
43460
43348
43404
43464
43348
43500
43392
43356
43540
43496
43528
43360
43492
43496
43408
43564
43364
43496
43460
43488
43456
43460
43364
43464
43564
43416
43540
43408
43540
43496
43460
43584
43416
43408
43648
43356
43584
43396
43416
43412
43468
43408
43348
43584
43540
43492
43468
43584
43568
43496
43484
43456
43532
43588
43492
43392
43408
43496
43492
43404
43648
43360
43648
43400
43416
43568
43540
43584
43648
43488
43396
43404
43492
43644
43540
43528
43496
43492
43392
43464
43348
43460
43588
43640
43364
43348
43540
43360
43648
43504
43528
43536
43568
43496
43492
43532
43348
43540
43508
43528
43508
43528
43364
43360
43408
43460
43648
43464
43536
43496
43508
43560
43568
43496
43540
43504
43468
43588
43588
43464
43416
43496
43468
43456
43364
43528
43588
43356
43460
43648
43588
43640
43648
43416
43536
43456
43488
43396
43456
43344
43508
43496
43468
43356
43348
43364
43484
43476
43460
43588
43508
43536
43492
43468
43416
43344
43484
43396
43540
43504
43348
43484
43584
43528
43492
43460
43540
43640
43396
43468
43456
43564
43360
43492
43508
43456
43588
43496
43460
43404
43464
43540
43416
43480
43496
43540
43344
43500
43348
43588
43396
43492
43648
43648
43492
43644
43348
43404
43508
43476
43456
43396
43568
43456
43488
43464
43648
43504
43588
43460
43364
43360
43364
43412
43468
43456
43408
43408
43468
43528
43396
43396
43396
43488
43468
43468
43348
43480
43648
43392
43540
43560
43460
43496
43396
43476
43408
43416
43364
43476
43496
43536
43468
43528
43536
43484
43416
43528
43404
43568
43496
43644
43416
43496
43492
43360
43396
43364
43396
43528
43648
43480
43484
43564
43404
43644
43508
43344
43484
43364
43348
43360
43540
43588
43348
43644
43348
43540
43348
43492
43348
43460
43364
43360
43344
43532
43364
43504
43532
43348
43540
43492
43460
43588
43568
43532
43644
43348
43508
43564
43400
43460
43568
43364
43508
43408
43508
43644
43396
43588
43648
43464
43492
43584
43364
43464
43408
43456
43408
43644
43504
43504
43460
43524
43396
43540
43364
43340
43416
43536
43392
43392
43644
43532
43568
43560
43508
43496
43472
43496
43572
43416
43572
43408
43412
43400
43652
43648
43496
43420
43412
43464
43460
43544
43460
43364
43364
43420
43368
43532
43464
43400
43412
43468
43348
43536
43352
43480
43420
43396
43592
43484
43460
43592
43592
43648
3396
3328
3432
3340
3464
3328
3416
3324
3472
3296
3456
3392
3340
3296
3312
3296
3392
3440
3476
3324
3500
3468
3296
3580
3472
3336
3540
3328
3520
3324
3356
3416
3340
3328
3428
3416
3472
3520
3404
3348
3564
3400
3520
3424
3332
3384
3424
3384
3560
3320
3296
3412
3320
3484
3328
3456
3260
3412
3280
3264
3280
3568
3416
3456
3400
3332
3516
3484
3448
3420
3392
3424
3384
3456
3348
3332
3264
3420
3296
3328
3572
3412
3524
3336
3572
3436
3332
3292
3384
3432
3344
3412
3572
3276
3284
3324
3420
3396
3584
3424
3420
3420
3404
3516
3344
3388
3300
3460
3468
3336
3332
3388
3396
3516
3332
3388
3324
3384
3404
3576
3336
3292
3336
3496
3420
3424
3456
3396
3460
3292
3424
3392
3436
3432
3396
3432
3468
3292
3496
3344
3468
3396
3460
3276
3412
3460
3336
3292
3344
3436
3336
3276
3412
3468
3388
3396
3388
3272
3340
3436
3424
3336
3280
3276
3276
3336
3392
3576
3288
3292
3348
3424
3344
3492
3580
3320
3576
3436
3436
3388
3340
3496
3276
3456
3392
3424
3424
3456
3324
3292
3516
3512
3324
3344
3416
3276
3340
3436
3292
3468
3404
3452
3512
3404
3404
3336
3292
3312
3268
3380
3464
3380
3452
3448
3412
3416
3328
3428
3460
3428
3460
3424
3516
3412
3384
3388
3436
3456
3416
3324
3436
3488
3268
3336
3496
3404
3404
3416
3324
3380
3456
3484
3400
3332
3384
3396
3424
3456
3564
3324
3500
3376
3324
3276
3420
3448
3420
3332
3424
3280
3424
3400
3348
3564
3412
3400
3428
3380
3372
3452
3340
3400
3320
3332
3424
3424
3280
3412
3464
3384
3344
3332
3504
3476
3476
3476
3352
3444
3464
3504
3584
3444
3348
3524
3428
3468
3352
3444
3580
3524
3504
3428
3472
3340
3300
3420
3520
3524
3584
3524
3584
3280
3284
3420
3396
3444
3440
3344
3472
3344
3348
3428
3504
3516
3500
3428
3352
3580
3392
3500
3300
3328
3324
3344
3584
3392
3296
3424
3352
3428
3500
3424
3396
3400
3280
3396
3432
3392
3280
3580
3476
3296
3340
3472
3340
3472
3272
3412
3428
3440
3504
3344
3308
3444
3428
3468
3356
3420
3428
3468
3348
3332
3420
3300
3360
3584
3428
3476
3400
3284
3444
3400
3352
3396
3584
3428
3292
3340
3404
3420
3348
3424
3332
3584
3592
3280
3392
3344
3480
3300
4380
4556
4564
4424
4476
4360
4532
4484
4548
4476
4532
4600
4508
4380
4592
4584
4512
4484
4480
4524
4412
4664
4388
4484
4512
4552
4368
4380
4500
4584
4432
4380
4408
4512
4488
4512
4496
4424
4420
4664
4280
4300
4352
4344
4468
4476
4528
4404
4472
4344
4484
4344
4396
4348
4304
4352
4400
4396
4404
4584
4432
4332
4512
4420
4344
4300
4428
4520
4284
4428
4476
4432
4300
4328
4436
4524
4280
4300
4428
4440
4612
4560
4432
4672
4444
4596
4424
4436
4560
4568
4596
4524
4492
4496
4496
4420
4372
4432
4388
4492
4508
4524
4420
4440
4560
4568
4444
4392
4392
4376
4568
4536
4500
4444
4376
4524
4440
4676
4520
4568
4532
4684
4528
4608
4548
4604
4540
4436
4508
4688
4544
4524
4456
4536
4464
4520
4536
4500
4412
4404
4436
4524
4696
4576
4548
4524
4544
4436
4628
4508
4512
4436
4524
4624
4544
4608
4436
4456
4556
4548
4552
4504
4460
4456
4740
4508
4596
4660
4488
4484
4596
4584
4632
4740
4592
4680
4740
4588
4460
4624
4552
4560
4596
4680
4740
4680
4448
4584
4660
4600
4592
4740
4488
4684
4632
4440
4660
4456
4584
4620
4596
4360
4316
4360
4440
4448
4412
4348
4444
4368
4368
4368
4600
4408
4484
4540
4360
4480
4448
4316
4440
4600
4360
4444
4368
4412
4420
4516
4448
4600
4360
4360
4520
4460
4460
4356
4492
4448
4420
4484
4456
4452
4460
4312
4424
4432
4612
4468
4496
4612
4376
4552
4360
4424
4472
4460
4472
4308
4508
4492
4612
4612
4384
4612
4460
4504
4332
4380
4328
4528
4464
4360
4432
4456
4332
4356
4432
4456
4364
4328
4572
4640
4472
4532
4644
4572
4484
4604
4480
4644
4608
4612
4480
4640
4484
4580
4484
4472
4420
4556
4480
4664
4724
4532
4664
4424
4724
4564
4568
4536
4572
4552
4616
4584
4544
4468
4472
4536
4644
4640
4464
4476
4436
4600
4456
4464
4560
4568
4476
4592
4472
4456
4424
4476
4644
4548
4420
4552
4424
4568
4628
4544
4664
4628
4628
4544
4424
4552
4424
4600
4640
4520
4456
4648
4724
4708
4548
4644
4424
4568
4412
4392
4540
4532
4456
4540
4516
4392
4556
4444
4696
4444
4444
4616
4452
4588
4616
4580
4396
4416
4504
4456
4396
4516
4616
4464
4456
4616
4396
4396
4508
4508
4580
4580
4516
4396
4456
4696
4696
4576
5752
5852
5808
5852
5664
5756
5732
5628
5672
5760
5684
5668
5684
5660
5640
5728
5632
5736
5692
5912
5764
5760
5692
5760
5808
5752
5780
5612
5736
5776
5628
5732
5684
5616
5864
5724
5664
5916
5768
5832
5948
5836
5936
5800
5980
5908
5904
5968
5836
5932
6032
5932
5924
6028
6012
5780
5980
5936
6092
5832
5936
6028
5856
5928
5980
6028
5952
5832
5832
5788
5860
6000
6008
5944
6012
6024
5804
5924
5948
5784
5872
5760
6012
5876
5764
5908
6008
5892
6004
5764
6012
5980
5900
5924
5832
5892
5904
5884
5840
5808
5760
6000
5820
5900
5956
5956
5932
5828
5760
5956
5964
5952
5984
5780
5788
5904
6064
5812
5916
5904
5896
5728
5624
5784
5596
5780
5684
5740
5736
5592
5864
5780
5788
5736
5808
5608
5896
5652
5816
5752
5708
5896
5744
5784
5744
5612
5640
5608
5596
5780
5924
5772
5836
5744
5804
5592
5744
5640
5740
5704
5656
5796
5836
5636
5688
5776
5768
5828
5760
5688
5796
5776
5796
5756
5868
5796
5656
5880
5808
5780
5708
5796
5888
5856
5832
5656
5644
5796
5828
5788
5716
5752
5824
5748
5768
5704
5688
5688
5948
5852
5612
5900
5668
5780
5600
5900
5596
5732
5736
5616
5600
5784
5660
5668
5720
5712
5712
5660
5668
5736
5740
5792
5720
5596
5820
5600
5756
5812
5748
5736
5748
5836
5840
5748
5792
5716
5744
5648
5648
5716
5712
5672
5704
5756
5708
5712
5752
5784
5708
5632
5716
5708
5676
5748
5636
5804
5712
5784
5580
5564
5720
5632
5632
5756
5724
5712
5676
5748
5624
5712
5616
5580
5756
5804
5716
5684
5784
5784
5676
5712
5544
5504
5576
5492
5600
5520
5544
5452
5504
5496
5384
5516
5528
5384
5624
5384
5520
5524
5524
5384
5680
5572
5520
5448
5576
5624
5684
5432
5564
5400
5684
5492
5384
5504
5576
5620
5576
5400
5508
5528
5680
5740
5768
5752
5688
5664
5636
5832
5764
5688
5728
5752
5804
5668
5688
5632
5780
5756
5920
5916
5856
5668
5668
5760
5764
5840
5768
5836
5684
5684
5736
5664
5740
5812
5840
5660
5620
5684
5764
5764
5796
5888
5700
5660
5836
5836
5668
5760
5800
5764
5800
5716
5668
5796
5788
5784
5812
5652
5792
5796
5840
5652
5788
5664
5764
5796
5836
5832
5800
5840
5844
5836
5668
5812
5796
5828
5812
5772
5772
5868
13948
13948
14028
13976
13952
13900
13892
14024
14056
14076
13956
13968
14016
14020
14064
14072
14052
14076
13992
13948
14028
14020
13964
13892
13896
13956
13992
14016
13904
14028
13956
13992
14016
13884
14060
13980
13952
14056
13904
13880
13832
13856
13728
13764
13948
13708
13896
13704
13820
13944
13836
14000
13928
13840
13764
13768
13868
13844
13712
13824
13892
13848
13836
13704
13756
13840
13900
13860
13852
13724
13936
13896
14008
13756
13864
13944
13724
13828
13828
13764
12824
12764
12916
12760
12876
12780
12916
12760
12900
12764
12892
12776
13064
12908
12916
13000
12824
12956
12884
12904
12948
12984
12820
12808
12952
12824
12884
12808
13060
13004
12892
12776
12956
12880
12884
12880
12832
12912
12772
12760
14076
13948
14092
13932
14052
13960
14036
14008
13908
14040
13960
14036
13952
14188
14016
13888
14012
13952
14080
13936
13908
14004
14080
14124
14000
14112
14084
14076
13904
14112
13916
14036
14000
14076
14120
14108
13940
14128
14084
13936
13916
13964
13972
13900
13916
14072
13964
13888
14072
13892
13892
13960
14012
13884
13824
13912
13836
13920
14080
13888
13916
13908
13968
13948
13840
13916
13828
13884
13920
13820
13924
13768
13884
13928
13920
13824
13932
13832
13776
13876
14028
13916
13900
14060
13888
13976
14036
14080
13904
13980
14152
14140
14028
14064
13976
14060
13988
13980
13968
14140
13844
13900
13852
14140
13952
14064
14072
13952
13912
13896
13868
13856
14144
14060
14000
14080
13956
13988
14036
13900
14220
14016
14024
14116
14160
14124
14124
14236
14048
14192
14164
14152
14000
14144
14164
14056
14068
14160
14152
14216
14068
14240
14156
14104
14216
14216
14144
14052
14016
14184
14056
14116
14156
14012
14200
14060
14136
14112
14224
13996
12368
12512
12460
12392
12496
12352
12496
12468
12544
12648
12512
12464
12468
12464
12364
12532
12592
12368
12496
12396
12496
12368
12592
12648
12400
12512
12420
12468
12420
12592
12544
12416
12464
12536
12416
12408
12412
12512
12412
12416
13584
13360
13408
13532
13524
13412
13648
13560
13580
13400
13540
13400
13560
13504
13532
13452
13480
13356
13532
13452
13464
13464
13468
13456
13564
13492
13480
13496
13408
13480
13484
13484
13356
13456
13416
13404
13536
13488
13484
13384
13980
13988
14092
14012
13980
14052
13992
13880
14016
14168
13868
14164
14028
13980
13984
14104
14028
13884
14168
13928
14016
13916
14172
14000
14052
13884
14016
13880
13884
14012
14032
14008
14016
14056
14004
14104
14004
14088
14172
14104
22912
22716
22720
22816
22688
22732
22784
22784
22740
22912
22688
22860
22912
22860
22780
22804
22820
22820
22912
22728
22740
22856
22972
22668
22912
22740
22740
22780
22972
22812
22796
22684
22828
22820
22892
22888
22740
22728
22684
22908
21484
21636
21424
21592
21636
21636
21484
21468
21576
21432
21584
21648
21472
21636
21424
21712
21528
21556
21544
21548
21472
21412
21544
21424
21564
21412
21484
21596
21528
21712
21724
21656
21636
21432
21488
21572
21484
21600
21440
21524
22512
22644
22472
22696
22584
22520
22700
22408
22592
22544
22448
22696
22548
22620
22400
22616
22544
22508
22560
22536
22560
22544
22544
22440
22512
22552
22560
22464
22560
22640
22508
22576
22592
22640
22520
22440
22444
22592
22536
22504
21516
21424
21424
21368
21504
21576
21424
21488
21492
21512
21472
21352
21416
21596
21580
21544
21488
21596
21404
21420
21516
21576
21520
21464
21404
21404
21428
21544
21656
21656
21360
21476
21656
21468
21552
21588
21496
21356
21504
21572
20080
19960
20080
19960
20020
19972
20080
19844
19900
19928
19780
19964
19916
19964
19972
19924
19928
19892
20000
19956
19916
19968
19920
19892
20000
19892
19848
19836
19840
20020
19916
19888
19936
19792
19900
19956
19940
19964
19924
19824
20968
21048
20824
20804
20796
20764
20908
20804
20816
20892
20952
20744
20940
20992
20812
20880
20932
20860
20984
20888
20880
20968
20780
20744
20808
20808
20948
21044
20872
20764
20832
20856
20928
20940
20912
20812
20904
20816
20764
21040
20756
20736
20748
20708
20760
20660
20820
20664
20720
20600
20744
20732
20736
20720
20732
20788
20792
20600
20820
20716
20616
20720
20720
20744
20612
20648
20668
20612
20840
20656
20840
20656
20712
20748
20784
20780
20712
20756
20648
20708
21212
21232
21120
21208
21152
21288
21300
21228
21136
21040
21112
21108
21152
21060
21056
21104
21104
21232
21000
21172
21136
21288
21192
21148
21232
21036
21056
21048
21136
21056
21296
21108
21056
21292
21184
21228
21292
21176
21000
21036
22520
22544
22476
22464
22448
22448
22476
22504
22468
22620
22600
22556
22592
22584
22628
22444
22560
22636
22628
22444
22584
22416
22628
22532
22620
22584
22648
22396
22620
22560
22516
22392
22512
22520
22600
22540
22556
22544
22516
22412
18456
18592
18492
18584
18632
18664
18492
18500
18632
18488
18624
18560
18504
18604
18588
18588
18584
18444
18492
18560
18460
18584
18512
18740
18564
18488
18636
18588
18500
18588
18664
18552
18664
18560
18664
18440
18556
18588
18588
18556
68940
68796
68904
68968
68964
68972
68800
68916
68828
68828
68904
68888
68972
68840
68928
68820
68780
68924
68780
68960
69000
68924
68840
68936
68836
68972
68928
68912
68828
69080
68920
68996
68796
69076
68832
68916
69020
68996
68828
68824
71420
71492
71596
71480
71460
71316
71312
71404
71444
71444
71484
71312
71484
71364
71484
71536
71492
71416
71460
71512
71448
71436
71360
71596
71596
71520
71444
71516
71492
71364
71368
71532
71416
71520
71356
71596
71540
71480
71460
71436
70708
70708
70848
70764
70808
70804
70876
70828
70708
70832
70672
70788
70664
70836
70848
70752
70948
70832
70896
70832
70840
70888
70724
70836
70808
70832
70896
70832
70808
70648
70848
70656
70888
70884
70792
70756
70760
70808
70672
70788
72504
72504
72328
72244
72444
72336
72328
72420
72396
72272
72344
72200
72340
72316
72268
72248
72336
72324
72256
72420
72364
72252
72352
72268
72424
72360
72328
72268
72272
72204
72320
72360
72200
72272
72424
72392
72504
72272
72448
72264
74716
74592
74768
74592
74692
74724
74744
74720
74580
74596
74692
74592
74740
74716
74588
74716
74696
74716
74720
74592
74728
74740
74600
74620
74876
74596
74804
74760
74724
74688
74732
74736
74640
74880
74740
74636
74736
74740
74632
74732
72168
71984
72004
72164
71924
71984
71976
72056
71884
71928
72104
71924
72108
71928
72012
72048
72024
71980
71980
72008
72060
71992
72168
71924
72052
72012
71928
72008
71932
72004
72016
71924
72088
71884
71884
72048
72048
72108
71988
72048
60676
60776
60752
60676
60696
60780
60576
60772
60704
60668
60576
60776
60608
60860
60752
60624
60704
60620
60620
60612
60860
60620
60704
60692
60628
60776
60780
60792
60796
60696
60628
60704
60576
60800
60800
60668
60800
60576
60720
60856
66988
66804
66824
66920
67100
66872
66824
66864
66948
67044
66940
66800
66948
66948
67108
66920
66964
66960
66996
66864
66872
67044
66968
66920
66916
66872
66808
66860
66864
67104
66804
67036
66872
66860
66804
66992
66816
66984
66944
66796
54664
54612
54664
54608
54816
54896
54816
54836
54812
54728
54756
54740
54656
54788
54612
54812
54716
54740
54756
54700
54644
54652
54708
54660
54756
54708
54740
54592
54836
54788
54708
54832
54896
54744
54896
54660
54656
54896
54740
54728
74232
74172
74124
74164
74092
74080
74000
74036
74124
73944
74240
74040
73932
73932
73940
73928
74124
74088
73996
73996
74088
73948
74052
74072
74080
74092
74008
74064
73948
73932
74160
73928
74092
74124
73956
74108
74232
74232
73996
74148
37708
37640
37592
37532
37524
37520
37680
37668
37580
37764
37660
37536
37820
37636
37584
37820
37636
37656
37684
37664
37540
37584
37672
37636
37680
37668
37684
37676
37588
37584
37540
37712
37584
37524
37592
37680
37740
37684
37572
37536
29744
29680
29740
29868
29776
29692
29692
29772
29792
29644
29740
29696
29680
29788
29748
29788
29748
29780
29792
29848
29872
29700
29776
29748
29692
29648
29776
29644
29744
29792
29816
29648
29648
29776
29852
29676
29752
29776
29700
29924
39836
39760
39836
39884
39996
39692
39844
39812
39804
39760
39844
39828
39740
39756
39936
39912
39884
39764
39936
39908
39712
39844
39844
39908
39696
39880
39756
39740
39844
39888
39836
39836
39832
39692
39812
39876
39696
39936
39716
39804
37468
37340
37516
37336
37444
37440
37564
37388
37624
37336
37336
37468
37508
37484
37436
37388
37460
37472
37516
37616
37564
37468
37544
37452
37340
37508
37540
37544
37460
37540
37620
37440
37388
37320
37444
37388
37540
37388
37460
37432
30820
30616
30616
30756
30660
30788
30616
30652
30744
30600
30660
30740
30712
30836
30816
30656
30720
30720
30784
30756
30720
30748
30668
30896
30780
30896
30744
30708
30840
30668
30660
30756
30648
30820
30616
30716
30716
30748
30660
30744
27732
27664
27744
27780
27664
27732
27752
27604
27612
27728
27732
27704
27744
27756
27756
27784
27656
27656
27788
27752
27612
27836
27716
27732
27816
27788
27740
27808
27780
27896
27832
27712
27728
27896
27712
27812
27744
27744
27756
27740
35664
35572
35504
35800
35724
35552
35552
35720
35648
35640
35504
35800
35648
35520
35696
35684
35688
35624
35648
35544
35520
35648
35624
35640
35624
35664
35504
35620
35628
35640
35620
35648
35624
35648
35504
35736
35552
35520
35688
35640
29940
29988
29984
29940
29916
29964
29848
29948
29920
30040
29852
29984
30024
29848
29952
29984
30104
30104
29816
29844
29984
29916
29804
29948
29820
29852
29952
29860
29952
29872
29988
29916
29820
29952
29948
29800
29852
29940
29964
29860
31332
31248
31244
31176
31352
31272
31352
31404
31124
31272
31304
31220
31156
31332
31168
31408
31168
31332
31128
31292
31332
31112
31180
31168
31332
31128
31180
31248
31332
31128
31180
31248
31296
31224
31232
31180
31304
31248
31248
31172
33472
33608
33716
33604
33488
33488
33524
33524
33620
33660
33620
33536
33712
33536
33712
33612
33488
33608
33524
33768
33608
33656
33524
33528
33632
33656
33660
33612
33592
33616
33716
33480
33664
33616
33716
33612
33608
33488
33660
33600
18472
18652
18456
18540
18544
18532
18480
18468
18596
18428
18632
18552
18604
18480
18548
18524
18632
18604
18548
18552
18480
18628
18712
18468
18532
18532
18548
18472
18412
18712
18548
18468
18596
18572
18556
18420
18428
18632
18712
18556
22192
22328
22184
22316
22364
22472
22280
22168
22288
22308
22352
22280
22284
22364
22364
22284
22232
22188
22240
22304
22220
22172
22288
22280
22168
22308
22332
22360
22232
22228
22316
22288
22240
22332
22188
22468
22232
22232
22240
22184
24044
23904
23900
23996
24016
24000
24016
24152
24012
23968
24004
23968
24048
23868
23904
23996
24076
24156
24036
24000
23924
23916
23856
24092
24048
23976
24044
23972
24004
23924
23964
23988
24048
23992
23996
23900
23872
23996
24040
24044
25120
25120
24956
24960
24980
24968
24932
24828
24932
25040
24956
24816
24960
24932
24816
24832
24968
24964
24940
24952
24968
24928
25120
25056
24932
25120
25060
25000
24956
25120
25040
24812
24956
24932
24980
24964
25012
24888
24968
24936
20116
20060
20024
20172
19936
20008
20036
20172
19932
19936
20020
20088
20012
20176
20020
20008
20176
20096
19984
19888
20012
20036
20024
20008
20036
20020
19996
20032
19924
19944
19988
19992
19920
19936
20176
19984
20060
20068
20064
19932
22148
22208
21980
22088
22128
21904
22152
21972
22144
21924
22152
22048
21908
21924
22048
22124
22100
22028
21928
22048
22092
22056
22056
21972
21908
21964
22152
22088
21964
21976
22132
22048
22052
22092
21972
22144
22068
21908
22060
21952
25432
25368
25320
25460
25540
25620
25388
25464
25556
25540
25540
25500
25540
25332
25456
25424
25440
25456
25464
25428
25508
25432
25456
25616
25332
25368
25620
25448
25504
25456
25504
25372
25500
25432
25464
25508
25320
25320
25316
25464
18248
18200
18252
18352
18212
18200
18280
18272
18168
18200
18060
18292
18192
18192
18244
18272
18172
18056
18220
18352
18100
18352
18196
18244
18196
18192
18180
18120
18164
18056
18244
18236
18176
18188
18168
18048
18216
18240
18180
18052
20780
20720
20972
20848
20732
20732
20856
20904
20808
20808
20820
20968
20908
20860
20792
20684
20864
20672
20832
20716
20820
20892
20780
20728
20804
20912
20720
20852
20732
20780
20792
20736
20672
20808
20784
20812
20668
20732
20972
20968
22848
22908
23024
22940
22944
23024
22884
22868
22720
22916
22920
23020
22768
22860
22872
22904
22884
22868
22872
22904
22844
22844
22744
22720
22872
22860
22872
22956
22964
22860
22728
22860
22772
22916
23024
22836
22916
22836
22872
22836
24488
24296
24364
24428
24356
24516
24340
24292
24404
24480
24408
24412
24296
24408
24480
24436
24484
24412
24536
24480
24456
24296
24480
24476
24364
24360
24416
24292
24292
24312
24512
24340
24344
24444
24416
24484
24364
24412
24312
24308
28952
28928
28872
28924
28824
29028
29032
28996
28968
28820
28972
28948
28928
28808
28860
28952
28916
29108
28956
28924
28992
28992
28876
28820
28808
28952
28944
28920
29108
28824
28860
29104
28824
28992
28880
29044
28824
28804
29032
28916
37560
37484
37640
37472
37528
37524
37404
37392
37560
37460
37340
37468
37356
37640
37352
37480
37532
37484
37556
37396
37460
37528
37340
37496
37488
37484
37580
37336
37476
37476
37388
37352
37488
37484
37400
37472
37532
37484
37640
37404
33408
33232
33304
33124
33296
33180
33268
33108
33172
33180
33360
33168
33412
33224
33136
33264
33232
33232
33256
33348
33112
33260
33264
33292
33180
33160
33136
33328
33248
33248
33280
33108
33292
33304
33184
33168
33412
33248
33180
33268
32036
32104
32068
32100
32216
32112
31992
32076
31920
32076
32160
32060
32040
31988
32108
31964
31936
32160
31924
32056
32220
32160
32044
32064
32220
31964
32044
32036
32064
31988
32068
32036
32052
32156
32116
32052
31936
32056
32116
32216
33152
33136
33264
33152
33204
33036
33140
33064
33080
33168
33164
33016
33016
33176
33164
33032
33212
33240
33204
33156
33076
33140
33088
33124
33020
33084
33180
33256
33068
33204
33208
33060
33176
33176
33076
33032
33016
33180
33256
33064
29604
29576
29472
29752
29576
29472
29472
29748
29752
29696
29604
29672
29592
29600
29616
29508
29676
29472
29504
29568
29644
29504
29472
29464
29756
29576
29452
29452
29676
29604
29568
29560
29696
29640
29616
29612
29640
29516
29564
29512
36104
36184
36044
36056
35988
36112
36044
36172
36176
35992
35996
36136
36176
36176
36188
36148
36292
36292
36156
36172
36008
36008
36188
35988
36128
36060
36112
36100
36208
36140
36156
36288
36152
36176
36044
36132
36212
36048
36156
36172
33824
33876
33788
33696
33784
33780
33800
33696
33784
33880
33788
33704
33824
33640
33804
33700
33708
33788
33832
33636
33636
33880
33764
33756
33636
33684
33864
33700
33780
33752
33712
33744
33880
33684
33804
33748
33780
33776
33644
33748
25848
26088
25860
25928
25900
25832
25856
25976
25924
26088
26012
25796
25804
25904
25864
25796
25788
26008
25944
25972
25852
25944
25988
26004
26008
26028
25932
25976
25900
25788
25812
25800
25920
26008
25944
25928
25788
26028
25980
25852
3476
3360
3480
3412
3428
3292
3368
3440
3448
3360
3512
3360
3440
3452
3336
3436
3428
3436
3480
3436
3428
3404
3368
3484
3452
3528
3388
3356
3412
3592
3560
3308
3308
3532
3376
3436
3484
3476
3464
3512
3432
3492
3336
3292
3456
3388
3328
3344
3332
3460
3340
3496
3496
3320
3500
3384
3424
3436
3440
3276
3432
3288
3416
3420
3432
3412
3500
3492
3516
3292
3460
3492
3272
3340
3472
3340
3388
3432
3580
3320
3536
3516
3456
3404
3436
3296
3328
3596
3360
3512
3552
3356
3480
3416
3448
3408
3444
3308
3552
3592
3440
3480
3456
3312
3432
3344
3496
3360
3356
3516
3504
3440
3516
3536
3432
3480
3408
3444
3456
3480
3488
3516
3328
3292
3440
3484
3372
3596
3476
3536
3372
3296
3456
3408
3380
3312
3536
3440
3552
3408
3456
3416
3380
3360
3440
3356
3432
3596
3516
3532
3532
3356
3432
3476
3504
3364
3440
3296
3328
3360
3292
3592
3500
3452
3400
3428
3424
3340
3340
3532
3428
3292
3480
3404
3356
3436
3532
3428
3424
3484
3512
3532
3452
3592
3356
3436
3356
3508
3428
3408
3604
3404
3508
3428
3308
3360
3404
3304
3376
3292
3460
3600
3432
3520
3520
3348
3376
3600
3412
3460
3436
3316
3356
3456
3476
3600
3520
3300
3376
3412
3296
3436
3464
3436
3312
3448
3384
3600
3444
3444
3316
3460
3360
3444
3424
3368
3492
3364
3476
3412
3288
3572
3572
3460
3396
3456
3576
3412
3276
3388
3456
3420
3276
3432
3272
3572
3336
3336
3496
3276
3412
3340
3412
3576
3420
3292
3496
3416
3468
3420
3344
3388
3420
3460
3420
3576
3324
3332
3336
3332
3508
3336
3408
3348
3432
3304
3356
3336
3472
3448
3440
3404
3288
3588
3412
3524
3472
3448
3444
3304
3528
3336
3296
3432
3424
3528
3440
3396
3348
3424
3296
3528
3348
3300
3432
3356
3524
3424
3416
3528
3488
3412
3348
3344
3440
3408
3364
3348
3460
3416
3424
3444
3368
3300
3372
3420
3484
3368
3436
3492
3484
3412
3320
3368
3412
3540
3604
3460
3420
3368
3544
3444
3520
3480
3372
3540
3540
3316
3372
3488
3592
3360
3352
3440
3440
3480
3464
3432
3432
3292
3544
3416
3296
3480
3440
3516
3440
3428
3436
3412
3416
3296
3412
3312
3456
3432
3600
3432
3480
3364
3320
3416
3516
3432
3496
3536
3416
3596
3524
3452
4532
4480
4652
4480
4656
4520
4588
4532
4656
4604
4612
4460
4612
4600
4660
4572
4464
4656
4660
4580
4512
4704
4708
4480
4464
4580
4580
4684
4608
4600
4684
4644
4684
4480
4580
4528
4624
4608
4480
4480
4712
4668
4616
4828
4716
4592
4692
4676
4680
4772
4596
4676
4676
4688
4692
4668
4716
4544
4684
4772
4752
4716
4784
4644
4652
4680
4616
4832
4672
4680
4608
4648
4676
4600
4596
4724
4752
4724
4596
4768
4536
4680
4544
4600
4596
4656
4656
4552
4536
4584
4840
4680
4648
4684
4688
4728
4696
4648
4704
4696
4680
4684
4612
4656
4596
4656
4604
4836
4648
4680
4676
4584
4720
4656
4732
4668
4596
4776
4688
4696
4688
4464
4748
4448
4688
4580
4632
4448
4508
4560
4604
4504
4492
4464
4464
4560
4568
4668
4568
4592
4464
4496
4688
4568
4568
4516
4444
4640
4668
4588
4464
4688
4608
4744
4592
4664
4688
4628
4596
4748
4640
4740
4680
4532
4676
4568
4724
4816
4764
4640
4728
4704
4516
4520
4684
4816
4632
4632
4652
4632
4520
4816
4648
4820
4580
4584
4584
4676
4588
4568
4648
4680
4652
4668
4680
4820
4680
4704
4776
4576
4764
4592
4720
4656
4592
4636
4540
4824
4708
4684
4712
4824
4592
4824
4596
4520
4644
4592
4716
4520
4820
4588
4676
4584
4636
4660
4528
4572
4644
4764
4716
4572
4588
4764
4596
4716
4680
4712
4712
4644
4436
4540
4436
4536
4636
4720
4468
4600
4604
4468
4568
4432
4608
4556
4604
4608
4564
4568
4604
4656
4436
4540
4636
4632
4532
4480
4420
4552
4476
4660
4568
4416
4424
4568
4720
4484
4436
4556
4656
4472
4604
4576
4612
4476
4520
4476
4512
4680
4528
4504
4572
4604
4620
4528
4532
4620
4608
4644
4524
4644
4640
4476
4520
4644
4528
4760
4608
4472
4508
4604
4604
4572
4596
4508
4656
4644
4644
4680
4512
4648
4620
4532
4596
4636
4588
4720
4496
4524
4776
4540
4540
4712
4636
4476
4600
4632
4544
4524
4780
4776
4600
4536
4600
4772
4776
4620
4480
4668
4668
4536
4664
4712
4612
4624
4776
4668
4636
4624
4540
4620
4808
4688
4656
4648
4692
4628
4624
4624
4808
4644
4580
4644
4688
4656
4624
4724
4572
4576
4632
4744
4620
4576
4660
4644
4624
4616
4652
4800
4508
4644
4752
4640
4556
4620
4696
4520
4644
4508
4672
4644
6004
5780
5956
5980
5896
5832
5876
5908
5780
5872
5900
5876
5884
5876
6064
6060
5832
5980
5948
5904
5948
5984
6064
5944
5900
5952
5824
5904
5764
5872
5908
5760
5948
5948
5828
5820
5912
5900
5912
5892
6060
6120
6012
5936
5992
6072
6056
5888
6024
5940
6196
5876
6180
6120
6004
6172
5876
5896
5964
5988
5896
5924
6036
6112
5880
6072
6040
6008
5896
5940
5944
6096
6072
5944
6116
5992
6024
6040
6080
5924
5836
5952
5880
5912
5876
5836
5824
5984
5880
6008
5904
5824
5824
6004
5884
5808
5988
5836
5816
5764
5816
5768
5816
5924
5888
5828
5988
5924
5768
5784
5888
5808
5768
5836
5988
5884
5884
5912
5828
5948
6120
5964
6012
5952
6004
5964
5828
5976
5868
5964
5972
5872
6060
5980
5888
5936
5816
5820
5936
5864
5984
5976
5936
6032
5868
5864
5896
5816
6004
5932
5828
6008
5980
5936
5828
5864
5960
6004
5844
6112
5836
5952
6000
5956
5960
5820
5940
6036
5932
6040
5968
5996
6060
6056
5968
5976
6004
5928
5880
6000
6000
5980
5880
6000
5836
6004
5956
6056
5940
6116
5932
5864
6040
6040
5868
6060
5836
5888
6060
5928
5936
6012
6184
6160
5928
6104
5952
6000
6012
5868
5900
6004
5980
5980
5896
6024
5916
5868
5900
5880
6004
5936
5928
6084
5916
5912
6016
5928
5916
5916
5948
6012
6060
6008
5900
5924
6084
5988
5884
5932
6028
5980
5924
5972
6028
6016
5988
6012
5916
6012
5988
6048
5936
6088
5872
6164
6108
6016
6024
6160
6088
5936
5932
6164
5884
5988
5888
5932
5936
6052
6096
6160
5928
5916
6060
6084
6088
6052
5876
5928
5748
5740
5924
5916
5904
5832
5744
5696
5820
5924
5732
5824
5904
5868
5924
5920
5796
5840
5924
5680
5796
5732
5924
5796
5924
5680
5876
5680
5920
5684
5828
5740
5876
5840
5904
5916
5700
5868
5844
5788
6152
5912
5868
6068
6152
6088
5996
6004
6072
6148
5852
6040
5920
6092
5984
6008
5900
6072
5988
5960
5972
5988
6000
5964
6072
5868
5920
5864
6072
5912
5972
6148
5852
5964
5868
5992
5912
5964
5868
6032
5880
5912
5812
5896
5872
5812
6068
5816
5764
5948
5904
5820
5820
5764
5960
5760
5780
5948
5888
5808
6000
5984
5780
5880
5920
5948
5824
5820
5876
6004
5960
5904
6008
5884
5952
5760
6064
5884
5812
5816
15052
15048
15168
15012
14984
15172
15060
14860
15108
15000
14916
14880
15108
15088
15108
15052
15060
14988
15056
14984
14912
15016
15060
14976
15016
14884
15104
15104
14916
15004
14868
15104
15088
14916
15028
15024
15060
14936
15168
14984
14588
14292
14432
14352
14472
14292
14428
14480
14412
14476
14404
14504
14292
14452
14452
14424
14360
14360
14432
14472
14428
14532
14352
14528
14512
14452
14532
14332
14452
14436
14436
14408
14512
14452
14292
14288
14432
14352
14440
14432
14316
14240
14232
14324
14312
14188
14308
14168
14364
14472
14172
14360
14308
14332
14240
14280
14364
14188
14316
14216
14392
14392
14364
14216
14308
14316
14232
14236
14220
14172
14292
14360
14356
14328
14308
14348
14392
14356
14412
14316
14620
14624
14616
14572
14696
14720
14616
14740
14704
14704
14616
14792
14680
14780
14808
14688
14716
14796
14636
14748
14744
14744
14760
14612
14720
14744
14728
14604
14608
14608
14728
14672
14720
14608
14688
14612
14744
14860
14624
14692
14256
14236
14496
14332
14428
14332
14332
14420
14336
14404
14328
14344
14236
14332
14212
14200
14428
14336
14388
14368
14236
14428
14388
14304
14308
14484
14316
14232
14256
14244
14496
14368
14428
14336
14388
14368
14332
14380
14256
14244
14188
14288
14444
14204
14304
14140
14364
14188
14280
14292
14144
14200
14276
14192
14144
14440
14324
14336
14444
14272
14188
14360
14332
14296
14252
14192
14288
14440
14288
14364
14288
14156
14204
14160
14384
14248
14204
14256
14264
14276
14840
14720
14664
14756
14648
14600
14620
14656
14840
14708
14656
14664
14896
14656
14624
14664
14648
14720
14752
14708
14816
14792
14624
14784
14712
14708
14740
14812
14720
14736
14744
14784
14788
14820
14720
14716
14760
14744
14792
14832
14860
14932
14984
14796
14984
14960
14932
14880
14788
14860
14764
14804
14888
14756
14940
15036
14800
14884
15044
14784
14756
14852
14908
14804
14876
14904
14932
14952
14756
14788
14880
14852
14852
15040
14908
14736
14924
14960
14816
14928
14908
14988
15056
14808
14864
14768
15000
14796
14900
14812
14940
14764
14868
14864
14872
14988
14800
14752
15060
14940
14872
14968
14824
14988
14992
14972
14776
14988
14936
14896
14776
14860
14888
14972
14760
14880
14992
14768
15060
14864
12652
12508
12508
12600
12792
12788
12652
12708
12604
12652
12676
12636
12792
12628
12732
12536
12536
12672
12508
12504
12604
12492
12676
12624
12640
12628
12792
12632
12636
12636
12628
12532
12732
12636
12792
12624
12652
12560
12728
12600
22972
23052
23168
22920
22980
23004
23004
23000
22876
22996
23108
22988
23020
22980
22864
23048
23016
22920
23028
22856
23016
22928
23028
22968
23048
23080
23164
22976
23044
22872
22868
23000
22924
22972
23060
22904
22996
22996
22868
22968
23520
23524
23580
23456
23760
23580
23608
23472
23460
23476
23596
23640
23608
23476
23604
23504
23568
23572
23520
23600
23680
23644
23760
23568
23460
23528
23476
23516
23476
23528
23760
23524
23644
23528
23760
23528
23616
23592
23528
23472
23552
23576
23744
23696
23616
23728
23704
23616
23556
23644
23536
23564
23652
23556
23716
23616
23652
23628
23764
23744
23692
23808
23644
23664
23576
23728
23588
23724
23668
23808
23716
23648
23648
23620
23636
23648
23620
23640
23716
23504
23408
23504
23456
23400
23608
23440
23396
23500
23552
23512
23532
23544
23440
23392
23408
23532
23552
23612
23556
23548
23388
23580
23612
23456
23612
23576
23636
23628
23540
23608
23412
23572
23584
23612
23456
23436
23536
23536
23696
23576
23196
23140
23132
23060
23060
23052
23120
23068
23020
23124
23132
23000
23124
23068
23120
23048
23048
23064
23012
23144
23144
23124
23156
23160
23148
23112
23124
23148
23020
23052
23144
23120
23064
23124
23308
23148
23164
23004
23192
23120
24024
24080
24056
23928
24024
23912
24000
24080
23912
23912
23912
24020
23912
23860
23880
24080
24008
24024
24048
23856
24012
23928
24012
24080
23908
24084
24024
24076
24164
24020
24160
23928
23912
23972
24084
23980
24012
24100
24048
23876
24188
24188
24096
24264
24116
24192
24236
24180
24108
24192
24184
24200
24284
24344
24160
24104
24228
24232
24064
24204
24268
24116
24164
24236
24264
24064
24048
24092
24184
24236
24196
24264
24188
24116
24196
24156
24096
24196
24196
24060
23164
23084
23068
23164
23080
23180
23208
23064
23316
23212
23236
23208
23240
23032
23132
23176
23036
23140
23152
23016
23212
23064
23080
23076
23140
23156
23156
23256
23136
23156
23180
23208
23212
23020
23140
23208
23208
23068
23084
23136
22688
22544
22616
22792
22688
22688
22564
22628
22688
22496
22496
22676
22544
22496
22552
22652
22608
22656
22680
22636
22644
22716
22796
22628
22616
22612
22684
22652
22652
22640
22544
22608
22796
22512
22544
22676
22556
22796
22716
22536
24268
24388
24432
24424
24328
24416
24432
24400
24568
24324
24488
24504
24284
24404
24416
24400
24336
24328
24508
24376
24280
24488
24572
24560
24316
24404
24380
24500
24504
24508
24272
24376
24268
24488
24392
24324
24460
24428
24456
24504
78352
78260
78332
78188
78376
78208
78524
78348
78372
78432
78364
78308
78428
78304
78220
78488
78336
78252
78220
78188
78248
78412
78456
78428
78328
78432
78332
78412
78432
78376
78364
78404
78340
78252
78404
78332
78340
78304
78220
78248
79616
79536
79436
79420
79556
79524
79592
79532
79536
79436
79488
79516
79496
79676
79392
79440
79520
79672
79568
79432
79392
79596
79556
79508
79444
79596
79592
79420
79376
79496
79568
79436
79512
79508
79612
79592
79496
79676
79568
79436
77112
76992
77136
77040
77020
77032
77048
77160
77272
77044
77292
77040
77092
76976
77140
77120
77216
77096
77128
77088
77124
77036
77232
77020
77044
77276
77112
77032
76988
77160
77208
77116
77196
77044
77108
77132
77124
77168
77104
77212
76252
76308
76436
76544
76264
76320
76252
76360
76312
76376
76552
76488
76320
76552
76372
76408
76400
76372
76300
76392
76492
76440
76400
76364
76320
76316
76488
76392
76400
76552
76412
76296
76296
76300
76472
76248
76396
76552
76492
76436
79416
79240
79356
79304
79356
79308
79340
79412
79492
79340
79340
79384
79264
79496
79256
79260
79492
79312
79496
79336
79332
79316
79356
79408
79264
79260
79256
79208
79340
79496
79432
79492
79416
79336
79436
79428
79492
79380
79196
79312
80384
80464
80404
80400
80380
80464
80404
80480
80400
80260
80404
80388
80260
80480
80244
80288
80304
80428
80432
80476
80464
80240
80384
80476
80436
80464
80380
80376
80360
80300
80260
80360
80480
80380
80388
80540
80404
80544
80240
80352
73540
73540
73748
73764
73668
73592
73688
73536
73672
73644
73712
73816
73660
73680
73748
73652
73716
73572
73588
73760
73684
73664
73748
73708
73672
73716
73768
73760
73712
73632
73588
73664
73660
73644
73688
73536
73672
73540
73720
73628
76024
75864
75928
76044
76052
76056
76064
76156
76008
76104
76072
75920
76084
75932
76020
76080
75984
76164
75948
76048
76000
75976
76096
76016
76008
76080
75880
75980
76000
76048
75880
76020
75912
75932
76072
76004
76104
76012
76064
75920
77408
77348
77432
77320
77428
77428
77304
77232
77488
77488
77432
77400
77236
77300
77260
77232
77308
77336
77352
77296
77336
77380
77304
77368
77248
77184
77192
77300
77236
77348
77384
77240
77320
77348
77492
77248
77488
77380
77208
77480
79128
79004
79088
79088
78944
78960
78988
79084
79240
79012
79056
78956
78960
79132
79104
79160
78956
79128
79128
79132
79180
79104
79012
79008
79092
78944
79012
79084
79184
79244
79088
79096
79084
79004
79056
78956
78960
79088
79080
79132
42256
42260
42332
42156
42112
42296
42248
42220
42268
42156
42304
42108
42296
42272
42224
42164
42232
42256
42224
42252
42244
42332
42124
42324
42272
42124
42300
42220
42232
42248
42232
42300
42296
42332
42232
42328
42352
42160
42248
42348
35360
35496
35608
35544
35460
35368
35612
35352
35504
35552
35456
35368
35372
35372
35608
35368
35532
35444
35548
35356
35380
35356
35612
35428
35368
35456
35328
35320
35552
35552
35444
35368
35532
35612
35448
35376
35448
35612
35432
35468
38480
38536
38440
38720
38644
38664
38724
38656
38568
38660
38572
38480
38536
38472
38480
38564
38440
38608
38572
38600
38616
38576
38424
38540
38424
38616
38440
38436
38568
38536
38568
38468
38536
38604
38612
38608
38644
38664
38720
38564
42172
42124
42148
42200
42252
42124
42124
42228
42152
42012
42024
42128
42204
42012
42252
42200
42232
42172
42312
42128
42060
42232
42124
42244
42156
42228
42252
42128
42160
42196
42232
42152
42124
42196
42172
42168
42196
42068
42204
42304
40784
40672
40720
40668
40784
40852
40908
40856
40784
40784
40832
40788
40716
40832
40892
40668
40808
40860
40720
40852
40728
40684
40856
40736
40672
40808
40784
40912
40732
40864
40972
40780
40688
40732
40720
40852
40808
40792
40972
40848
43372
43408
43380
43296
43344
43188
43488
43324
43372
43380
43332
43404
43324
43332
43408
43372
43236
43296
43484
43196
43332
43344
43308
43328
43484
43404
43204
43332
43332
43380
43304
43200
43236
43236
43380
43320
43248
43252
43488
43320
41148
41044
41240
41216
41236
41160
41160
41044
41240
41296
41192
41064
41140
41108
41240
41188
41156
41240
41300
40996
41136
41300
41220
41132
41048
41136
41136
41064
41112
41144
41296
41104
41136
41192
41240
40996
41068
41112
41180
41292
38796
38944
39016
38852
38928
39036
38908
38912
39016
38864
38988
38804
39032
39016
38812
38952
38792
38916
38796
38948
38864
38932
38904
38936
38944
38856
38988
38976
38980
38796
38932
39012
38944
38936
38988
38980
38940
38944
38944
38984
40208
40084
39968
40012
39968
40036
40208
40260
40032
40152
40112
40076
40152
40156
40104
39980
40080
40088
40012
40156
39968
40080
40268
40148
40160
40268
39980
39964
40028
40112
40204
40076
39984
40032
40028
40152
40016
40208
39968
40108
41624
41512
41328
41516
41476
41448
41520
41468
41476
41516
41444
41564
41444
41440
41484
41564
41548
41520
41476
41460
41376
41472
41520
41444
41388
41488
41464
41444
41548
41628
41520
41324
41548
41508
41508
41472
41564
41628
41328
41432
25684
25744
25820
25776
25936
25652
25784
25816
25828
25692
25752
25816
25680
25876
25748
25700
25748
25852
25796
25780
25820
25936
25856
25752
25696
25792
25780
25700
25852
25820
25692
25872
25936
25856
25828
25776
25856
25784
25692
25932
28880
28704
28860
28684
28784
28884
28832
28816
28880
28784
28688
28816
28708
28688
28688
28784
28800
28860
28760
28652
28940
28752
28832
28936
28640
28828
28880
28756
28860
28636
28796
28784
28936
28880
28708
28756
28700
28700
28784
28876
27192
27104
27060
27036
27156
27056
27228
27256
27204
27164
27192
27152
27344
27188
27200
27188
27280
27044
27180
27280
27164
27156
27176
27036
27164
27344
27192
27200
27108
27232
27228
27188
27340
27228
27104
27188
27104
27184
27176
27056
28224
28280
28248
28224
28196
28244
28208
28324
28208
28268
28232
28084
28156
28144
28236
28096
28200
28208
28200
28148
28156
28136
28272
28152
28384
28388
28084
28300
28224
28208
28136
28084
28232
28136
28248
28152
28280
28152
28200
28228
25632
25636
25728
25620
25784
25708
25600
25628
25500
25536
25648
25596
25672
25704
25504
25704
25556
25548
25600
25548
25784
25536
25728
25544
25604
25636
25708
25604
25636
25636
25708
25620
25552
25680
25708
25784
25704
25612
25644
25644
28216
28228
28216
28108
28228
28244
28276
28252
28112
28160
28232
28204
28288
28256
28108
28136
28336
28208
28096
28240
28288
28240
28316
28312
28288
28208
28256
28160
28164
28256
28212
28212
28232
28288
28108
28200
28332
28156
28096
28284
28068
27900
27960
27984
28004
27836
27888
27884
27828
27912
28068
27948
27764
27828
27988
28064
27784
27888
27912
27924
27888
27960
27928
27780
27912
28004
27780
27908
28068
27828
27912
27812
27812
27768
27988
27948
27916
27900
27828
27780
28424
28500
28424
28396
28456
28564
28276
28556
28504
28320
28424
28560
28400
28260
28400
28420
28424
28424
28412
28560
28264
28564
28276
28328
28320
28376
28376
28476
28260
28260
28328
28380
28260
28564
28324
28480
28332
28456
28424
28396
25824
25892
25960
26004
25972
25840
26020
25976
25872
25960
26048
25968
25840
25972
25888
25868
25968
25884
26068
25888
26016
25884
25872
25932
26128
25984
25964
25864
26124
25884
26068
26012
25932
25944
25988
25820
25884
26008
25964
25940
27564
27440
27492
27608
27484
27428
27440
27524
27492
27592
27388
27504
27492
27388
27484
27560
27388
27516
27592
27416
27420
27592
27440
27504
27512
27372
27432
27560
27420
27432
27592
27436
27556
27516
27492
27516
27520
27508
27564
27384
41364
41296
41400
41240
41484
41292
41200
41196
41348
41344
41200
41288
41400
41296
41296
41300
41304
41320
41300
41420
41296
41232
41320
41340
41240
41228
41244
41364
41304
41196
41228
41372
41332
41320
41376
41324
41328
41328
41332
41480
41728
41496
41428
41536
41608
41620
41648
41724
41572
41620
41476
41724
41620
41648
41428
41472
41540
41728
41668
41480
41608
41564
41444
41484
41588
41612
41560
41560
41540
41572
41584
41560
41664
41484
41548
41560
41668
41444
41572
41472
40164
40048
40164
40160
40000
39932
40008
40160
39976
40024
40084
39908
40020
39860
40160
40000
40048
39924
40084
40160
39928
40084
39908
39920
40084
39976
39912
39872
39880
40048
40104
40160
40080
39932
39976
40076
40160
39924
39972
39920
42564
42516
42496
42716
42656
42636
42516
42736
42740
42500
42500
42556
42560
42684
42740
42544
42660
42512
42680
42564
42692
42796
42644
42656
42568
42740
42720
42680
42644
42620
42632
42632
42612
42496
42644
42740
42620
42616
42640
42656
42216
42224
42156
42076
42100
42224
42196
42184
42212
42192
42332
42212
42176
42168
42036
42076
42216
42144
42176
42028
42224
42176
42180
42148
42272
42144
42156
42028
42216
42328
42052
42096
42100
42156
42220
42176
42224
42216
42104
42328
41084
40932
41084
41084
40936
40948
40932
40940
40924
40804
41004
40844
40804
41024
40904
40796
40856
41028
40972
40972
41028
41084
40900
40828
40948
40788
41088
40784
40848
40856
40900
40852
40788
40788
40932
40928
40844
40980
40788
40932
40904
40808
40824
40880
40732
40812
40824
40820
40784
40800
40708
40900
40812
40904
40808
40848
40808
40848
40712
40660
40724
40680
40812
40724
40960
40664
40808
40780
40776
40776
40824
40704
40824
40724
40812
40796
40856
40848
40884
40708
39808
39884
39920
39756
40060
39880
39880
39976
39776
39944
39876
39752
39880
39940
39828
39976
40060
39896
39944
39996
39872
39900
39896
39824
39880
39756
39820
39940
40060
39916
39980
39944
39908
39916
39940
39868
39904
39948
39808
39816
40920
40940
41012
41088
41064
41032
41172
41052
41012
41016
41056
40880
41064
41064
40884
41016
40872
40888
40940
41060
41112
40936
40988
41052
41016
41020
41020
40936
41032
41068
41172
40916
40888
41172
41092
40928
40932
41108
40920
41016
38096
37988
38124
38168
37988
38092
37900
37868
37892
38096
38020
38092
37988
37936
37928
37872
38020
38116
38028
38112
37876
38056
37900
37928
38020
38096
38032
38020
37984
37872
37940
37984
37892
37988
37884
37888
38172
38172
37944
38032
