4260
3428
6136
3420
4376
3420
6008
3420
4208
3604
6036
3488
4076
3320
6044
3444
4076
3444
6136
3492
4372
3456
6100
3492
4372
3356
6128
3344
4220
3544
6048
3484
4264
3324
6072
3368
4312
3440
6044
3412
4260
3428
6136
3348
4092
3308
6112
3412
4296
3308
6128
3412
4292
3308
6108
3444
4088
3528
6112
3420
4316
3452
6112
3484
4192
3420
6008
3300
4144
3356
6004
3544
4188
3428
6052
3368
4196
3376
6100
3436
4144
3308
6044
3364
4188
3428
6060
3420
4072
3608
5988
3316
4196
3356
6084
3440
4184
3308
6004
3480
4212
3528
6100
3484
4144
3356
6112
3316
4236
3308
6008
3520
4220
3372
6112
3360
4316
3492
6044
3540
4124
3324
6000
3420
4236
3492
6124
3492
4144
3608
6036
3412
4124
3452
6068
3436
4120
3368
6036
3444
4376
3428
6128
3436
4192
3376
6060
3600
4196
3368
6100
3600
4196
3456
6084
3600
4092
3356
6036
3600
4260
3376
6052
3300
4316
3324
6060
3516
4268
3468
6008
3460
4076
3368
6032
3460
4264
3544
5984
3448
4196
3500
6100
3492
4144
3324
6152
3360
4312
3468
6056
3484
4236
3356
6080
3460
4320
3324
6036
3600
4120
3444
6036
3316
4196
3528
6032
3600
4092
3456
6060
3432
4188
3368
6032
3412
4220
3608
6036
3300
4220
3444
6084
3312
4124
3428
6008
3436
4236
3416
6056
3436
4236
3492
6112
3448
4196
3456
6036
3316
4136
3324
6112
3460
4080
3456
6152
3600
4368
3308
6060
3460
4260
3424
6036
3356
4132
3428
6004
3412
4208
3608
5984
3600
4136
3528
6004
3444
4136
3544
5988
3436
4288
3544
6108
3444
4128
3604
5988
3312
4132
3428
6112
3440
4192
3456
6072
3436
4296
3428
6112
3300
4268
3496
6052
3348
4296
3608
6084
3448
4268
3368
6008
3316
4296
3444
6052
3600
4196
3548
6112
3300
4268
3376
6032
3520
4220
3428
6136
3436
4292
3356
6008
3484
4136
3608
6004
3360
4268
3492
6112
3368
4236
3456
6112
3368
4076
3424
6112
3540
4124
3500
6124
3360
4376
3496
6008
3520
4220
3500
6136
3600
4092
3368
6108
3408
4136
3372
6032
3348
4092
3468
6072
3316
4220
3444
6152
3416
4236
3488
6128
3360
4316
3456
6072
3484
4140
3492
6100
3444
4092
3500
6080
3412
4212
3468
5984
3436
4092
3368
6112
3368
4236
3352
6060
3368
4124
3420
6096
3412
8580
4716
16644
4840
8496
4852
16660
4584
8496
4792
16604
4600
8624
4620
16712
4728
8548
4796
16640
4684
8572
4624
16696
4760
8616
4704
16596
4696
8736
4776
16668
4776
8584
4740
16612
4724
8732
4736
16632
4700
8452
4576
16568
4692
8660
4860
16568
4680
8576
4608
16604
4656
8676
4560
16604
4704
8552
4860
16604
4680
8680
4748
16592
4592
8588
4672
16612
4612
8584
4740
16592
4592
8552
4672
16672
4612
8456
4696
16620
4736
8472
4556
16632
4676
8644
4716
16688
4676
8536
4712
16548
4656
8472
4712
16596
4608
8564
4572
16672
4656
8444
4604
16644
4840
8608
4604
16548
4652
8668
4600
16668
4536
8548
4740
16612
4608
8540
4776
16576
4700
8656
4604
16568
4676
8628
4716
16604
4596
8736
4556
16660
4608
8624
4624
16612
4536
8436
4704
16712
4732
8436
4692
16640
4732
8504
4748
16544
4688
8628
4716
16660
4656
8556
4748
16656
4760
8584
4692
16604
4672
8652
4704
16620
4652
8556
4856
16596
4700
8616
4776
16712
4700
8544
4776
16556
4756
8656
4748
16604
4648
8556
4692
16596
4540
8676
4624
16632
4676
8496
4612
16616
4600
8556
4624
16676
4556
8584
4624
16620
4596
8492
4740
16596
4840
8656
4700
16596
4540
8736
4676
16600
4600
8596
4716
16696
4780
8504
4668
16596
4688
8580
4668
16548
4688
8676
4716
16604
4652
8584
4748
16696
4676
8596
4792
16596
4732
8548
4796
16660
4600
8584
4780
16612
4784
8560
4860
16608
4784
8624
4672
16592
4732
8584
4576
16712
4612
8488
4744
16568
4656
8740
4628
16632
4784
8572
4576
16656
4656
8624
4672
16668
4560
8508
4616
16712
4780
8632
4860
16600
4588
8496
4556
16660
4700
8504
4664
16620
4676
8676
4572
16660
4696
8620
4740
16672
4676
8496
4704
16604
4700
8584
4676
16660
4672
8500
4716
16688
4536
8620
4556
16620
4680
8656
4796
16712
4600
8732
4692
16632
4556
8584
4772
16692
4732
8436
4604
16620
4684
8676
4856
16604
4724
8676
4676
16620
4780
8652
4700
16548
4724
8572
4552
16604
4720
8432
4676
16568
4604
8732
4704
16672
4760
8556
4740
16548
4556
8676
4676
16672
4556
8488
4616
16596
4684
8560
4692
16668
4688
8540
4740
16616
4688
8572
4856
16668
4700
8648
4556
16596
4732
8548
4776
16644
4652
8728
4688
16544
4608
8572
4716
16632
4724
8492
4616
16620
4760
8444
4556
16660
4556
13892
6116
28476
6020
13824
5928
28476
6208
13864
5948
28472
5964
14008
6124
28520
6100
13856
5992
28476
6100
13896
6064
28508
6044
13824
6092
28548
5956
13852
6052
28552
6040
13904
6124
28492
6020
13872
5976
28448
5904
13824
6116
28508
6100
13780
6064
28540
5972
13904
6232
28524
5924
13904
6056
28496
6028
13896
6040
28492
5908
13708
6152
28572
6148
13832
6076
28512
6148
13856
5980
28592
6148
13948
5932
28552
6028
13772
6080
28572
5956
13720
6056
28428
5976
13852
6172
28540
5956
13760
5952
28448
5904
13772
6004
28448
5964
13824
6048
28520
6028
13700
6096
28552
5908
13924
6072
28552
6024
13772
6128
28476
6148
13772
6084
28576
5956
14004
6080
28484
6204
13892
6228
28500
5908
13712
6080
28500
6040
13904
5932
28540
6056
13932
6116
28428
6148
14012
5932
28540
5976
13772
6068
28500
5964
13712
6148
28540
6152
13728
5928
28500
6064
13780
6052
28592
6028
13904
6152
28448
5968
13764
5992
28448
6100
13852
6076
28552
6148
13720
6124
28480
5912
13716
5996
28576
6028
13860
5980
28564
6148
14000
6152
28536
5972
13704
5992
28576
6092
13752
6172
28480
5908
13748
5980
28552
6020
13944
6152
28568
6048
13760
5992
28428
5956
13904
6064
28552
6092
13832
6168
28548
6100
13824
6068
28572
5924
13780
6152
28472
6208
13828
6092
28476
6044
14012
5948
28524
6064
14008
6000
28504
5952
13824
6172
28540
6148
13712
6116
28472
6208
13844
5948
28540
5924
13760
6148
28588
6092
13904
5928
28540
6128
13712
6052
28424
6208
13708
6152
28472
6048
13952
5948
28576
6128
13868
6172
28576
6096
13896
5992
28552
5908
13728
6232
28512
6052
13868
6152
28472
6028
13824
6156
28512
6096
13824
6128
28512
6096
13904
6232
28428
6124
13948
6076
28576
5908
13896
5932
28448
6068
13872
6004
28524
6056
13848
5952
28536
5972
13860
6128
28552
6024
13780
5996
28572
5924
13780
6124
28508
6044
13732
5948
28572
5952
13716
6068
28592
5904
13764
5932
28512
6020
13908
6000
28568
6028
13832
6152
28492
6028
13788
6000
28568
5976
13828
6116
28524
6044
13716
5976
28568
5908
13768
6044
28500
5908
13960
5948
28532
6128
13840
6060
28536
5908
13896
6056
28576
6100
13840
6056
28524
6128
13888
6056
28568
6020
13824
6080
28540
5976
13864
6176
28524
6048
13772
6232
28428
5956
13704
6120
28492
6128
13896
6156
28472
5908
13768
6080
28552
6128
23228
15112
106064
15076
23352
15128
106168
15036
23108
14980
106116
15048
23296
14984
106112
15052
23252
15188
106168
15096
23220
15148
106100
14972
23304
15012
106164
15024
23244
15104
106168
14928
23304
15152
106168
15036
23160
15104
106192
15136
23168
15028
106168
15096
23332
14984
106140
15152
23252
15104
106112
15136
23296
15264
106088
15060
23180
14988
106180
15108
23352
15012
106092
15136
23256
15208
106188
14976
23352
15268
106108
14928
23224
15080
106092
15064
23160
15208
106164
15024
23348
15156
106116
14968
23328
14980
106116
15024
23176
14976
106168
14912
23300
15264
106140
14976
23108
15072
106168
15056
23408
15084
106064
15096
23216
15104
106100
15132
23348
15204
106092
14912
23328
15204
106192
14980
23408
15024
106208
14960
23304
15080
106100
15136
23256
15024
106140
15048
23180
15268
106108
15076
23296
15264
106168
15156
23412
15160
106208
15132
23412
15112
106156
15152
23296
15160
106208
15048
23412
15116
106108
14976
23168
15152
106112
14916
23272
15112
106204
15064
23160
15152
106156
14964
23112
15128
106092
15060
23160
15116
106124
15028
23172
15268
106092
15156
23172
15112
106104
15096
23224
15080
106208
15060
23224
15076
106192
15096
23160
15088
106168
15156
23304
15268
106128
15064
23112
15184
106180
15064
23256
15160
106040
15028
23248
15016
106180
15060
23160
15104
106160
15100
23260
14964
106100
14960
23252
15160
106184
15076
23248
15084
106184
15056
23260
15116
106064
15064
23352
15016
106092
15052
23352
15028
106092
15156
23228
15028
106176
15100
23168
15112
106092
15052
23260
15208
106156
14984
23112
15188
106208
15156
23260
15024
106184
14984
23112
15108
106064
15052
23172
14964
106100
14976
23160
15204
106092
15096
23128
15084
106164
14928
23128
15188
106100
15136
23248
15028
106092
14964
23172
15104
106168
15108
23328
15104
106184
15060
23348
15076
106128
15060
23304
15088
106168
15156
23220
15152
106164
15108
23248
15156
106056
15156
23352
15032
106112
14916
23260
15160
106064
15076
23352
14968
106192
15108
23172
15032
106156
15104
23288
15124
106128
14912
23268
15084
106112
15096
23252
15012
106064
14968
23156
15100
106108
15212
23324
15264
106164
15212
23328
15080
106192
15060
23252
15024
106160
14960
23288
14964
106100
14908
23292
14964
106140
14972
23256
15084
106208
15132
23124
15100
106156
14960
23244
15204
106100
14972
23244
14964
106128
15032
23168
15028
106168
15056
23244
14964
106092
15152
23348
15260
106092
14972
23244
15076
106096
15056
23348
15264
106156
15056
23264
15184
106156
15044
23220
15096
106124
15092
32632
24436
187692
24480
32620
24628
187732
24368
32560
24580
187732
24432
32784
24596
187716
24528
32712
24492
187664
24560
32804
24656
187744
24664
32804
24452
187716
24512
32628
24672
187640
24588
32804
24592
187716
24560
32684
24572
187664
24416
32696
24576
187732
24664
32672
24500
187684
24524
32576
24732
187744
24424
32608
24492
187740
24508
32748
24568
187692
24432
32700
24544
187744
24484
32708
24568
187676
24604
32720
24476
187732
24432
32604
24480
187640
24432
32744
24500
187704
24504
32632
24576
187716
24368
32612
24620
187616
24384
32624
24676
187668
24608
32632
24672
187732
24416
32608
24584
187732
24364
32864
24596
187684
24384
32676
24656
187688
24516
32708
24480
187620
24384
32620
24620
187676
24436
32804
24504
187664
24480
32700
24736
187692
24524
32580
24572
187744
24512
32756
24736
187740
24608
32676
24572
187768
24364
32708
24580
187732
24588
32700
24736
187760
24480
32712
24676
187760
24512
32564
24484
187704
24604
32672
24572
187692
24508
32632
24484
187768
24512
32724
24580
187676
24668
32800
24568
187728
24608
32712
24656
187732
24476
32724
24576
187736
24500
32756
24436
187716
24560
32700
24556
187744
24528
32576
24592
187676
24512
32708
24624
187640
24416
32860
24572
187688
24432
32608
24676
187760
24508
32632
24732
187728
24480
32680
24580
187692
24428
32612
24452
187744
24368
32672
24628
187732
24516
32800
24584
187636
24416
32804
24484
187704
24428
32632
24624
187744
24380
32748
24436
187704
24484
32620
24436
187668
24432
32756
24628
187680
24416
32680
24624
187744
24376
32608
24540
187676
24556
32748
24448
187700
24424
32560
24492
187704
24500
32856
24496
187680
24380
32860
24480
187744
24664
32620
24672
187764
24524
32780
24552
187732
24664
32860
24448
187620
24584
32608
24616
187640
24508
32712
24676
187676
24608
32696
24620
187744
24512
32804
24584
187640
24548
32628
24592
187628
24476
32720
24672
187740
24480
32752
24484
187676
24424
32580
24620
187604
24436
32864
24628
187684
24560
32720
24436
187640
24508
32804
24548
187744
24412
32708
24544
187744
24548
32612
24476
187688
24588
32784
24732
187744
24428
32564
24544
187676
24416
32676
24480
187668
24552
32784
24652
187704
24432
32696
24480
187732
24560
32564
24480
187716
24664
32672
24492
187684
24428
32632
24576
187700
24512
32564
24552
187664
24560
32724
24436
187684
24384
32804
24584
187664
24528
32612
24496
187620
24588
32804
24436
187760
24384
32712
24436
187744
24552
32696
24584
187784
24484
32712
24596
187784
24512
32712
24452
187620
24516
32784
24548
187672
24512
89112
80936
674292
81044
89220
81172
674232
80996
89160
81048
674344
80940
89048
81004
674264
80816
89048
81172
674264
80952
89048
80948
674200
80924
89012
81056
674276
80852
89140
81236
674192
80804
89048
81048
674316
81044
89296
81004
674264
81104
89148
81048
674300
80920
89148
81092
674224
80852
89060
81128
674280
81104
89068
81156
674320
81044
89112
81072
674348
80916
89016
81096
674256
80872
89016
81176
674228
81044
89060
81176
674192
80948
89144
81084
674196
80996
89056
80996
674296
80940
89048
81096
674232
80940
89116
81092
674344
80820
89220
81120
674312
80924
89016
80992
674340
80988
89180
81236
674312
80988
89120
81048
674324
80988
88996
80952
674316
80996
89192
80980
674308
80872
89044
81176
674232
80948
89188
81068
674172
81104
89304
81088
674248
80808
89244
81096
674288
81108
89068
81056
674232
81024
89004
81084
674332
80968
89020
81060
674336
80856
89060
81084
674292
80988
89124
81084
674304
80856
89116
81124
674220
80824
89300
80940
674280
80868
89240
81084
674292
80956
89188
81052
674308
81052
89120
81080
674376
80952
89128
81164
674352
80880
89152
80992
674220
80860
89228
81056
674340
80932
89072
81088
674364
80948
89156
80944
674216
81004
89068
81084
674276
80996
89024
81136
674364
80960
89192
81012
674300
81112
89236
81152
674180
80804
89068
81080
674284
80992
89160
81080
674292
80996
89192
81232
674304
80864
89144
81156
674264
80804
89060
81080
674212
80948
89144
80984
674304
80964
89000
81124
674292
80820
89144
80996
674264
80872
89160
81176
674228
80940
89184
81084
674176
80988
89060
81000
674312
80984
89144
81096
674280
80820
89240
81072
674268
80864
89000
80948
674268
80940
89144
81096
674224
80952
89192
81004
674204
80988
89236
81048
674228
80848
89048
81096
674280
80804
89068
81120
674256
81044
89112
80952
674224
80912
89000
80992
674192
80940
89000
81004
674192
80872
89136
81176
674192
80960
89120
81080
674232
80920
89220
81096
674308
80940
89068
80952
674188
80916
89192
81056
674168
80820
89068
81004
674344
80920
89000
80932
674172
80804
89160
81180
674240
80956
89120
81240
674256
81028
89244
81080
674308
80820
89004
81124
674320
81000
89000
81132
674344
80920
89052
81004
674268
81104
89020
81084
674360
80944
89304
81076
674248
80964
89196
81060
674236
80968
89064
80936
674280
80868
89296
81152
674308
80912
89216
81172
674200
80984
89132
80948
674308
80960
89108
80980
674228
80912
89040
81168
674136
80992
89188
81076
674136
81100
89012
81044
674252
80984
89180
81068
674224
80812
89140
81172
674268
80908
88996
81044
674260
80948
19340
11096
72272
11140
19292
11044
72300
11120
19240
11044
72248
11224
19480
11176
72356
11032
19292
11328
72300
11096
19372
11332
72332
11052
19240
11168
72336
11096
19480
11080
72392
11224
19480
11092
72252
11032
19360
11180
72376
11000
19340
11332
72312
11164
19244
11152
72324
11132
19364
11100
72296
11144
19292
11144
72300
11224
19292
11100
72392
11168
19360
11168
72360
10984
19316
11176
72392
11176
19312
11272
72400
11120
19364
11028
72364
11204
19324
11080
72400
11120
19364
11080
72360
11032
19328
11224
72416
11128
19248
11088
72308
11032
19196
11248
72296
11200
19328
11100
72308
11052
19316
11176
72324
11204
19228
11080
72308
11000
19336
11048
72252
11044
19240
11216
72376
11284
19340
11088
72392
10996
19196
11080
72336
11132
19248
11216
72376
11100
19320
11192
72400
11096
19316
11180
72392
11280
19240
11224
72272
11168
19292
11156
72400
11128
19180
11220
72300
10996
19316
11188
72336
11224
19248
11148
72344
11224
19396
11092
72316
11204
19340
11052
72392
11284
19400
11148
72328
11124
19340
11180
72400
11096
19364
11252
72400
11132
19228
11172
72376
11124
19320
11196
72272
11032
19228
11036
72332
11032
19328
11104
72236
11132
19236
11180
72272
11224
19324
11332
72296
11128
19392
11260
72128
11168
19392
11160
72400
11136
19288
11024
72040
11124
19188
11244
72364
11112
19388
11180
72416
11120
19240
11088
72128
11120
19352
11084
72324
11136
19388
11172
72044
11212
19356
11020
72372
11088
19320
11020
72336
11276
19180
11144
72400
11140
19416
11096
72316
11028
19372
11052
72300
11128
19368
11104
72376
11176
19340
11096
72252
11032
19292
11252
72372
11176
19360
11276
72364
11168
19400
11180
72348
11164
19248
11172
72364
11100
19324
11144
72252
11224
19324
11200
72300
11168
19240
11104
72336
11284
19196
11184
72348
11204
19328
11096
72376
11092
19300
11228
72324
11000
19416
11156
72376
11000
19228
11104
72316
11124
19228
11172
72344
11204
19400
11184
72372
10980
19364
11156
72364
11280
19292
11176
72300
11284
19480
11144
72272
11128
19324
11216
72316
11052
19364
11332
72272
10980
19480
11088
72324
11204
19476
11152
72308
11224
19328
11220
72268
11172
19224
11148
72308
11096
19224
11216
72328
11120
19476
11152
72252
11168
19316
11092
72360
11284
19236
11152
72252
11280
19420
11152
72364
11220
19248
11096
72300
11176
19192
11100
72348
11000
19316
11216
72416
11168
19324
11332
72308
11120
19328
11224
72364
11176
19400
11176
72400
11140
19476
11268
72268
11284
37212
29140
227264
29124
37308
29200
227332
28968
37464
29192
227268
29128
37356
29136
227344
28968
37324
29148
227332
29032
37232
29092
227292
29268
37160
29316
227344
29108
37224
29128
227364
29264
37356
29140
227360
29080
37308
29224
227304
29016
37340
29276
227292
29264
37300
29200
227220
29024
37380
29276
227360
29124
37208
29200
227364
29084
37280
29216
227268
29148
37176
29104
227364
29264
37156
29116
227364
29184
37228
29204
227332
29144
37220
29276
227268
29096
37228
29248
227332
29156
37396
29372
227220
29100
37304
29068
227268
29112
37208
29116
227384
29108
37296
29140
227360
29264
37208
29128
227272
29124
37176
29132
227328
29112
37176
29256
227316
29184
37204
29312
227328
29156
37296
29308
227380
29080
37376
29184
227344
29264
37176
29288
227276
29032
37344
29184
227356
29108
37296
29228
227332
29156
37176
29232
227292
29204
37296
29192
227268
28964
37308
29140
227216
28976
37320
29312
227368
29076
37156
29208
227268
29108
37160
29116
227284
28964
37208
29088
227332
29076
37176
29076
227344
29100
37212
29144
227240
29104
37208
29072
227288
29088
37300
29212
227288
29016
37308
29216
227344
28964
37464
29124
227332
29112
37224
29232
227368
29184
37312
29292
227356
29104
37344
29268
227332
29208
37352
29316
227240
29080
37224
29024
227340
29016
37312
29264
227380
29028
37180
29084
227332
29156
37400
29040
227368
29124
37224
29080
227344
29028
37324
29180
227344
29080
37384
29240
227268
29124
37464
29244
227268
29116
37308
29184
227344
29208
37228
29092
227240
29188
37404
29136
227284
29016
37280
29084
227344
29148
37384
29324
227240
29128
37160
29264
227316
29016
37400
29020
227332
29036
37308
29160
227332
29188
37400
29084
227384
29016
37404
29324
227360
28968
37232
29324
227300
28984
37324
29072
227312
28984
37404
29236
227332
29160
37276
29124
227268
29036
37284
29316
227284
28984
37180
29188
227236
29204
37304
29236
227268
29128
37300
29296
227360
29160
37180
29268
227344
29088
37384
29188
227272
29208
37348
29296
227284
29112
37400
29092
227272
29152
37300
29208
227344
29108
37460
29092
227300
28960
37292
29164
227368
29088
37320
29024
227316
28964
37292
29184
227316
29100
37228
29144
227220
29076
37460
29072
227344
29112
37296
29136
227272
29020
37300
29092
227332
29096
37176
29212
227240
28980
37228
29376
227344
29260
37220
29216
227272
29108
37460
29220
227360
29100
37460
29292
227368
29204
37296
29208
227272
29156
37204
29124
227372
29112
37304
29296
227304
29124
37400
29144
227220
29008
37352
29232
227368
29156
37320
29236
227316
29156
51588
43620
351468
43528
51732
43660
351368
43456
51840
43720
351320
43464
51700
43636
351320
43456
51840
43536
351444
43564
51588
43536
351404
43400
51540
43712
351404
43412
51760
43536
351296
43644
51720
43592
351440
43640
51684
43492
351352
43528
51556
43624
351476
43528
51660
43668
351448
43456
51724
43668
351364
43456
51648
43712
351364
43412
51840
43588
351356
43504
51760
43596
351444
43504
51596
43636
351368
43412
51700
43624
351424
43584
51608
43532
351364
43484
51732
43776
351304
43644
51676
43568
351100
43360
51604
43568
351036
43536
51732
43572
351152
43480
51724
43560
351196
43492
51656
43536
351036
43456
51760
43584
351148
43584
51684
43560
351036
43392
51604
43580
351176
43392
51760
43660
351116
43344
51652
43616
351148
43456
51840
43520
351328
43360
51676
43620
351412
43360
51840
43716
351356
43488
51556
43544
351440
43584
51584
43524
351444
43360
51660
43624
351352
43536
51600
43488
351424
43344
51760
43492
351412
43528
51652
43636
351396
43412
51840
43696
351464
43560
51556
43624
351116
43504
51732
43624
351116
43476
51732
43588
351132
43504
51720
43488
351056
43644
51540
43508
351108
43464
51728
43656
351132
43536
51728
43456
351084
43404
51672
43440
351184
43480
51600
43560
351156
43408
51732
43600
351100
43536
51780
43468
351132
43640
51652
43584
351196
43452
51652
43540
351160
43344
51600
43504
351128
43408
51760
43588
351084
43392
51660
43468
351092
43392
51556
43540
351120
43452
51780
43364
351036
43536
51724
43504
351160
43388
51652
43456
351092
43408
51556
43524
351428
43584
51700
43476
351376
43344
51760
43620
351360
43480
51688
43612
351356
43492
51724
43612
351372
43532
51684
43636
351432
43484
51688
43596
351388
43488
51780
43544
351400
43504
51672
43520
351356
43480
51840
43776
351360
43412
51760
43588
351428
43464
51728
43696
351364
43404
51684
43664
351300
43564
51556
43776
351320
43412
51780
43476
351352
43528
51780
43716
351384
43412
51700
43524
351396
43412
51760
43696
351432
43392
51672
43716
351476
43464
51556
43660
351408
43404
51540
43540
351156
43464
51660
43348
351100
43408
51672
43492
351148
43492
51608
43484
351132
43408
51588
43472
351148
43464
51688
43540
351156
43504
51588
43540
351200
43340
51688
43496
351172
43504
51760
43408
351132
43492
51844
43568
351160
43392
51544
43672
351464
43508
51660
43492
351392
43588
51664
43612
351348
43508
51728
43496
351412
43364
51612
43496
351400
43496
51544
43624
351468
43348
51560
43540
351384
43408
51728
43624
351452
43460
51688
43616
351352
43396
51764
43716
351384
43416
4272
3336
5872
3296
4124
3504
5724
3428
4196
3408
5780
3472
4124
3292
5848
3520
4168
3480
5872
3328
4124
3424
5808
3428
4204
3408
5864
3424
4168
3332
5836
3428
4276
3480
5884
3296
4056
3352
5808
3472
4144
3284
5544
3384
4224
3264
5600
3332
4200
3284
5624
3560
4176
3428
5544
3408
4124
3280
5600
3312
3996
3408
5508
3484
4000
3416
5544
3564
4168
3448
5556
3260
4052
3336
5460
3404
4224
3568
5596
3412
4052
3416
5792
3276
4212
3520
5848
3432
4140
3348
5744
3464
4104
3336
5744
3340
4112
3400
5836
3460
4212
3468
5772
3276
4296
3400
5788
3456
4216
3324
5808
3336
4128
3436
5780
3288
4188
3280
5720
3420
4196
3396
5796
3272
4280
3428
5796
3456
4140
3420
5744
3424
4280
3444
5780
3324
4048
3428
5888
3336
3996
3404
5848
3332
4048
3504
5848
3388
4164
3476
5848
3340
4028
3404
5768
3416
4128
3300
5796
3436
4196
3296
5848
3324
4064
3464
5848
3512
4164
3428
5844
3432
4060
3464
5832
3412
4136
3388
5832
3460
4220
3296
5772
3324
4188
3464
5772
3272
4196
3428
5720
3436
4196
3500
5848
3420
4164
3424
5820
3412
4232
3288
5864
3568
4344
3340
5776
3504
4104
3572
5832
3492
4264
3288
5768
3380
4112
3420
5808
3568
4264
3392
5864
3412
4192
3464
5792
3484
4092
3388
5820
3460
4060
3320
5768
3268
4164
3416
5744
3412
4096
3460
5556
3444
4196
3388
5480
3408
4224
3284
5480
3260
4108
3264
5476
3500
4052
3488
5580
3308
4184
3336
5544
3504
4340
3284
5504
3332
4148
3460
5580
3504
4188
3328
5480
3280
4176
3384
5568
3312
4212
3484
5724
3300
4292
3412
5848
3300
4200
3360
5768
3476
4188
3360
5848
3420
4352
3340
5860
3344
4068
3588
5772
3396
4100
3292
5816
3428
4052
3404
5744
3476
4048
3452
5832
3444
4172
3452
5788
3444
4156
3396
5724
3328
4136
3356
5836
3416
4264
3436
5788
3496
4160
3408
5780
3520
4092
3528
5844
3500
4172
3436
5804
3388
4140
3412
5820
3416
4084
3436
5768
3416
4084
3408
5836
3520
4244
3424
5888
3340
4168
3532
5844
3284
4112
3428
5836
3524
4112
3436
5744
3468
4244
3292
5744
3332
4112
3436
5836
3432
4160
3428
5872
3524
4112
3588
5848
3524
4288
3308
5868
3332
4272
3512
5844
3584
4100
3472
5744
3404
8428
4372
15028
4424
8284
4532
15112
4548
8316
4592
15060
4504
8428
4484
15012
4604
8416
4420
15028
4412
8452
4492
15012
4552
8316
4612
15012
4512
8412
4388
15124
4556
8412
4484
15076
4580
8328
4564
15112
4424
7244
4440
14492
4428
7188
4300
14508
4432
7164
4516
14600
4468
7148
4444
14584
4580
7140
4352
14576
4444
7120
4488
14584
4444
7116
4512
14580
4284
7188
4456
14532
4428
7004
4344
14520
4444
7072
4432
14488
4440
8396
4408
15312
4532
8312
4460
15376
4392
8392
4632
15368
4524
8484
4504
15292
4616
8368
4540
15368
4496
8316
4516
15352
4388
8296
4408
15280
4392
8396
4456
15368
4536
8260
4692
15392
4516
8264
4392
15352
4612
8108
4472
15292
4536
8176
4596
15368
4548
8244
4512
15340
4508
8244
4540
15308
4500
8224
4552
15352
4524
8264
4588
15296
4548
8108
4596
15228
4532
8244
4452
15372
4528
8164
4524
15284
4684
8240
4644
15348
4508
8116
4452
15836
4576
8240
4564
15864
4584
8200
4644
15820
4660
8116
4644
15800
4656
8276
4588
15920
4508
8124
4500
15840
4572
8216
4692
15800
4576
8276
4564
15804
4456
8248
4612
15840
4600
8120
4452
15896
4588
8244
4356
14600
4444
8256
4456
14596
4420
8324
4612
14500
4492
8336
4496
14560
4412
8324
4448
14556
4492
8256
4444
14500
4520
8300
4460
14560
4312
8188
4504
14508
4368
8236
4368
14516
4360
8308
4424
14496
4596
7532
4472
14808
4448
7440
4472
14720
4612
7388
4512
14720
4612
7388
4448
14748
4612
7372
4568
14748
4420
7520
4472
14748
4448
7508
4344
14748
4472
7484
4568
14824
4428
7492
4516
14748
4552
7532
4512
14840
4492
8520
4540
15492
4488
8488
4448
15604
4480
8448
4624
15540
4580
8364
4624
15560
4660
8352
4544
15604
4556
8488
4648
15540
4556
8416
4652
15640
4420
8320
4572
15548
4604
8304
4732
15588
4436
8364
4540
15604
4612
8404
4568
15576
4420
8436
4720
15576
4588
8448
4436
15512
4564
8432
4564
15632
4528
8304
4480
15556
4552
8584
4420
15588
4468
8336
4564
15640
4528
8528
4716
15576
4592
8404
4532
15512
4552
8528
4556
15492
4588
8404
4568
15300
4456
8340
4648
15376
4508
8412
4424
15292
4536
8412
4644
15348
4632
8532
4528
15276
4540
8340
4452
15368
4504
8404
4424
15352
4464
8476
4452
15348
4544
8400
4648
15248
4540
8352
4424
15248
4444
13504
5740
25900
5668
13392
5928
25808
5852
13440
5776
25844
5772
13528
5628
25900
5612
13692
5868
25936
5660
13688
5868
25912
5832
13536
5628
25808
5724
13548
5760
25928
5672
13576
5644
25928
5756
13456
5764
25788
5724
13628
6020
27428
5964
13624
5860
27420
6024
13784
5844
27512
5928
13756
5868
27492
5932
13712
5992
27456
5968
13564
5916
27372
5920
13752
6100
27496
6084
13676
6020
27420
6024
13804
5848
27428
5896
13808
5960
27496
6020
13704
5896
27248
5828
13612
5896
27272
5828
13708
5936
27256
5820
13612
6076
27204
5916
13864
5888
27192
6060
13696
5968
27268
5944
13704
5792
27164
5872
13632
5968
27220
5872
13680
6076
27204
5872
13576
5924
27200
5980
13532
5752
25852
5608
13616
5604
25804
5736
13516
5672
25852
5892
13692
5904
25948
5752
13444
5724
25928
5640
13456
5620
25900
5728
13396
5740
25804
5592
13588
5664
25952
5784
13632
5748
25836
5892
13444
5740
25872
5592
13584
5892
26176
5748
13560
5712
26200
5704
13620
5764
26100
5876
13560
5652
26072
5784
13500
5872
26164
5636
13660
5700
26116
5820
13684
5808
26176
5876
13624
5652
26172
5828
13660
5668
26216
5768
13584
5772
26132
5820
13456
5916
25872
5816
13512
5912
25896
5816
13592
5756
25844
5612
13456
5832
25828
5780
13536
5628
25884
5896
13640
5760
25952
5644
13456
5772
25788
5816
13416
5852
25788
5708
13448
5756
25936
5664
13640
5912
25836
5896
13556
5652
25620
5804
13432
5824
25616
5724
13672
5824
25620
5632
13508
5728
25616
5580
13484
5728
25668
5608
13420
5640
25620
5756
13564
5800
25572
5580
13372
5632
25592
5804
13672
5584
25648
5864
13608
5640
25648
5676
10844
5532
24064
5504
10800
5548
24100
5628
10896
5536
24120
5624
10904
5516
24044
5684
10844
5700
24112
5528
11004
5464
24032
5496
10840
5536
24152
5624
10896
5508
24156
5604
11004
5544
24044
5496
10968
5580
24004
5384
13484
5752
25808
5676
13348
5696
25900
5756
13492
5792
25836
5632
13496
5852
25884
5808
13564
5632
25936
5916
13532
5852
25900
5800
13508
5752
25872
5808
13496
5932
25912
5728
13484
5752
25828
5684
13364
5648
25844
5764
13588
5908
26136
5716
13588
5968
26176
5792
13400
5716
26164
5784
13452
5804
26196
5796
13468
5788
26108
5768
13540
5904
26108
5784
13592
5784
26216
5760
13512
5724
26144
5888
13644
5728
26188
5868
13700
5732
26124
5780
22328
13976
96812
14072
22220
14004
96860
13992
22144
13980
96804
13900
22160
14052
96824
13972
22176
13980
96944
14132
22184
14056
96916
13832
22172
13988
96852
13976
22088
14004
96852
13964
22164
13924
96968
14024
22044
13868
96860
13968
22032
13920
95552
13704
22048
13732
95648
13852
22136
13748
95484
13944
21900
13880
95580
13760
21968
13896
95540
13764
22032
13916
95608
13844
22196
13880
95544
13704
22140
13896
95644
13816
22020
13736
95596
13844
22044
13952
95620
13840
20956
13088
87648
12900
21100
12948
87712
13000
21016
12936
87584
12904
21076
12904
87704
12772
21176
12908
87636
12880
20972
12832
87628
12896
21024
12932
87612
12904
21076
12900
87672
12880
21148
12804
87688
12940
21256
12844
87724
12908
22272
13988
97124
14024
22204
14064
97232
14048
22216
13968
97164
14188
22084
13980
97216
13936
22132
14220
97176
13888
22096
14140
97180
13888
22220
13980
97216
14008
22132
13916
97188
13936
22144
14140
97192
13900
22384
14036
97116
13952
21980
13808
96132
13876
22152
13852
96152
13904
22208
14000
96032
13816
22032
13952
96172
13880
22120
13808
96068
13928
22156
13868
96108
13768
22104
14000
96032
13988
22028
13944
96160
13884
22108
13808
96096
13768
22084
13852
96176
13828
22180
13884
96800
13952
22052
13884
96804
13960
22192
13864
96884
14032
22084
14028
96800
14000
22276
13916
96952
13988
22080
13928
96860
13988
22196
14016
96860
13988
22196
14108
96888
14020
22336
14084
96888
14140
22172
14060
96824
13976
22412
14112
98248
14056
22252
14236
98196
14116
22300
14280
98284
14056
22192
14108
98172
14156
22336
14188
98204
14212
22312
14200
98248
14128
22432
14180
98248
14236
22240
14224
98220
14140
22492
14340
98264
14044
22412
14092
98272
14180
20592
12500
83940
12396
20588
12520
83980
12508
20592
12396
83992
12584
20688
12492
83940
12588
20680
12616
83888
12648
20704
12680
83932
12488
20612
12500
83916
12396
20560
12680
83964
12408
20764
12680
83940
12488
20688
12620
83868
12492
21552
13372
92456
13408
21728
13436
92364
13560
21656
13488
92388
13356
21756
13560
92436
13500
21584
13532
92428
13532
21720
13560
92460
13340
21600
13524
92480
13484
21720
13596
92336
13476
21536
13376
92396
13640
21776
13420
92380
13356
22172
14008
97164
14012
22204
13908
97180
13916
22204
13948
97164
14104
22280
13952
97116
13932
22204
14028
97116
13932
22360
14052
97216
14160
22300
13908
97180
13920
22056
13960
97216
14164
22116
14036
97152
14164
22196
14000
97176
14052
30932
22912
172936
22664
31084
22788
172884
22852
31024
22768
172848
22668
31048
22880
172884
22724
30984
22960
172836
22860
31024
22868
172920
22816
31084
22764
172920
22856
30932
22788
172904
22808
31048
22716
172836
22852
31056
22832
172892
22888
29668
21456
162136
21572
29768
21484
162124
21568
29792
21552
162068
21712
29792
21680
162096
21556
29740
21632
162132
21532
29624
21576
162108
21604
29796
21588
162160
21532
29848
21588
162032
21560
29608
21580
162128
21556
29716
21560
162028
21596
30728
22588
170584
22452
30776
22656
170620
22540
30728
22740
170508
22540
30592
22740
170584
22532
30728
22500
170476
22636
30736
22740
170532
22412
30728
22456
170460
22540
30708
22556
170608
22464
30812
22596
170468
22504
30776
22624
170508
22692
29736
21448
161480
21472
29616
21520
161592
21500
29660
21524
161608
21500
29740
21616
161624
21512
29688
21492
161576
21512
29608
21572
161532
21500
29848
21492
161560
21500
29768
21616
161528
21352
29768
21540
161504
21544
29688
21528
161568
21464
28036
19948
148140
19776
28084
19992
148144
19912
28088
19920
148132
19884
28164
20108
148072
19920
28032
19956
148076
19844
28120
19808
148100
19968
28116
19948
148084
19960
28164
19856
148040
19956
28108
19948
148184
19896
28084
20048
148068
20076
29132
20908
156252
20884
28988
20784
156328
21040
28940
20832
156276
20964
29240
21084
156340
20808
29088
21000
156272
20800
29088
20852
156288
21044
28956
20964
156364
20880
28988
20916
156352
21040
29120
20832
156300
20888
29084
21004
156224
20888
28904
20776
155048
20716
28848
20776
154944
20744
28976
20644
154884
20644
28904
20752
154948
20816
28984
20764
154968
20780
28792
20768
154884
20836
28900
20824
154992
20732
29028
20812
155008
20780
28852
20740
154932
20836
28840
20852
155028
20600
29344
21140
158316
21132
29320
21044
158428
21208
29324
21180
158364
21148
29344
21028
158464
21056
29304
21176
158368
21108
29184
21148
158312
21120
29424
21076
158440
21148
29316
21092
158316
21048
29320
21032
158380
21176
29248
21096
158312
21148
30892
22504
170460
22440
30604
22732
170556
22580
30812
22584
170620
22576
30736
22484
170600
22580
30748
22628
170584
22412
30740
22580
170552
22556
30652
22572
170508
22588
30828
22436
170556
22580
30892
22544
170516
22392
30724
22484
170600
22412
26704
18640
136452
18488
26696
18744
136536
18576
26784
18652
136424
18508
26748
18724
136500
18680
26780
18648
136452
18632
26756
18552
136448
18440
26828
18572
136552
18456
26696
18612
136524
18632
26696
18504
136528
18740
26828
18568
136476
18508
77108
69056
570560
68820
77156
68976
570532
68912
77080
68984
570180
68924
77040
68924
570492
68936
76972
68980
570156
68788
77092
68912
570532
69016
77092
68924
570172
68924
77040
69012
570544
68996
77108
69084
570556
68836
77120
68864
570472
68824
79508
71424
592256
71312
79728
71548
592228
71364
79612
71728
592224
71296
79556
71548
592344
71404
79792
71488
592224
71404
79676
71668
592332
71596
79792
71428
592276
71416
79560
71548
592272
71296
79560
71536
592260
71408
79732
71620
592332
71356
78852
70840
586580
70776
78840
70884
586636
70944
79024
70796
586584
70764
78856
70864
586544
70804
79080
70888
586664
70788
79140
70784
586636
70704
78976
70948
586544
70644
79000
70872
586572
70640
78852
70876
586524
70708
78988
70864
586636
70800
80580
72268
599836
72500
80396
72336
599888
72344
80528
72412
599836
72216
80464
72416
599848
72196
80532
72412
599772
72268
80580
72268
599724
72384
80696
72428
599776
72336
80696
72336
599772
72340
80512
72404
599780
72260
80580
72484
599820
72420
82772
74816
620372
74736
82828
74864
620480
74688
82788
74816
620412
74684
82920
74744
620436
74872
82928
74868
620380
74624
82932
74828
620440
74768
82992
74824
620480
74760
82964
74900
620424
74688
82832
74800
620372
74592
82820
74820
620400
74696
80172
72092
597232
72056
80128
72100
597140
71928
80248
72048
597148
72012
80248
72040
597128
72000
80220
72036
597128
72104
80240
72048
597084
72084
80180
72220
597200
71976
80208
72280
597228
72160
80200
72168
597224
71924
80244
72160
597104
72008
68752
60868
499476
60692
68912
60816
499424
60776
68768
60692
499424
60700
68908
60648
499500
60716
68944
60628
499516
60736
68748
60748
499452
60856
68860
60932
499524
60740
68884
60696
499400
60748
68772
60680
499516
60668
69052
60768
499528
60748
75292
67040
553312
66800
75236
66912
553344
66816
75140
67080
553408
67040
75140
67032
553356
66800
75056
67044
553304
66988
75180
66952
553316
66908
75236
66912
553276
66920
75180
66960
553260
67040
75212
67032
553304
67020
75144
66952
553272
66988
62800
54780
448368
54728
63008
54788
448348
54812
63008
54872
448208
54752
62908
54772
448284
54592
62944
55020
448276
54728
63004
54792
448360
54704
63008
55020
448328
54640
63088
54944
448380
54752
62788
54884
448312
54740
62936
54908
448380
54788
82280
74144
614920
74112
82344
74200
614868
74072
82260
73996
614772
74064
82344
73996
614920
74076
82284
74200
614896
74116
82272
74168
614792
74076
82140
74100
614884
73928
82260
74028
614820
74076
82184
74032
614828
74228
82308
74168
614820
73972
45876
37764
300988
37740
45840
37716
300988
37664
45836
37788
300960
37760
45772
37812
300996
37652
45932
37756
300988
37568
45776
37640
300876
37580
45952
37680
301000
37740
45876
37728
301024
37664
45852
37808
301016
37820
46016
37572
300984
37644
38016
29880
233040
29768
37872
29784
233048
29744
38064
29872
233168
29868
38016
29796
233168
29764
38124
29884
233164
29676
37884
29804
233192
29928
37944
29752
233048
29764
38064
29796
233176
29772
37968
29896
233108
29864
37840
29736
233140
29812
48024
39932
319692
39988
48080
39920
319684
39800
47956
40020
319744
39704
48000
39984
319664
39840
48188
39848
319780
39836
48068
39992
319740
39808
48188
39984
319744
39840
48108
40020
319688
39812
47948
39944
319688
39992
48124
40036
319668
39872
45576
37684
299336
37440
45756
37544
299292
37540
45812
37568
299428
37320
45660
37516
299416
37432
45584
37568
299292
37560
45532
37380
299416
37512
45652
37528
299416
37388
45628
37516
299416
37368
45704
37452
299404
37336
45564
37536
299376
37512
38804
30812
241336
30708
39032
30800
241280
30836
38788
30848
241260
30732
39012
30968
241268
30756
38908
30904
241352
30780
38932
30680
241276
30756
38952
30848
241276
30716
39012
30776
241376
30716
38984
30800
241296
30656
38976
30880
241376
30732
35980
27812
215388
27736
35804
27668
215464
27740
36028
27828
215504
27660
35924
27668
215408
27740
35968
27784
215404
27752
36008
27884
215412
27708
35908
27812
215500
27604
35788
27888
215500
27812
35848
27728
215480
27812
35848
27816
215424
27732
43856
35744
283500
35684
43940
35720
283536
35496
43804
35720
283496
35516
43832
35744
283436
35644
43764
35720
283508
35716
43712
35908
283592
35568
43756
35848
283564
35568
43832
35656
283524
35716
43808
35752
283452
35660
43936
35756
283468
35548
38216
30000
234472
29856
38132
29952
234468
29800
38044
30028
234404
29848
38188
29984
234496
29944
38044
29976
234392
29812
38232
29988
234484
29932
38140
29840
234404
30100
38056
29984
234512
29800
38116
29988
234368
30040
38236
30140
234368
29984
39440
31352
245696
31252
39544
31364
245864
31108
39448
31332
245696
31244
39488
31292
245720
31244
39440
31364
245752
31152
39304
31392
245824
31104
39304
31228
245764
31228
39320
31356
245748
31240
39316
31408
245744
31244
39320
31240
245720
31244
41808
33616
266080
33580
41808
33740
266080
33616
41776
33744
266176
33628
41784
33744
266076
33516
41884
33552
266120
33708
41856
33620
266136
33520
41772
33552
266124
33616
41848
33700
266048
33628
41808
33668
266076
33484
41884
33744
266148
33684
26652
18528
136264
18568
26652
18772
136232
18704
26716
18468
136140
18568
26604
18604
136264
18552
26604
18472
136288
18544
26716
18616
136252
18548
26904
18540
136136
18600
26664
18616
136160
18600
26664
18520
136288
18552
26752
18536
136280
18628
30484
22276
168736
22316
30380
22260
168668
22360
30508
22444
168736
22408
30360
22500
168660
22216
30520
22372
168628
22316
30512
22256
168628
22216
30508
22476
168660
22316
30556
22560
168736
22408
30556
22416
168724
22352
30524
22272
168612
22312
32208
24052
183244
23984
32192
24096
183180
23900
32268
24144
183180
23912
32160
24144
183180
23852
32048
24048
183244
23996
32096
24088
183216
23916
32116
24064
183256
24152
32048
24040
183256
23912
32348
24144
183244
24044
32208
23904
183200
24012
33080
25004
191316
24884
33060
24876
191428
25036
33076
24860
191336
24936
33076
24876
191364
24976
33172
25004
191400
25008
33196
25016
191364
24952
33072
24928
191440
24828
33196
25044
191336
25008
33060
25096
191464
24976
33160
24980
191364
25116
28368
20044
148860
20064
28252
19920
148860
20064
28216
19952
148908
20108
28252
20088
148936
19888
28216
20056
148976
20032
28368
19964
148896
20016
28068
20068
148936
20016
28288
20148
148944
20108
28132
20020
148924
19936
28084
20208
148924
19940
30164
22192
166356
22064
30160
22092
166360
22016
30244
22084
166348
21916
30316
22120
166236
22092
30236
22192
166328
22040
30260
22272
166344
22200
30220
22132
166332
22204
30244
22132
166296
22048
30168
21988
166308
22084
30320
22192
166332
21972
33644
25380
195920
25428
33812
25596
195824
25376
33732
25428
195852
25360
33672
25540
195924
25428
33580
25516
195944
25384
33752
25540
195804
25432
33648
25524
195916
25460
33528
25376
195928
25616
33560
25564
195928
25536
33672
25572
195944
25332
26360
18276
133348
18108
26468
18348
133396
18164
26292
18276
133344
18352
26264
18240
133304
18244
26548
18196
133400
18236
26248
18312
133360
18352
26244
18272
133384
18100
26432
18348
133300
18244
26248
18344
133356
18244
26488
18128
133360
18236
28908
20956
155732
20812
28864
20896
155800
20724
29104
20876
155800
20908
29104
20732
155760
20716
29024
20856
155724
20828
29164
20796
155748
20812
28864
20856
155760
20788
28864
20732
155812
20852
29056
20896
155744
20856
28864
21036
155824
20812
30980
23020
173476
22840
31108
22840
173484
22720
30964
22900
173500
22720
31032
22780
173488
22864
31064
22848
173472
22856
31216
22840
173384
22788
31076
22836
173488
22736
30928
22892
173436
22840
30964
22796
173488
22856
31028
22840
173512
22956
32632
24656
186952
24512
32624
24576
186900
24360
32488
24548
186976
24512
32596
24492
186976
24340
32488
24480
186944
24412
32784
24504
186968
24360
32624
24360
186964
24436
32708
24428
186912
24532
32632
24472
186844
24412
32556
24540
186876
24408
37300
29116
226056
29104
37012
28992
226144
28940
37220
29076
226056
28820
37116
29080
226036
29048
37160
28952
226120
28952
37056
28980
226048
28944
37144
29004
226080
28872
37160
29096
226036
28804
37300
29124
225988
29104
37112
29048
226132
28864
45652
37476
299272
37528
45580
37592
299432
37576
45680
37456
299340
37520
45716
37456
299364
37636
45828
37568
299400
37384
45652
37452
299356
37396
45532
37552
299404
37472
45752
37628
299428
37456
45676
37600
299312
37336
45532
37520
299388
37352
41464
33316
262976
33248
41464
33336
262860
33408
41496
33328
262880
33296
41364
33364
262984
33300
41352
33324
263008
33124
41448
33316
262908
33168
41448
33480
262968
33408
41488
33360
263004
33248
41320
33368
262860
33328
41364
33248
262872
33256
40304
32100
252708
32052
40112
32084
252676
32152
40256
32096
252688
32136
40296
32228
252704
32076
40128
32256
252684
32108
40260
32156
252728
31980
40272
32168
252688
32212
40296
32084
252616
32056
40408
32216
252684
32156
40352
32228
252564
31932
41224
33116
262216
33124
41228
33404
262192
33128
41396
33220
262216
33016
41356
33324
262152
33128
41372
33324
262164
33160
41324
33248
262132
33236
41356
33292
262216
33084
41508
33164
262176
33208
41372
33120
262232
33032
41360
33248
262128
33204
37784
29620
231508
29468
37804
29504
231508
29596
37784
29568
231564
29592
37784
29644
231516
29568
37756
29624
231528
29596
37692
29728
231464
29752
37704
29668
231540
29672
37808
29556
231516
29640
37664
29628
231568
29644
37716
29508
231500
29572
44200
36256
287736
36108
44184
36112
287816
36224
44328
36132
287784
36124
44196
36064
287672
36036
44184
36128
287812
36148
44184
36120
287724
36136
44240
36224
287772
36124
44296
36196
287732
36212
44328
36132
287772
36148
44200
36212
287724
36148
41944
33876
267460
33744
41880
33912
267420
33696
41880
33916
267396
33748
42024
33888
267468
33784
42132
33728
267496
33756
41944
33848
267472
33784
41944
33772
267368
33756
41892
33964
267396
33632
42132
33968
267496
33636
42132
33872
267444
33772
34140
25852
199860
26020
34160
25904
199860
25944
34048
26072
199836
25968
34136
26000
199860
25800
34028
25852
199888
25944
34128
25856
199860
26024
34172
26096
199928
26084
34280
25856
199764
25784
34028
25916
199820
25904
34100
25852
199808
26004
4252
3436
5780
3428
4224
3412
5772
3512
4128
3492
5888
3340
4212
3300
5836
3448
4116
3460
5724
3352
4308
3484
5840
3288
4136
3420
5788
3292
4124
3540
5888
3588
4308
3516
5832
3436
4068
3300
5872
3360
4108
3420
5780
3396
4212
3300
5832
3468
4120
3328
5848
3388
4188
3404
5872
3436
4168
3344
5772
3432
4192
3284
5792
3432
4196
3396
5856
3292
4052
3348
5744
3276
4268
3528
5808
3276
4288
3420
5888
3276
4132
3364
6004
3432
4140
3428
6084
3516
4216
3304
6036
3440
4372
3604
6060
3456
4132
3600
6100
3440
4372
3372
6100
3516
4084
3352
6008
3484
4256
3420
5972
3596
4180
3352
6136
3432
4088
3448
6028
3416
4184
3368
6052
3488
4232
3416
6100
3432
4088
3548
6036
3480
4180
3444
6112
3364
4312
3520
6072
3412
4312
3352
6112
3364
4256
3460
6112
3416
4216
3452
6072
3456
4312
3452
6068
3480
4312
3320
6112
3408
4208
3448
5788
3360
4368
3448
5844
3532
4216
3444
5788
3452
4368
3460
5772
3308
4212
3436
5872
3404
4252
3420
5796
3308
4260
3484
5888
3404
4208
3444
5888
3528
4260
3448
5772
3432
4212
3520
5768
3428
4264
3304
6052
3520
4140
3376
6152
3484
4256
3500
6084
3492
4072
3452
6112
3408
4136
3468
5984
3432
4120
3500
6032
3448
4192
3496
6080
3448
4224
3452
6008
3348
4260
3308
6100
3444
4212
3548
6136
3436
4244
3580
5808
3424
4292
3408
5740
3572
4272
3344
5864
3292
4212
3424
5808
3332
4172
3332
5796
3324
4172
3284
5852
3412
4352
3400
5772
3576
4212
3352
5780
3324
4196
3340
5724
3396
4108
3420
5792
3496
4064
3408
5872
3304
4364
3512
5796
3508
4064
3312
5868
3472
4124
3480
5832
3436
4252
3364
5832
3480
4212
3480
5888
3436
4224
3352
5744
3420
4212
3352
5864
3420
4124
3412
5856
3432
4204
3444
5800
3288
4196
3308
6096
3492
4136
3456
5988
3420
4092
3324
5988
3368
4224
3304
6072
3364
4196
3452
6128
3408
4256
3356
6100
3540
4260
3452
6036
3312
4188
3468
6052
3416
4220
3492
6100
3368
4208
3456
6072
3448
4072
3520
6048
3440
4220
3448
6032
3428
4216
3492
6052
3488
4216
3604
6048
3312
4312
3604
6136
3344
4180
3420
6132
3488
4252
3604
6096
3444
4220
3600
6124
3360
4072
3448
6008
3408
4192
3416
6084
3596
8536
4596
16084
4760
8464
4716
16144
4684
8536
4524
16040
4464
8512
4476
16116
4604
8500
4544
16144
4608
8352
4524
16072
4576
8488
4472
16144
4524
8500
4716
16064
4524
8464
4620
16100
4532
8352
4664
16064
4612
8576
4592
16660
4688
8540
4540
16604
4776
8608
4560
16664
4548
8588
4560
16688
4548
8648
4736
16544
4672
8576
4684
16712
4668
8664
4764
16688
4548
8612
4680
16572
4832
8440
4784
16684
4676
8560
4844
16672
4580
8432
4736
16548
4772
8616
4744
16612
4596
8616
4568
16672
4776
8544
4552
16576
4684
8432
4552
16712
4696
8580
4620
16660
4648
8592
4708
16612
4536
8444
4736
16612
4552
8580
4852
16656
4756
8672
4548
16612
4672
8488
4476
15776
4496
8564
4652
15852
4668
8404
4528
15868
4448
8564
4568
15740
4444
8492
4680
15772
4592
8400
4644
15776
4644
8452
4508
15764
4748
8412
4700
15848
4496
8412
4520
15804
4560
8476
4572
15776
4592
8572
4724
16380
4820
8536
4772
16376
4704
8560
4772
16300
4676
8548
4652
16408
4536
8656
4692
16380
4668
8656
4676
16396
4588
8576
4676
16368
4520
8712
4828
16352
4588
8464
4832
16396
4536
8476
4752
16348
4740
8420
4648
16696
4540
8580
4652
16660
4540
8656
4716
16588
4592
8612
4656
16644
4668
8480
4692
16604
4744
8604
4652
16548
4584
8556
4720
16672
4660
8540
4668
16612
4660
8656
4548
16612
4668
8468
4660
16688
4684
8500
4576
15564
4464
8364
4628
15612
4564
8384
4584
15564
4476
8556
4628
15600
4472
8460
4676
15492
4552
8504
4568
15588
4600
8436
4496
15540
4552
8360
4548
15540
4560
8500
4656
15612
4560
8384
4584
15576
4572
8512
4692
15804
4608
8496
4708
15896
4580
8500
4620
15868
4680
8576
4488
15812
4596
8544
4656
15868
4476
8656
4488
15920
4652
8476
4488
15820
4604
8596
4540
15828
4520
8516
4584
15852
4644
8476
4472
15752
4756
8612
4792
16104
4612
8564
4684
16104
4624
8592
4636
16144
4584
8612
4600
16184
4536
8672
4732
16092
4532
8432
4684
16068
4716
8484
4636
16104
4592
8672
4792
16064
4528
8612
4624
16132
4716
8556
4628
16084
4612
8516
4588
16424
4724
8540
4660
16300
4552
8552
4664
16332
4636
8564
4532
16448
4500
8544
4676
16284
4616
8464
4588
16448
4548
8528
4664
16284
4616
8472
4520
16408
4616
8524
4668
16348
4640
8516
4740
16348
4652
13732
5796
27156
5944
13596
5888
27220
5976
13596
5900
27220
5872
13664
5892
27220
6060
13696
5960
27128
5760
13708
5824
27232
5944
13668
5892
27172
5804
13692
5924
27172
5904
13560
5964
27272
5904
13564
5780
27180
5828
13696
6048
28184
6056
13920
6084
28284
6064
13820
6084
28312
5988
13872
5948
28276
6036
13728
5900
28288
6096
13676
6016
28220
5944
13840
6136
28276
6176
13692
6008
28288
6024
13740
6116
28228
6096
13748
5968
28276
6096
13876
5944
27216
6060
13732
5944
27156
5944
13736
5944
27248
5912
13696
5832
27232
5900
13588
5828
27164
5908
13576
5828
27192
5780
13620
5904
27180
5780
13696
5972
27176
5820
13720
5904
27216
5924
13636
5852
27248
5952
13664
5996
27784
6056
13920
5948
27720
5884
13920
6136
27680
6000
13780
5832
27748
5936
13620
5980
27748
5976
13636
5852
27800
5960
13840
5992
27696
6008
13764
5980
27692
6004
13804
5880
27656
6036
13804
6132
27748
5884
13668
6024
27636
5964
13860
5984
27708
5816
13764
6076
27784
6116
13732
6132
27636
5928
13764
6028
27656
5972
13804
5884
27772
5964
13768
6132
27756
6004
13684
5892
27800
5816
13740
6136
27784
6112
13668
6076
27684
5864
13656
6184
28008
5980
13720
6076
28048
5912
13672
6028
27948
6084
13956
6104
28024
6048
13720
6004
28060
5972
13804
6032
28040
5972
13852
6016
28012
6000
13820
5992
27948
5932
13804
6032
27948
6084
13780
5900
28012
5976
13676
5888
27980
6084
13900
6080
28008
5864
13656
6080
27968
5860
13708
6080
27960
6104
13656
5884
28012
5912
13848
5936
27992
6020
13904
6020
27948
6056
13844
6124
27944
6104
13660
6000
28012
6000
13796
5888
27944
6080
13676
5836
26456
5740
13644
5936
26424
5696
13652
5856
26440
5980
13732
5996
26388
5900
13552
5888
26376
5800
13684
5856
26332
5816
13488
5840
26316
5824
13684
5856
26428
5896
13676
5840
26440
5980
13504
5844
26452
5868
13652
6012
28064
6040
13796
6096
28012
5964
13712
5924
27984
5908
13716
6012
27964
5968
13948
5996
28040
6032
13800
5924
27956
6008
13696
6024
27996
5916
13836
6060
27900
6144
13788
6176
27916
5984
13652
6036
27980
6068
13856
5856
27160
5872
13668
5936
27232
5880
13624
5788
27128
5872
13796
5836
27192
5900
13712
5836
27108
5776
13624
5976
27128
5944
13716
5856
27108
5952
13700
5972
27248
5808
13796
5848
27124
5824
13704
5948
27248
5916
23280
14932
105680
15000
23244
15032
105628
14984
23280
15100
105532
15084
23204
15052
105656
14880
23220
14932
105680
14908
23220
15036
105656
14912
23204
14964
105628
15000
23204
15108
105628
15000
23076
14964
105636
14924
23172
15064
105564
15008
22676
14384
100648
14284
22644
14380
100556
14448
22552
14340
100636
14528
22724
14460
100564
14336
22620
14340
100552
14588
22628
14384
100636
14332
22600
14324
100572
14304
22596
14508
100612
14352
22704
14624
100596
14480
22496
14504
100624
14420
22364
14332
99728
14300
22512
14436
99804
14168
22500
14380
99728
14328
22364
14436
99756
14408
22364
14344
99816
14280
22380
14264
99708
14312
22548
14316
99848
14360
22664
14244
99728
14236
22524
14316
99752
14360
22584
14196
99724
14212
22912
14664
103016
14744
22864
14824
103016
14856
22868
14768
102988
14568
22812
14792
102968
14856
22936
14768
103000
14748
23052
14824
102876
14748
22900
14908
103000
14568
22872
14720
102928
14736
22820
14608
102984
14796
22768
14656
102924
14664
22536
14260
99724
14304
22492
14212
99848
14404
22492
14452
99764
14320
22564
14372
99756
14376
22572
14332
99728
14252
22564
14228
99872
14232
22540
14512
99832
14180
22440
14400
99760
14296
22524
14348
99856
14252
22500
14404
99804
14364
22496
14356
99592
14208
22632
14392
99540
14284
22484
14232
99564
14324
22576
14172
99568
14276
22400
14240
99552
14272
22452
14472
99512
14328
22392
14236
99568
14380
22384
14296
99556
14252
22636
14184
99588
14208
22636
14284
99496
14136
22904
14696
103212
14708
22808
14780
103264
14656
23092
14652
103264
14896
22952
14696
103212
14716
22952
14820
103304
14744
22912
14784
103140
14708
22976
14648
103156
14656
22976
14828
103248
14836
23092
14636
103264
14756
23008
14752
103188
14816
23112
14796
104572
14976
23068
15016
104572
14792
23064
14900
104584
14856
22992
15016
104508
14792
22980
14924
104608
14896
23080
14916
104532
14856
22988
15000
104532
14976
22988
14900
104584
14880
23120
14916
104600
14752
23152
14912
104556
14800
22940
14932
104848
14748
23164
14848
104792
14932
23080
14896
104836
14884
22960
14932
104872
14860
23184
14840
104460
15048
22960
14844
104836
14932
23184
14932
104836
14932
22992
14800
104504
14816
22944
14852
104508
14908
23132
14896
104848
14760
20844
12748
85248
12648
20876
12796
85272
12544
20984
12692
85260
12636
20700
12624
85328
12600
20752
12556
85300
12728
20844
12572
85300
12680
20828
12740
85284
12636
20868
12700
85300
12532
20872
12572
85256
12500
20804
12740
85328
12708
31100
23116
174468
22976
31112
23040
174544
22968
31240
23076
174440
22916
31188
23132
174528
22968
31196
23136
174564
22972
31200
23040
174416
22872
31200
22964
174504
22872
31052
23056
174476
22872
31236
23036
174420
23000
31352
22940
174492
23004
31668
23736
179824
23592
31708
23736
179784
23640
31812
23608
179716
23452
31720
23560
179764
23568
31648
23608
179812
23696
31720
23644
179784
23516
31796
23512
179720
23636
31796
23564
179700
23576
31812
23628
179752
23696
31712
23540
179840
23456
31700
23736
180088
23520
31856
23764
180012
23688
31844
23844
180060
23620
31836
23760
180028
23636
32000
23764
179980
23624
31768
23688
180040
23612
31716
23736
180056
23636
31836
23688
180028
23688
31940
23540
180020
23636
31884
23688
180060
23652
31632
23600
179332
23436
31632
23584
179312
23608
31640
23624
179220
23500
31628
23600
179256
23528
31720
23764
179292
23508
31728
23584
179268
23456
31600
23656
179268
23688
31580
23512
179172
23404
31640
23600
179256
23624
31696
23532
179308
23688
31436
23256
175860
23000
31256
23104
175808
23000
31260
23176
175888
23060
31208
23180
175820
23220
31436
23256
175760
23140
31328
23036
175740
23240
31436
23196
175860
23068
31388
23228
175812
23148
31212
23148
175796
23068
31432
23156
175888
23160
32176
24108
183228
24008
32240
24164
183244
24020
32124
24160
183256
23924
32276
24036
183196
23920
32168
24164
183184
23860
32112
23940
183272
23860
32196
24036
183188
23980
32120
23992
183244
24004
32276
24036
183240
24080
32356
24144
183180
24160
32424
24176
184840
24160
32384
24172
184880
24264
32376
24124
184764
24180
32360
24224
184856
24040
32352
24408
184764
24088
32300
24328
184788
24092
32480
24348
184828
24188
32296
24168
184796
24344
32300
24252
184856
24260
32240
24252
184880
24188
31324
23192
175800
23076
31332
23292
175876
23152
31392
23240
175788
23072
31372
23244
175852
23124
31224
23232
175904
23208
31404
23200
175796
23164
31280
23052
175864
23136
31268
23096
175852
23160
31320
23212
175904
23084
31212
23164
175820
23084
30832
22672
171364
22652
30748
22540
171372
22492
30752
22704
171376
22540
30832
22824
171372
22628
30904
22680
171316
22684
30808
22764
171336
22560
30988
22540
171304
22628
30836
22572
171308
22712
30984
22572
171364
22792
30836
22540
171272
22612
32608
24324
186672
24484
32700
24320
186676
24324
32572
24392
186636
24264
32608
24392
186584
24312
32600
24564
186632
24420
32460
24384
186584
24324
32572
24340
186660
24560
32580
24436
186712
24280
32592
24384
186620
24480
32596
24392
186676
24484
86396
78460
651488
78336
86452
78268
651512
78204
86532
78460
651488
78324
86400
78376
651552
78428
86604
78392
651564
78300
86504
78428
651580
78376
86384
78328
651488
78200
86568
78460
651512
78300
86524
78428
651532
78296
86572
78408
651580
78336
87708
79636
661824
79484
87716
79688
661812
79372
87636
79656
661808
79520
87632
79732
661772
79592
87868
79608
661812
79612
87788
79632
661828
79372
87680
79632
661928
79388
87752
79644
661828
79508
87568
79516
661836
79516
87680
79556
661904
79372
85228
77060
640996
77120
85464
77188
641004
77020
85184
77044
640928
77212
85304
77192
641072
77084
85280
77204
641072
77272
85184
77092
640956
77188
85216
77200
641048
77032
85224
77156
640928
77120
85276
77044
640988
77016
85388
77060
640952
77208
84588
76436
635052
76440
84744
76508
634988
76408
84564
76516
634880
76264
84744
76520
634984
76380
84588
76616
635000
76248
84632
76496
634900
76488
84456
76596
634984
76488
84512
76492
635016
76548
84592
76568
634928
76360
84624
76512
634924
76436
87548
79624
660308
79192
87536
79460
660304
79432
87604
79392
660364
79240
87432
79544
660292
79324
87628
79340
660376
79336
87500
79440
660416
79248
87520
79340
660244
79252
87608
79384
660388
79308
87388
79432
660240
79336
87628
79460
660368
79240
88656
80616
669304
80424
88584
80616
669252
80376
88676
80500
669156
80240
88572
80428
669212
80296
88580
80556
669304
80432
88736
80424
669204
80480
88548
80476
669176
80300
88732
80436
669212
80388
88572
80504
669264
80480
88500
80532
669212
80236
81900
73700
611188
73576
81932
73632
611188
73664
81732
73728
611224
73532
81956
73636
611200
73536
81828
73696
611236
73676
81908
73736
611092
73520
81956
73720
611096
73664
82016
73588
611124
73664
81780
73748
611120
73632
81836
73748
611240
73664
84072
76148
631512
75920
84056
75992
631516
76008
84200
76052
631452
76044
84056
76124
631568
76008
84164
76152
631516
76044
84056
76080
631424
75980
84124
76088
631452
75904
84072
76092
631424
76008
84292
76068
631472
75928
84168
76052
631528
76020
85680
77552
642972
77232
85380
77372
643068
77484
85380
77328
643000
77320
85380
77432
643056
77324
85440
77532
643044
77232
85620
77552
643080
77184
85528
77552
643040
77316
85676
77504
642924
77196
85600
77500
643080
77316
85512
77504
642940
77364
87320
79080
657916
79240
87256
79168
657852
79060
87292
79136
657876
79240
87436
79244
657876
78988
87256
79132
657820
79176
87292
79144
657968
78988
87180
79204
657928
79052
87352
79088
657852
79124
87184
79168
657860
78996
87256
79184
657856
79072
50604
42252
340636
42292
50524
42316
340568
42120
50420
42484
340556
42268
50412
42316
340572
42268
50440
42428
340620
42268
50544
42424
340536
42244
50440
42424
340552
42176
50416
42296
340588
42168
50416
42200
340548
42252
50540
42196
340472
42220
43648
35548
281992
35440
43516
35452
281932
35456
43572
35644
281888
35324
43804
35460
281888
35444
43652
35452
282028
35320
43804
35420
281992
35464
43572
35472
281916
35372
43560
35644
281916
35452
43744
35548
281980
35456
43804
35516
281948
35432
46836
38544
308908
38556
46676
38704
308844
38436
46752
38548
308920
38716
46856
38624
308944
38564
46776
38632
308792
38540
46736
38536
308844
38568
46732
38680
308856
38660
46632
38596
308956
38552
46836
38536
308860
38556
46736
38536
308816
38564
50504
42208
339808
42124
50324
42200
339824
42248
50200
42276
339756
42128
50388
42436
339892
42304
50504
42196
339816
42168
50348
42376
339808
42228
50424
42332
339816
42308
50364
42276
339756
42076
50388
42328
339900
42192
50312
42196
339884
42056
49048
40984
328180
40776
49012
40908
328232
40736
49012
40948
328116
40808
49164
40832
328232
40724
49048
40824
328188
40884
49024
40812
328068
40816
49048
41064
328164
40968
49104
40884
328180
40852
49012
40876
328132
40852
49008
40812
328064
40736
51380
43436
350004
43328
51396
43556
350096
43484
51500
43384
349948
43244
51620
43464
349924
43480
51560
43508
349924
43184
51436
43612
349984
43296
51440
43316
350072
43244
51540
43376
350008
43300
51448
43532
349984
43252
51516
43312
349988
43376
49336
41232
331096
41176
49492
41192
331024
41144
49192
41120
330992
41296
49336
41184
331084
41136
49336
41372
331020
41104
49432
41132
331120
41108
49384
41264
331096
41116
49188
41140
331132
41144
49428
41372
331136
41060
49312
41180
331084
41056
46988
39028
312112
38856
47288
39060
312044
38852
47228
38988
312028
38912
47100
38912
312076
38932
47124
38980
312056
38792
47128
38980
312028
38940
47056
39168
312008
39032
47148
39000
312028
38976
47004
39084
311944
38984
47148
39168
312028
38852
48308
40296
322136
40204
48228
40172
322144
40032
48304
40204
322052
40148
48276
40204
322108
39960
48160
40116
322160
40076
48400
40240
322060
40024
48348
40356
322048
40204
48352
40192
322144
39964
48308
40168
322124
40108
48380
40112
322044
40112
49668
41604
333632
41508
49668
41660
333760
41456
49664
41504
333708
41384
49576
41592
333612
41436
49580
41576
333684
41444
49664
41504
333776
41392
49680
41588
333668
41484
49760
41636
333760
41480
49820
41512
333756
41372
49568
41552
333660
41516
34016
25820
198576
25628
34008
25904
198568
25776
33896
25804
198584
25768
33976
25984
198516
25816
34012
25828
198464
25780
34020
25820
198504
25692
33844
25872
198564
25788
34016
25700
198584
25852
34068
25868
198592
25872
33984
25684
198500
25644
37052
29040
224428
28796
36880
28852
224396
28684
37132
28852
224456
28768
37020
28800
224440
28876
36844
28932
224396
28780
36892
28884
224480
28828
36968
28884
224436
28748
36976
28808
224440
28772
36952
28784
224480
28816
37072
28872
224388
28768
35296
27292
210588
27088
35296
27168
210672
27340
35416
27116
210644
27232
35376
27340
210708
27200
35384
27284
210660
27108
35304
27340
210660
27108
35476
27220
210684
27152
35236
27320
210672
27224
35252
27400
210660
27180
35296
27212
210652
27176
36340
28348
219612
28244
36396
28456
219672
28204
36292
28340
219636
28320
36496
28224
219660
28084
36472
28348
219684
28152
36428
28340
219608
28080
36520
28292
219728
28300
36348
28316
219620
28304
36328
28156
219712
28132
36500
28452
219648
28384
33740
25532
197248
25640
33792
25500
197180
25784
33980
25532
197220
25672
33920
25632
197172
25544
33824
25488
197236
25544
33800
25608
197204
25484
33828
25608
197176
25596
33920
25704
197204
25552
33696
25620
197288
25676
33812
25620
197132
25540
36400
28352
219612
28240
36472
28300
219648
28140
36472
28216
219624
28248
36432
28280
219728
28108
36348
28312
219700
28092
36432
28232
219648
28204
36424
28408
219712
28336
36480
28168
219564
28332
36588
28468
219684
28240
36348
28184
219584
28228
35960
27840
217040
27876
36144
27840
217048
27872
35956
28064
217008
27908
35960
28016
217048
27884
36200
27884
216988
27908
36028
28016
216680
28000
36196
27872
217020
28064
36004
27884
217020
27808
36204
27840
217032
27884
35960
28124
217048
27876
36592
28472
221196
28392
36456
28508
221244
28320
36696
28504
221232
28444
36588
28364
221296
28380
36648
28372
221260
28480
36516
28360
221212
28256
36696
28360
221272
28420
36616
28420
221244
28444
36456
28480
221148
28396
36516
28496
221192
28500
34256
25916
200076
26060
34252
25888
200168
25980
34200
26056
200168
26056
34084
26032
200084
25964
34016
26168
200092
25956
34232
26112
200100
25832
34260
25932
200124
25888
34200
25920
200140
26036
34208
26088
200120
25836
34128
26108
200044
25956
35688
27676
213608
27532
35608
27504
213628
27560
35632
27492
213604
27380
35620
27732
213564
27552
35676
27500
213604
27560
35632
27576
213564
27436
35684
27556
213612
27668
35800
27596
213556
27480
35684
27500
213492
27416
35860
27448
213512
27512
49520
41552
332744
41320
49424
41528
332752
41476
49488
41612
332700
41192
49536
41328
332632
41240
49568
41528
332792
41236
49424
41312
332768
41368
49560
41472
332720
41372
49592
41552
332756
41312
49444
41504
332776
41396
49392
41360
332720
41328
49668
41676
334740
41424
49780
41496
334400
41724
49764
41644
334808
41536
49780
41492
334452
41660
49920
41556
334420
41644
49636
41556
334780
41664
49840
41564
334780
41420
49756
41632
334716
41660
49760
41632
334400
41568
49732
41612
334792
41544
48116
40052
321052
40080
48272
40008
321064
40100
48248
39924
320956
39856
48292
39984
321024
40008
48200
40084
321052
40040
48276
40020
320996
40156
48200
39932
320984
40100
48240
39932
321024
39996
48104
39880
321064
39908
48068
39864
321080
40100
50992
42848
344016
42688
50932
42696
344060
42512
50704
42696
344088
42716
50908
42672
344104
42796
50708
42736
344056
42632
50752
42748
344100
42552
50836
42748
344096
42492
50752
42692
343968
42680
50828
42696
344028
42544
50992
42736
344076
42716
50416
42256
339848
42072
50284
42160
339740
42088
50412
42304
339768
42148
50268
42124
339756
42040
50292
42224
339796
42140
50368
42412
339684
42096
50336
42332
339732
42172
50372
42260
339680
42176
50384
42260
339780
42268
50464
42248
339848
42208
48996
41076
329404
40972
48992
41052
329368
40800
49164
41060
329352
41084
49040
41060
329408
41000
48996
41108
329232
40784
48980
40976
329360
40800
49092
41136
329304
40844
48976
41028
329328
40800
49028
41216
329288
40944
48980
40972
329316
41084
49076
40888
328116
40676
48988
40964
328232
40676
48872
40768
328228
40880
49048
40988
328180
40804
48968
40916
328188
40804
49152
40788
328116
40820
48904
41008
328120
40956
49040
40824
328140
40720
49004
41004
328232
40720
49048
40836
328112
40676
48072
39852
320296
39812
48000
39980
320296
39936
48072
40024
320284
39948
48144
39980
320168
39896
48072
39944
320288
39804
48144
39948
320272
39816
48112
40136
320196
39820
48136
39904
320204
39916
48100
39852
320260
39896
48008
39836
320228
39900
49304
41300
330132
40980
49284
41180
330132
41004
49124
40996
330056
41108
49248
41000
330132
41008
49200
41012
330144
41060
49208
41160
330144
40868
49080
41300
329988
41108
49180
41068
330144
41000
49200
41220
330116
41164
49244
41048
330056
41012
46212
38084
304168
38008
46084
37940
304180
37888
46260
38084
304180
37916
46136
38052
304168
37992
46200
37940
304064
38032
46136
38088
304156
37868
46112
38000
304168
37984
46308
38088
304168
37992
46080
38180
304184
38112
46368
38052
304096
37996
