dataset/cant_uni_01_1 0 66865 6338
dataset/cant_uni_01_2 0 66118 6323
dataset/cant_uni_01_3 0 65926 6452
dataset/cant_uni_01_4 0 65998 6551
dataset/cant_uni_01_5 0 66050 6386
dataset/cant_uni_01_6 0 66541 6470
dataset/cant_uni_01_7 0 66675 6360
dataset/cant_uni_01_8 0 66381 6444
dataset/cant_uni_01_9 0 66216 6499
dataset/cant_uni_01_10 0 66978 6454
dataset/cant_uni_05_1 0 279582 12879
dataset/cant_uni_05_2 0 281039 13061
dataset/cant_uni_05_3 0 283790 12941
dataset/cant_uni_05_4 0 279580 13109
dataset/cant_uni_05_5 0 280033 13024
dataset/cant_uni_05_6 0 279713 12757
dataset/cant_uni_05_7 0 281130 12712
dataset/cant_uni_05_8 0 279670 12998
dataset/cant_uni_05_9 0 278794 13050
dataset/cant_uni_05_10 0 279001 12981
dataset/cant_uni_1_1 0 513375 17239
dataset/cant_uni_1_2 0 515591 17174
dataset/cant_uni_1_3 0 520498 17123
dataset/cant_uni_1_4 0 515349 16887
dataset/cant_uni_1_5 0 515257 17226
dataset/cant_uni_1_6 0 515458 16968
dataset/cant_uni_1_7 0 516628 17241
dataset/cant_uni_1_8 0 513848 17253
dataset/cant_uni_1_9 0 516209 17165
dataset/cant_uni_1_10 0 523041 17114
dataset/cant_uni_5_1 0 2085030 32257
dataset/cant_uni_5_2 0 2099886 32271
dataset/cant_uni_5_3 0 2063353 32487
dataset/cant_uni_5_4 0 2061782 32364
dataset/cant_uni_5_5 0 2065469 32215
dataset/cant_uni_5_6 0 2082449 32193
dataset/cant_uni_5_7 0 2057687 32679
dataset/cant_uni_5_8 0 2065970 32302
dataset/cant_uni_5_9 0 2068086 32315
dataset/cant_uni_5_10 0 2062590 32554
dataset/cant_uni_10_1 0 3679472 42041
dataset/cant_uni_10_2 0 3680754 42216
dataset/cant_uni_10_3 0 3706130 42128
dataset/cant_uni_10_4 0 3735999 42387
dataset/cant_uni_10_5 0 3677177 42292
dataset/cant_uni_10_6 0 3681322 43213
dataset/cant_uni_10_7 0 3718389 43170
dataset/cant_uni_10_8 0 3664358 42456
dataset/cant_uni_10_9 0 3665596 43407
dataset/cant_uni_10_10 0 3742734 42384
dataset/cant_uni_50_1 0 13244286 71295
dataset/cant_uni_50_2 0 13188473 71110
dataset/cant_uni_50_3 0 13200487 71356
dataset/cant_uni_50_4 0 13194626 71299
dataset/cant_uni_50_5 0 13146111 70946
dataset/cant_uni_50_6 0 13450311 71000
dataset/cant_uni_50_7 0 13482237 70753
dataset/cant_uni_50_8 0 13212425 71127
dataset/cant_uni_50_9 0 13173701 71261
dataset/cant_uni_50_10 0 13267742 71116
dataset/dens_uni_1_1 0 1370952 17693
dataset/dens_uni_1_2 0 1369506 17665
dataset/dens_uni_1_3 0 1369348 17725
dataset/dens_uni_1_4 0 1370027 17503
dataset/dens_uni_1_5 0 1385419 17560
dataset/dens_uni_1_6 0 1372544 17650
dataset/dens_uni_1_7 0 1368788 17541
dataset/dens_uni_1_8 0 1368474 18296
dataset/dens_uni_1_9 0 1375177 17662
dataset/dens_uni_1_10 0 1365393 17557
dataset/dens_uni_5_1 0 4267153 27642
dataset/dens_uni_5_2 0 4357110 27641
dataset/dens_uni_5_3 0 4257160 27667
dataset/dens_uni_5_4 0 4279631 27543
dataset/dens_uni_5_5 0 4279017 27577
dataset/dens_uni_5_6 0 4263508 27648
dataset/dens_uni_5_7 0 4271269 27594
dataset/dens_uni_5_8 0 4269318 27705
dataset/dens_uni_5_9 0 4254425 27709
dataset/dens_uni_5_10 0 4260365 27715
dataset/dens_uni_10_1 0 6503472 32515
dataset/dens_uni_10_2 0 6528428 32359
dataset/dens_uni_10_3 0 6535896 32408
dataset/dens_uni_10_4 0 6506617 32377
dataset/dens_uni_10_5 0 6510535 32419
dataset/dens_uni_10_6 0 6512140 32541
dataset/dens_uni_10_7 0 6500259 32407
dataset/dens_uni_10_8 0 6515450 32473
dataset/dens_uni_10_9 0 6512699 32426
dataset/dens_uni_10_10 0 6521220 32353
dataset/matr_uni_13_1 0 247355 8708
dataset/matr_uni_13_2 0 248171 8552
dataset/matr_uni_13_3 0 249286 8658
dataset/matr_uni_13_4 0 249964 8704
dataset/matr_uni_13_5 0 246891 8616
dataset/matr_uni_13_6 0 247125 8657
dataset/matr_uni_13_7 0 247817 8605
dataset/matr_uni_13_8 0 249843 8608
dataset/matr_uni_13_9 0 248407 8607
dataset/matr_uni_13_10 0 247958 8584
dataset/matr_uni_14_1 0 84420 5756
dataset/matr_uni_14_2 0 84363 5654
dataset/matr_uni_14_3 0 84307 5675
dataset/matr_uni_14_4 0 85142 5603
dataset/matr_uni_14_5 0 84272 5611
dataset/matr_uni_14_6 0 84626 5755
dataset/matr_uni_14_7 0 85461 5757
dataset/matr_uni_14_8 0 84354 5720
dataset/matr_uni_14_9 0 84541 5770
dataset/matr_uni_14_10 0 85975 5643
dataset/matr_uni_15_1 0 26726 3405
dataset/matr_uni_15_2 0 26560 3413
dataset/matr_uni_15_3 0 26529 3331
dataset/matr_uni_15_4 0 27031 3467
dataset/matr_uni_15_5 0 26631 3412
dataset/matr_uni_15_6 0 26882 3456
dataset/matr_uni_15_7 0 28776 3406
dataset/matr_uni_15_8 0 26977 3359
dataset/matr_uni_15_9 0 26964 3380
dataset/matr_uni_15_10 0 26708 3355
dataset/matr_uni_16_1 0 8079 1961
dataset/matr_uni_16_2 0 8439 1999
dataset/matr_uni_16_3 0 9149 2019
dataset/matr_uni_16_4 0 8606 1978
dataset/matr_uni_16_5 0 10479 2039
dataset/matr_uni_16_6 0 10413 1969
dataset/matr_uni_16_7 0 7999 2009
dataset/matr_uni_16_8 0 8327 1939
dataset/matr_uni_16_9 0 8381 1971
dataset/matr_uni_16_10 0 8013 1952
dataset/matr_uni_16_1 0 58 52
dataset/matr_uni_16_2 0 57 57
dataset/matr_uni_16_3 0 58 54
dataset/matr_uni_16_4 0 55 69
dataset/matr_uni_16_5 0 50 55
dataset/matr_uni_16_6 0 50 47
dataset/matr_uni_16_7 0 60 64
dataset/matr_uni_16_8 0 60 70
dataset/matr_uni_16_9 0 50 58
dataset/matr_uni_16_10 0 53 51
dataset/matr_uni_16_1 0 223 82
dataset/matr_uni_16_2 0 221 76
dataset/matr_uni_16_3 0 242 88
dataset/matr_uni_16_4 0 235 84
dataset/matr_uni_16_5 0 229 76
dataset/matr_uni_16_6 0 206 59
dataset/matr_uni_16_7 0 235 82
dataset/matr_uni_16_8 0 232 80
dataset/matr_uni_16_9 0 234 89
dataset/matr_uni_16_10 0 247 77
dataset/matr_uni_16_1 0 5169 933
dataset/matr_uni_16_2 0 5349 1012
dataset/matr_uni_16_3 0 5230 1016
dataset/matr_uni_16_4 0 5249 1018
dataset/matr_uni_16_5 0 5258 972
dataset/matr_uni_16_6 0 5121 973
dataset/matr_uni_16_7 0 5183 966
dataset/matr_uni_16_8 0 5248 1013
dataset/matr_uni_16_9 0 5343 981
dataset/matr_uni_16_10 0 5196 959
dataset/matr_uni_16_1 0 51633 3050
dataset/matr_uni_16_2 0 51505 2959
dataset/matr_uni_16_3 0 51786 2922
dataset/matr_uni_16_4 0 52468 2991
dataset/matr_uni_16_5 0 52160 2915
dataset/matr_uni_16_6 0 51590 3025
dataset/matr_uni_16_7 0 51483 3030
dataset/matr_uni_16_8 0 52148 2972
dataset/matr_uni_16_9 0 51680 2939
dataset/matr_uni_16_10 0 51968 3038
dataset/matr_uni_16_1 0 128629 9
dataset/matr_uni_16_2 0 128750 8
dataset/matr_uni_16_3 0 129039 9
dataset/matr_uni_16_4 0 130098 10
dataset/matr_uni_16_5 0 128493 10
dataset/matr_uni_16_6 0 128445 8
dataset/matr_uni_16_7 0 128693 9
dataset/matr_uni_16_8 0 129702 9
dataset/matr_uni_16_9 0 128839 10
dataset/matr_uni_16_10 0 128700 8
dataset/matr_uni_16_1 0 258404 4186
dataset/matr_uni_16_2 0 259896 4198
dataset/matr_uni_16_3 0 258001 4206
dataset/matr_uni_16_4 0 258364 4213
dataset/matr_uni_16_5 0 265855 4232
dataset/matr_uni_16_6 0 257945 4205
dataset/matr_uni_16_7 0 257430 4213
dataset/matr_uni_16_8 0 257314 4209
dataset/matr_uni_16_9 0 257206 4326
dataset/matr_uni_16_10 0 261432 4218
dataset/matr_uni_16_1 0 513951 10530
dataset/matr_uni_16_2 0 514557 10611
dataset/matr_uni_16_3 0 512747 10594
dataset/matr_uni_16_4 0 510698 10599
dataset/matr_uni_16_5 0 514508 10684
dataset/matr_uni_16_6 0 510905 10709
dataset/matr_uni_16_7 0 510756 10705
dataset/matr_uni_16_8 0 517052 10645
dataset/matr_uni_16_9 0 508218 10584
dataset/matr_uni_16_10 0 508249 10611
dataset/matr_uni_16_1 0 514312 10
dataset/matr_uni_16_2 0 514964 10
dataset/matr_uni_16_3 0 518469 9
dataset/matr_uni_16_4 0 522243 10
dataset/matr_uni_16_5 0 513024 10
dataset/matr_uni_16_6 0 517501 9
dataset/matr_uni_16_7 0 514723 10
dataset/matr_uni_16_8 0 515382 9
dataset/matr_uni_16_9 0 515428 10
dataset/matr_uni_16_10 0 514729 10
dataset/cant_clu_01_1 0 62824 2895
dataset/cant_clu_01_2 0 59194 3709
dataset/cant_clu_01_3 0 61242 2885
dataset/cant_clu_01_4 0 62219 2643
dataset/cant_clu_01_5 0 61528 3862
dataset/cant_clu_01_6 0 60215 2950
dataset/cant_clu_01_7 0 60127 2869
dataset/cant_clu_01_8 0 63284 3566
dataset/cant_clu_01_9 0 62660 3242
dataset/cant_clu_01_10 0 62841 3904
dataset/cant_clu_05_1 0 251817 4429
dataset/cant_clu_05_2 0 234822 5695
dataset/cant_clu_05_3 0 251080 5216
dataset/cant_clu_05_4 0 254856 7282
dataset/cant_clu_05_5 0 262074 7002
dataset/cant_clu_05_6 0 237224 2759
dataset/cant_clu_05_7 0 240243 3150
dataset/cant_clu_05_8 0 258296 4829
dataset/cant_clu_05_9 0 255908 6626
dataset/cant_clu_05_10 0 254853 6773
dataset/cant_clu_1_1 0 469750 4316
dataset/cant_clu_1_2 0 496827 9450
dataset/cant_clu_1_3 0 492802 10225
dataset/cant_clu_1_4 0 459223 8357
dataset/cant_clu_1_5 0 468042 7408
dataset/cant_clu_1_6 0 461260 10426
dataset/cant_clu_1_7 0 455099 7307
dataset/cant_clu_1_8 0 422809 6241
dataset/cant_clu_1_9 0 464311 4760
dataset/cant_clu_1_10 0 469823 7429
dataset/cant_clu_5_1 0 1865001 17248
dataset/cant_clu_5_2 0 1863092 10506
dataset/cant_clu_5_3 0 1687679 9752
dataset/cant_clu_5_4 0 1886112 11257
dataset/cant_clu_5_5 0 1863645 9519
dataset/cant_clu_5_6 0 1873781 9749
dataset/cant_clu_5_7 0 1936327 16150
dataset/cant_clu_5_8 0 1612656 9287
dataset/cant_clu_5_9 0 1782402 8842
dataset/cant_clu_5_10 0 1872686 11181
dataset/cant_clu_10_1 0 3396768 32076
dataset/cant_clu_10_2 0 3153930 13567
dataset/cant_clu_10_3 0 3337266 31525
dataset/cant_clu_10_4 0 3135778 20366
dataset/cant_clu_10_5 0 2856218 12030
dataset/cant_clu_10_6 0 3029387 19347
dataset/cant_clu_10_7 0 3015080 6006
dataset/cant_clu_10_8 0 3080103 11720
dataset/cant_clu_10_9 0 3336777 19949
dataset/cant_clu_10_10 0 2629849 16904
dataset/cant_clu_50_1 0 11001417 40094
dataset/cant_clu_50_2 0 11477842 41865
dataset/cant_clu_50_3 0 11401755 29982
dataset/cant_clu_50_4 0 11758030 28703
dataset/cant_clu_50_5 0 12010373 56355
dataset/cant_clu_50_6 0 11588496 50732
dataset/cant_clu_50_7 0 9529950 14001
dataset/cant_clu_50_8 0 10641032 24982
dataset/cant_clu_50_9 0 8605962 32651
dataset/cant_clu_50_10 0 11933637 36046
dataset/dens_clu_1_1 0 5694007 21025
dataset/dens_clu_1_2 0 4309992 18128
dataset/dens_clu_1_3 0 5958294 21524
dataset/dens_clu_1_4 0 5546313 22345
dataset/dens_clu_1_5 0 4654583 21971
dataset/dens_clu_1_6 0 3962799 9001
dataset/dens_clu_1_7 0 5266735 18306
dataset/dens_clu_1_8 0 4317283 14127
dataset/dens_clu_1_9 0 4531598 14544
dataset/dens_clu_1_10 0 4924162 12276
dataset/dens_clu_5_1 0 2495632 6053
dataset/dens_clu_5_2 0 3135358 17679
dataset/dens_clu_5_3 0 3420501 13729
dataset/dens_clu_5_4 0 3553314 13119
dataset/dens_clu_5_5 0 2747275 7508
dataset/dens_clu_5_6 0 3074899 9209
dataset/dens_clu_5_7 0 3646825 14303
dataset/dens_clu_5_8 0 2434202 2120
dataset/dens_clu_5_9 0 2869310 14745
dataset/dens_clu_5_10 0 3216549 9777
dataset/dens_clu_10_1 0 3404180 11595
dataset/dens_clu_10_2 0 4142245 13439
dataset/dens_clu_10_3 0 5546982 26402
dataset/dens_clu_10_4 0 4860420 11312
dataset/dens_clu_10_5 0 4658674 14874
dataset/dens_clu_10_6 0 4977437 16061
dataset/dens_clu_10_7 0 4252719 15717
dataset/dens_clu_10_8 0 5319794 16460
dataset/dens_clu_10_9 0 4934556 9087
dataset/dens_clu_10_10 0 3651842 10864
dataset/matr_clu_13_1 0 166637 3350
dataset/matr_clu_13_2 0 219858 4610
dataset/matr_clu_13_3 0 209891 4204
dataset/matr_clu_13_4 0 186678 2824
dataset/matr_clu_13_5 0 182958 2793
dataset/matr_clu_13_6 0 137502 2277
dataset/matr_clu_13_7 0 198660 4367
dataset/matr_clu_13_8 0 190550 3887
dataset/matr_clu_13_9 0 191750 4023
dataset/matr_clu_13_10 0 206305 3780
dataset/matr_clu_14_1 0 49722 3931
dataset/matr_clu_14_2 0 57776 2453
dataset/matr_clu_14_3 0 83870 4812
dataset/matr_clu_14_4 0 61628 2106
dataset/matr_clu_14_5 0 111670 4601
dataset/matr_clu_14_6 0 117595 6141
dataset/matr_clu_14_7 0 126824 2890
dataset/matr_clu_14_8 0 73172 4299
dataset/matr_clu_14_9 0 45658 2984
dataset/matr_clu_14_10 0 79370 4993
dataset/matr_clu_15_1 0 3354 1149
dataset/matr_clu_15_2 0 80848 4519
dataset/matr_clu_15_3 0 60518 3996
dataset/matr_clu_15_4 0 0 0
dataset/matr_clu_15_5 0 0 0
dataset/matr_clu_15_6 0 5479 1515
dataset/matr_clu_15_7 0 82868 4735
dataset/matr_clu_15_8 0 205 311
dataset/matr_clu_15_9 0 5705 1207
dataset/matr_clu_15_10 0 0 0
dataset/matr_clu_16_1 0 16849 2549
dataset/matr_clu_16_2 0 9 31
dataset/matr_clu_16_3 0 4813 1106
dataset/matr_clu_16_4 0 0 1
dataset/matr_clu_16_5 0 913 532
dataset/matr_clu_16_6 0 22 65
dataset/matr_clu_16_7 0 24 65
dataset/matr_clu_16_8 0 3787 1274
dataset/matr_clu_16_9 0 5437 1451
dataset/matr_clu_16_10 0 0 0
dataset/matr_clu_16_1 0 47 47
dataset/matr_clu_16_2 0 67 58
dataset/matr_clu_16_3 0 13 19
dataset/matr_clu_16_4 0 140 91
dataset/matr_clu_16_5 0 28 36
dataset/matr_clu_16_6 0 138 85
dataset/matr_clu_16_7 0 93 70
dataset/matr_clu_16_8 0 7 17
dataset/matr_clu_16_9 0 30 43
dataset/matr_clu_16_10 0 122 78
dataset/matr_clu_16_1 0 182 73
dataset/matr_clu_16_2 0 239 88
dataset/matr_clu_16_3 0 59 37
dataset/matr_clu_16_4 0 568 151
dataset/matr_clu_16_5 0 95 44
dataset/matr_clu_16_6 0 590 173
dataset/matr_clu_16_7 0 384 113
dataset/matr_clu_16_8 0 20 20
dataset/matr_clu_16_9 0 132 60
dataset/matr_clu_16_10 0 484 151
dataset/matr_clu_16_1 0 4749 861
dataset/matr_clu_16_2 0 6316 986
dataset/matr_clu_16_3 0 1647 578
dataset/matr_clu_16_4 0 12906 1260
dataset/matr_clu_16_5 0 2963 695
dataset/matr_clu_16_6 0 13413 1312
dataset/matr_clu_16_7 0 9036 1178
dataset/matr_clu_16_8 0 519 248
dataset/matr_clu_16_9 0 3310 813
dataset/matr_clu_16_10 0 11474 1230
dataset/matr_clu_16_1 0 47325 2088
dataset/matr_clu_16_2 0 62543 3037
dataset/matr_clu_16_3 0 30995 2568
dataset/matr_clu_16_4 0 76790 2333
dataset/matr_clu_16_5 0 45012 2543
dataset/matr_clu_16_6 0 117127 4566
dataset/matr_clu_16_7 0 83334 3821
dataset/matr_clu_16_8 0 14958 1556
dataset/matr_clu_16_9 0 49481 3169
dataset/matr_clu_16_10 0 105809 3783
dataset/matr_clu_16_1 0 101050 10
dataset/matr_clu_16_2 0 151291 9
dataset/matr_clu_16_3 0 117872 8
dataset/matr_clu_16_4 0 124326 10
dataset/matr_clu_16_5 0 133845 9
dataset/matr_clu_16_6 0 229560 10
dataset/matr_clu_16_7 0 180957 9
dataset/matr_clu_16_8 0 78540 10
dataset/matr_clu_16_9 0 139832 11
dataset/matr_clu_16_10 0 226679 10
dataset/matr_clu_16_1 0 200383 3170
dataset/matr_clu_16_2 0 296431 2599
dataset/matr_clu_16_3 0 292356 4121
dataset/matr_clu_16_4 0 239621 2529
dataset/matr_clu_16_5 0 278542 3847
dataset/matr_clu_16_6 0 351457 2915
dataset/matr_clu_16_7 0 315414 3375
dataset/matr_clu_16_8 0 247197 3820
dataset/matr_clu_16_9 0 276445 3333
dataset/matr_clu_16_10 0 344165 1819
dataset/matr_clu_16_1 0 460173 6972
dataset/matr_clu_16_2 0 460936 3886
dataset/matr_clu_16_3 0 497004 6510
dataset/matr_clu_16_4 0 462373 5544
dataset/matr_clu_16_5 0 485585 7391
dataset/matr_clu_16_6 0 471559 4012
dataset/matr_clu_16_7 0 484655 5619
dataset/matr_clu_16_8 0 483563 6790
dataset/matr_clu_16_9 0 487578 6621
dataset/matr_clu_16_10 0 437297 2166
dataset/matr_clu_16_1 0 465221 11
dataset/matr_clu_16_2 0 461103 12
dataset/matr_clu_16_3 0 493363 11
dataset/matr_clu_16_4 0 471065 12
dataset/matr_clu_16_5 0 492161 11
dataset/matr_clu_16_6 0 475098 11
dataset/matr_clu_16_7 0 489072 11
dataset/matr_clu_16_8 0 483603 10
dataset/matr_clu_16_9 0 488000 13
dataset/matr_clu_16_10 0 437670 11
dataset/cant_mix_01_1 0 65194 5391
dataset/cant_mix_01_2 0 61821 2743
dataset/cant_mix_01_3 0 65744 4858
dataset/cant_mix_01_4 0 65602 5859
dataset/cant_mix_01_5 0 64591 5771
dataset/cant_mix_01_6 0 65949 5832
dataset/cant_mix_01_7 0 61599 3675
dataset/cant_mix_01_8 0 65208 4124
dataset/cant_mix_01_9 0 65419 6448
dataset/cant_mix_01_10 0 66053 5694
dataset/cant_mix_05_1 0 266284 8359
dataset/cant_mix_05_2 0 278203 10454
dataset/cant_mix_05_3 0 279775 11719
dataset/cant_mix_05_4 0 264521 8115
dataset/cant_mix_05_5 0 276174 11631
dataset/cant_mix_05_6 0 277420 11274
dataset/cant_mix_05_7 0 259160 8979
dataset/cant_mix_05_8 0 265828 9487
dataset/cant_mix_05_9 0 269241 9385
dataset/cant_mix_05_10 0 274058 10394
dataset/cant_mix_1_1 0 491729 11662
dataset/cant_mix_1_2 0 509540 13996
dataset/cant_mix_1_3 0 498842 11138
dataset/cant_mix_1_4 0 503130 12164
dataset/cant_mix_1_5 0 500460 11209
dataset/cant_mix_1_6 0 506923 11846
dataset/cant_mix_1_7 0 504758 17646
dataset/cant_mix_1_8 0 475758 7052
dataset/cant_mix_1_9 0 503102 15610
dataset/cant_mix_1_10 0 488135 11599
dataset/cant_mix_5_1 0 2052153 29900
dataset/cant_mix_5_2 0 1998280 21425
dataset/cant_mix_5_3 0 1941124 17533
dataset/cant_mix_5_4 0 1992818 25044
dataset/cant_mix_5_5 0 1926237 16002
dataset/cant_mix_5_6 0 1926030 17126
dataset/cant_mix_5_7 0 1996632 26401
dataset/cant_mix_5_8 0 2023811 29587
dataset/cant_mix_5_9 0 2030337 29164
dataset/cant_mix_5_10 0 1631741 21268
dataset/cant_mix_10_1 0 3400415 20362
dataset/cant_mix_10_2 0 3507278 24365
dataset/cant_mix_10_3 0 3610818 27542
dataset/cant_mix_10_4 0 3572089 32306
dataset/cant_mix_10_5 0 3439084 23660
dataset/cant_mix_10_6 0 3635323 32549
dataset/cant_mix_10_7 0 3612035 41140
dataset/cant_mix_10_8 0 3443746 27971
dataset/cant_mix_10_9 0 3351917 25572
dataset/cant_mix_10_10 0 3660470 38764
dataset/cant_mix_50_1 0 12732990 52050
dataset/cant_mix_50_2 0 12882838 57758
dataset/cant_mix_50_3 0 12710084 53484
dataset/cant_mix_50_4 0 12658257 63462
dataset/cant_mix_50_5 0 12876526 57798
dataset/cant_mix_50_6 0 13084203 60706
dataset/cant_mix_50_7 0 12032330 45883
dataset/cant_mix_50_8 0 12518997 51891
dataset/cant_mix_50_9 0 12557493 50936
dataset/cant_mix_50_10 0 12829410 59387
dataset/dens_mix_1_1 0 6318430 26852
dataset/dens_mix_1_2 0 5489718 27388
dataset/dens_mix_1_3 0 5764984 21137
dataset/dens_mix_1_4 0 6310371 30883
dataset/dens_mix_1_5 0 6115487 32872
dataset/dens_mix_1_6 0 6474229 32263
dataset/dens_mix_1_7 0 6143244 24314
dataset/dens_mix_1_8 0 5804799 19501
dataset/dens_mix_1_9 0 5997740 29897
dataset/dens_mix_1_10 0 6199778 25706
dataset/dens_mix_5_1 0 3686750 17154
dataset/dens_mix_5_2 0 4345249 25171
dataset/dens_mix_5_3 0 3954973 19661
dataset/dens_mix_5_4 0 4111944 21321
dataset/dens_mix_5_5 0 3677278 24010
dataset/dens_mix_5_6 0 4139904 23886
dataset/dens_mix_5_7 0 4050911 20681
dataset/dens_mix_5_8 0 4140664 24473
dataset/dens_mix_5_9 0 3888725 15881
dataset/dens_mix_5_10 0 4005144 19974
dataset/dens_mix_10_1 0 6195359 31449
dataset/dens_mix_10_2 0 6216609 28595
dataset/dens_mix_10_3 0 5973970 31250
dataset/dens_mix_10_4 0 6395792 31679
dataset/dens_mix_10_5 0 6353723 28395
dataset/dens_mix_10_6 0 6117153 31453
dataset/dens_mix_10_7 0 6097393 29923
dataset/dens_mix_10_8 0 5950467 27352
dataset/dens_mix_10_9 0 6134306 26587
dataset/dens_mix_10_10 0 5651710 17662
dataset/matr_mix_13_1 0 239768 8189
dataset/matr_mix_13_2 0 222622 6632
dataset/matr_mix_13_3 0 239993 6132
dataset/matr_mix_13_4 0 244154 8047
dataset/matr_mix_13_5 0 238394 7041
dataset/matr_mix_13_6 0 231915 6496
dataset/matr_mix_13_7 0 241219 8080
dataset/matr_mix_13_8 0 228120 5733
dataset/matr_mix_13_9 0 250068 8370
dataset/matr_mix_13_10 0 233315 7466
dataset/matr_mix_14_1 0 137633 6306
dataset/matr_mix_14_2 0 83689 5279
dataset/matr_mix_14_3 0 24458 2786
dataset/matr_mix_14_4 0 92282 5793
dataset/matr_mix_14_5 0 60403 4691
dataset/matr_mix_14_6 0 67354 4825
dataset/matr_mix_14_7 0 93815 5003
dataset/matr_mix_14_8 0 78324 4295
dataset/matr_mix_14_9 0 69137 3929
dataset/matr_mix_14_10 0 74115 5728
dataset/matr_mix_15_1 0 23211 3013
dataset/matr_mix_15_2 0 7086 1680
dataset/matr_mix_15_3 0 26822 3317
dataset/matr_mix_15_4 0 31579 3296
dataset/matr_mix_15_5 0 234 318
dataset/matr_mix_15_6 0 7 24
dataset/matr_mix_15_7 0 37208 3546
dataset/matr_mix_15_8 0 20349 2926
dataset/matr_mix_15_9 0 4497 1312
dataset/matr_mix_15_10 0 57555 4676
dataset/matr_mix_16_1 0 0 1
dataset/matr_mix_16_2 0 0 1
dataset/matr_mix_16_3 0 0 1
dataset/matr_mix_16_4 0 4591 1410
dataset/matr_mix_16_5 0 16807 2634
dataset/matr_mix_16_6 0 3259 1201
dataset/matr_mix_16_7 0 8517 1718
dataset/matr_mix_16_8 0 48 143
dataset/matr_mix_16_9 0 5599 1662
dataset/matr_mix_16_10 0 10914 1999
dataset/matr_mix_16_1 0 75 62
dataset/matr_mix_16_2 0 23 36
dataset/matr_mix_16_3 0 27 42
dataset/matr_mix_16_4 0 83 71
dataset/matr_mix_16_5 0 9 21
dataset/matr_mix_16_6 0 37 38
dataset/matr_mix_16_7 0 51 51
dataset/matr_mix_16_8 0 91 84
dataset/matr_mix_16_9 0 69 65
dataset/matr_mix_16_10 0 76 71
dataset/matr_mix_16_1 0 330 102
dataset/matr_mix_16_2 0 82 48
dataset/matr_mix_16_3 0 110 48
dataset/matr_mix_16_4 0 356 112
dataset/matr_mix_16_5 0 37 33
dataset/matr_mix_16_6 0 154 55
dataset/matr_mix_16_7 0 204 72
dataset/matr_mix_16_8 0 402 108
dataset/matr_mix_16_9 0 295 78
dataset/matr_mix_16_10 0 319 96
dataset/matr_mix_16_1 0 7823 1108
dataset/matr_mix_16_2 0 1860 556
dataset/matr_mix_16_3 0 2710 678
dataset/matr_mix_16_4 0 7719 1124
dataset/matr_mix_16_5 0 747 317
dataset/matr_mix_16_6 0 3338 816
dataset/matr_mix_16_7 0 4235 854
dataset/matr_mix_16_8 0 9032 1179
dataset/matr_mix_16_9 0 7018 1075
dataset/matr_mix_16_10 0 7282 1066
dataset/matr_mix_16_1 0 73991 3386
dataset/matr_mix_16_2 0 25282 1769
dataset/matr_mix_16_3 0 33695 2173
dataset/matr_mix_16_4 0 70722 3359
dataset/matr_mix_16_5 0 16802 1442
dataset/matr_mix_16_6 0 40828 2822
dataset/matr_mix_16_7 0 46553 2889
dataset/matr_mix_16_8 0 80990 3893
dataset/matr_mix_16_9 0 65778 3359
dataset/matr_mix_16_10 0 67746 3433
dataset/matr_mix_16_1 0 169621 10
dataset/matr_mix_16_2 0 85759 10
dataset/matr_mix_16_3 0 101202 10
dataset/matr_mix_16_4 0 159786 9
dataset/matr_mix_16_5 0 75122 10
dataset/matr_mix_16_6 0 120538 9
dataset/matr_mix_16_7 0 127952 10
dataset/matr_mix_16_8 0 184556 10
dataset/matr_mix_16_9 0 153134 9
dataset/matr_mix_16_10 0 157708 8
dataset/matr_mix_16_1 0 303183 2801
dataset/matr_mix_16_2 0 213055 2329
dataset/matr_mix_16_3 0 232846 2491
dataset/matr_mix_16_4 0 292019 4049
dataset/matr_mix_16_5 0 215611 2247
dataset/matr_mix_16_6 0 261607 4081
dataset/matr_mix_16_7 0 264838 4147
dataset/matr_mix_16_8 0 323425 3307
dataset/matr_mix_16_9 0 285490 4151
dataset/matr_mix_16_10 0 292186 3973
dataset/matr_mix_16_1 0 476488 5641
dataset/matr_mix_16_2 0 464014 6981
dataset/matr_mix_16_3 0 468560 6636
dataset/matr_mix_16_4 0 500482 8696
dataset/matr_mix_16_5 0 455531 6344
dataset/matr_mix_16_6 0 500706 9023
dataset/matr_mix_16_7 0 506343 10369
dataset/matr_mix_16_8 0 488623 5939
dataset/matr_mix_16_9 0 507153 9118
dataset/matr_mix_16_10 0 502245 8125
dataset/matr_mix_16_1 0 480219 12
dataset/matr_mix_16_2 0 466195 10
dataset/matr_mix_16_3 0 477979 11
dataset/matr_mix_16_4 0 505681 10
dataset/matr_mix_16_5 0 464050 11
dataset/matr_mix_16_6 0 503787 10
dataset/matr_mix_16_7 0 511037 9
dataset/matr_mix_16_8 0 490352 12
dataset/matr_mix_16_9 0 510234 9
dataset/matr_mix_16_10 0 505329 11
