dataset/cant_uni_01_1 0 447 260 259
dataset/cant_uni_01_2 0 244 263 315
dataset/cant_uni_01_3 0 247 266 267
dataset/cant_uni_01_4 0 243 261 320
dataset/cant_uni_01_5 0 229 251 267
dataset/cant_uni_01_6 0 200 225 282
dataset/cant_uni_01_7 0 221 240 310
dataset/cant_uni_01_8 0 463 498 585
dataset/cant_uni_01_9 0 469 506 601
dataset/cant_uni_01_10 0 491 527 603
dataset/cant_uni_05_1 0 1018 1105 1278
dataset/cant_uni_05_2 0 682 738 914
dataset/cant_uni_05_3 0 677 733 799
dataset/cant_uni_05_4 0 464 505 620
dataset/cant_uni_05_5 0 451 492 600
dataset/cant_uni_05_6 0 993 1072 1302
dataset/cant_uni_05_7 0 788 858 1063
dataset/cant_uni_05_8 0 805 870 1096
dataset/cant_uni_05_9 0 996 957 849
dataset/cant_uni_05_10 0 1032 1113 1335
dataset/cant_uni_1_1 0 1403 1533 1428
dataset/cant_uni_1_2 0 1448 1563 1415
dataset/cant_uni_1_3 0 656 710 866
dataset/cant_uni_1_4 0 1406 1225 1072
dataset/cant_uni_1_5 0 903 637 853
dataset/cant_uni_1_6 0 886 664 844
dataset/cant_uni_1_7 0 925 678 857
dataset/cant_uni_1_8 0 1448 1568 1374
dataset/cant_uni_1_9 0 1351 1471 1529
dataset/cant_uni_1_10 0 1429 1546 1332
dataset/cant_uni_5_1 0 1484 1626 2016
dataset/cant_uni_5_2 0 1358 1479 2001
dataset/cant_uni_5_3 0 1348 1477 1958
dataset/cant_uni_5_4 0 1455 1549 1949
dataset/cant_uni_5_5 0 1370 1484 1984
dataset/cant_uni_5_6 0 1370 1495 2006
dataset/cant_uni_5_7 0 1326 1471 1984
dataset/cant_uni_5_8 0 1345 1465 1962
dataset/cant_uni_5_9 0 1341 1462 2003
dataset/cant_uni_5_10 0 1341 1453 1978
dataset/cant_uni_10_1 0 1884 2057 2836
dataset/cant_uni_10_2 0 1923 2089 2770
dataset/cant_uni_10_3 0 1901 2062 2759
dataset/cant_uni_10_4 0 1864 2026 2798
dataset/cant_uni_10_5 0 1819 1994 2826
dataset/cant_uni_10_6 0 1930 2094 2785
dataset/cant_uni_10_7 0 1711 1900 2792
dataset/cant_uni_10_8 0 1856 2011 2772
dataset/cant_uni_10_9 0 1764 1930 2775
dataset/cant_uni_10_10 0 1914 2074 2778
dataset/cant_uni_50_1 0 3694 4075 6296
dataset/cant_uni_50_2 0 4051 4427 6302
dataset/cant_uni_50_3 0 4033 4385 6341
dataset/cant_uni_50_4 0 3843 4216 6325
dataset/cant_uni_50_5 0 3846 4206 6286
dataset/cant_uni_50_6 0 3873 4256 6385
dataset/cant_uni_50_7 0 3813 4179 6297
dataset/cant_uni_50_8 0 3906 4276 6336
dataset/cant_uni_50_9 0 3896 4270 6350
dataset/cant_uni_50_10 0 3953 4353 6431
dataset/dens_uni_1_1 0 1184 1323 1898
dataset/dens_uni_1_2 0 1262 1401 1898
dataset/dens_uni_1_3 0 1222 1353 1884
dataset/dens_uni_1_4 0 1275 1409 1908
dataset/dens_uni_1_5 0 1219 1351 1906
dataset/dens_uni_1_6 0 1285 1419 1900
dataset/dens_uni_1_7 0 1248 1383 1909
dataset/dens_uni_1_8 0 1338 1469 1896
dataset/dens_uni_1_9 0 1180 1301 1885
dataset/dens_uni_1_10 0 1224 1366 1910
dataset/dens_uni_5_1 0 2525 2796 4045
dataset/dens_uni_5_2 0 2452 2723 4063
dataset/dens_uni_5_3 0 2490 2761 4024
dataset/dens_uni_5_4 0 2479 2749 4019
dataset/dens_uni_5_5 0 2526 2804 4068
dataset/dens_uni_5_6 0 2473 2754 4061
dataset/dens_uni_5_7 0 2549 2820 4051
dataset/dens_uni_5_8 0 2502 2780 4052
dataset/dens_uni_5_9 0 2587 2863 4069
dataset/dens_uni_5_10 0 2402 2696 4070
dataset/dens_uni_10_1 0 3143 3527 5445
dataset/dens_uni_10_2 0 3147 3525 5438
dataset/dens_uni_10_3 0 3238 3639 5428
dataset/dens_uni_10_4 0 3209 3589 5447
dataset/dens_uni_10_5 0 3260 3626 5445
dataset/dens_uni_10_6 0 3322 3690 5444
dataset/dens_uni_10_7 0 3122 3508 5413
dataset/dens_uni_10_8 0 3298 3693 5444
dataset/dens_uni_10_9 0 3153 3540 5469
dataset/dens_uni_10_10 0 3319 3697 5438
dataset/matr_uni_13_1 0 540 586 792
dataset/matr_uni_13_2 0 1150 1266 1328
dataset/matr_uni_13_3 0 579 633 788
dataset/matr_uni_13_4 0 544 599 787
dataset/matr_uni_13_5 0 566 613 794
dataset/matr_uni_13_6 0 809 573 791
dataset/matr_uni_13_7 0 548 591 780
dataset/matr_uni_13_8 0 531 585 799
dataset/matr_uni_13_9 0 527 580 792
dataset/matr_uni_13_10 0 522 572 799
dataset/matr_uni_14_1 0 318 346 417
dataset/matr_uni_14_2 0 363 427 581
dataset/matr_uni_14_3 0 611 668 866
dataset/matr_uni_14_4 0 510 556 691
dataset/matr_uni_14_5 0 518 559 702
dataset/matr_uni_14_6 0 556 685 886
dataset/matr_uni_14_7 0 635 691 890
dataset/matr_uni_14_8 0 620 672 906
dataset/matr_uni_14_9 0 562 616 870
dataset/matr_uni_14_10 0 586 634 770
dataset/matr_uni_15_1 0 333 362 442
dataset/matr_uni_15_2 0 348 380 456
dataset/matr_uni_15_3 0 337 361 438
dataset/matr_uni_15_4 0 353 381 443
dataset/matr_uni_15_5 0 308 339 445
dataset/matr_uni_15_6 0 325 353 442
dataset/matr_uni_15_7 0 327 352 423
dataset/matr_uni_15_8 0 316 341 416
dataset/matr_uni_15_9 0 339 360 429
dataset/matr_uni_15_10 0 336 361 428
dataset/matr_uni_16_1 0 171 186 208
dataset/matr_uni_16_2 0 168 181 197
dataset/matr_uni_16_3 0 175 189 216
dataset/matr_uni_16_4 0 177 193 216
dataset/matr_uni_16_5 0 170 185 222
dataset/matr_uni_16_6 0 193 202 232
dataset/matr_uni_16_7 0 169 185 223
dataset/matr_uni_16_8 0 154 168 203
dataset/matr_uni_16_9 0 184 197 217
dataset/matr_uni_16_10 0 164 179 220
dataset/matr_uni_16_1 0 22 25 24
dataset/matr_uni_16_2 0 19 20 20
dataset/matr_uni_16_3 0 24 27 25
dataset/matr_uni_16_4 0 26 31 26
dataset/matr_uni_16_5 0 23 26 25
dataset/matr_uni_16_6 0 20 22 21
dataset/matr_uni_16_7 0 23 25 24
dataset/matr_uni_16_8 0 19 21 20
dataset/matr_uni_16_9 0 24 27 26
dataset/matr_uni_16_10 0 20 22 21
dataset/matr_uni_16_1 0 46 57 41
dataset/matr_uni_16_2 0 29 33 29
dataset/matr_uni_16_3 0 40 47 39
dataset/matr_uni_16_4 0 38 45 37
dataset/matr_uni_16_5 0 36 42 35
dataset/matr_uni_16_6 0 41 47 44
dataset/matr_uni_16_7 0 47 56 44
dataset/matr_uni_16_8 0 39 46 38
dataset/matr_uni_16_9 0 53 61 49
dataset/matr_uni_16_10 0 47 54 45
dataset/matr_uni_16_1 0 158 173 165
dataset/matr_uni_16_2 0 167 184 155
dataset/matr_uni_16_3 0 123 133 136
dataset/matr_uni_16_4 0 112 122 129
dataset/matr_uni_16_5 0 116 126 129
dataset/matr_uni_16_6 0 135 145 134
dataset/matr_uni_16_7 0 132 146 134
dataset/matr_uni_16_8 0 113 121 102
dataset/matr_uni_16_9 0 99 106 85
dataset/matr_uni_16_10 0 77 82 80
dataset/matr_uni_16_1 0 209 236 225
dataset/matr_uni_16_2 0 223 245 226
dataset/matr_uni_16_3 0 210 229 218
dataset/matr_uni_16_4 0 189 208 217
dataset/matr_uni_16_5 0 197 216 224
dataset/matr_uni_16_6 0 229 257 232
dataset/matr_uni_16_7 0 200 228 223
dataset/matr_uni_16_8 0 213 244 223
dataset/matr_uni_16_9 0 216 244 227
dataset/matr_uni_16_10 0 221 239 235
dataset/matr_uni_16_1 0 21 24 31
dataset/matr_uni_16_2 0 30 34 46
dataset/matr_uni_16_3 0 13 15 16
dataset/matr_uni_16_4 0 61 73 67
dataset/matr_uni_16_5 0 55 63 73
dataset/matr_uni_16_6 0 42 47 50
dataset/matr_uni_16_7 0 75 82 103
dataset/matr_uni_16_8 0 11 13 11
dataset/matr_uni_16_9 0 84 91 90
dataset/matr_uni_16_10 0 16 18 19
dataset/matr_uni_16_1 0 503 526 476
dataset/matr_uni_16_2 0 494 517 469
dataset/matr_uni_16_3 0 473 500 456
dataset/matr_uni_16_4 0 494 516 483
dataset/matr_uni_16_5 0 494 518 481
dataset/matr_uni_16_6 0 472 506 459
dataset/matr_uni_16_7 0 467 501 468
dataset/matr_uni_16_8 0 497 510 472
dataset/matr_uni_16_9 0 483 504 472
dataset/matr_uni_16_10 0 488 515 471
dataset/matr_uni_16_1 0 637 650 731
dataset/matr_uni_16_2 0 670 684 746
dataset/matr_uni_16_3 0 682 687 754
dataset/matr_uni_16_4 0 669 687 742
dataset/matr_uni_16_5 0 665 682 757
dataset/matr_uni_16_6 0 658 670 735
dataset/matr_uni_16_7 0 676 683 771
dataset/matr_uni_16_8 0 670 690 774
dataset/matr_uni_16_9 0 640 647 725
dataset/matr_uni_16_10 0 645 654 732
dataset/matr_uni_16_1 0 40 44 40
dataset/matr_uni_16_2 0 26 29 26
dataset/matr_uni_16_3 0 17 19 22
dataset/matr_uni_16_4 0 67 73 64
dataset/matr_uni_16_5 0 49 54 45
dataset/matr_uni_16_6 0 92 93 93
dataset/matr_uni_16_7 0 44 49 59
dataset/matr_uni_16_8 0 6 7 6
dataset/matr_uni_16_9 0 48 52 40
dataset/matr_uni_16_10 0 28 31 26
dataset/cant_clu_01_1 0 121 129 197
dataset/cant_clu_01_2 0 331 354 483
dataset/cant_clu_01_3 0 215 217 209
dataset/cant_clu_01_4 0 189 201 140
dataset/cant_clu_01_5 0 290 304 224
dataset/cant_clu_01_6 0 141 148 168
dataset/cant_clu_01_7 0 282 302 359
dataset/cant_clu_01_8 0 267 291 368
dataset/cant_clu_01_9 0 313 334 266
dataset/cant_clu_01_10 0 257 273 239
dataset/cant_clu_05_1 0 102 108 164
dataset/cant_clu_05_2 0 182 187 173
dataset/cant_clu_05_3 0 671 695 500
dataset/cant_clu_05_4 0 298 301 393
dataset/cant_clu_05_5 0 401 422 467
dataset/cant_clu_05_6 0 37 41 32
dataset/cant_clu_05_7 0 527 538 353
dataset/cant_clu_05_8 0 224 234 175
dataset/cant_clu_05_9 0 740 774 990
dataset/cant_clu_05_10 0 372 397 590
dataset/cant_clu_1_1 0 245 255 210
dataset/cant_clu_1_2 0 939 1005 935
dataset/cant_clu_1_3 0 981 844 824
dataset/cant_clu_1_4 0 330 361 372
dataset/cant_clu_1_5 0 551 635 781
dataset/cant_clu_1_6 0 888 1038 1474
dataset/cant_clu_1_7 0 778 847 879
dataset/cant_clu_1_8 0 192 198 128
dataset/cant_clu_1_9 0 705 713 575
dataset/cant_clu_1_10 0 686 400 617
dataset/cant_clu_5_1 0 741 783 1093
dataset/cant_clu_5_2 0 521 559 609
dataset/cant_clu_5_3 0 487 528 1084
dataset/cant_clu_5_4 0 432 461 769
dataset/cant_clu_5_5 0 670 713 1065
dataset/cant_clu_5_6 0 364 397 359
dataset/cant_clu_5_7 0 641 681 564
dataset/cant_clu_5_8 0 429 449 306
dataset/cant_clu_5_9 0 569 622 655
dataset/cant_clu_5_10 0 616 664 567
dataset/cant_clu_10_1 0 1223 1369 1667
dataset/cant_clu_10_2 0 265 285 392
dataset/cant_clu_10_3 0 1309 1434 1636
dataset/cant_clu_10_4 0 788 865 934
dataset/cant_clu_10_5 0 658 669 488
dataset/cant_clu_10_6 0 542 572 438
dataset/cant_clu_10_7 0 63 68 51
dataset/cant_clu_10_8 0 94 98 89
dataset/cant_clu_10_9 0 1002 1088 1093
dataset/cant_clu_10_10 0 1736 1865 4093
dataset/cant_clu_50_1 0 467 493 348
dataset/cant_clu_50_2 0 4439 4847 7401
dataset/cant_clu_50_3 0 426 446 487
dataset/cant_clu_50_4 0 584 615 992
dataset/cant_clu_50_5 0 3022 3276 4837
dataset/cant_clu_50_6 0 3304 3564 6448
dataset/cant_clu_50_7 0 1034 1107 878
dataset/cant_clu_50_8 0 1180 1214 2193
dataset/cant_clu_50_9 0 3623 3965 7614
dataset/cant_clu_50_10 0 869 924 821
dataset/dens_clu_1_1 0 1300 1429 2580
dataset/dens_clu_1_2 0 1902 2136 3414
dataset/dens_clu_1_3 0 2503 2753 4121
dataset/dens_clu_1_4 0 2423 2708 3948
dataset/dens_clu_1_5 0 2026 2263 3813
dataset/dens_clu_1_6 0 649 680 1241
dataset/dens_clu_1_7 0 2401 2707 5181
dataset/dens_clu_1_8 0 1593 1803 2901
dataset/dens_clu_1_9 0 2004 2282 3580
dataset/dens_clu_1_10 0 1451 1543 3165
dataset/dens_clu_5_1 0 312 333 211
dataset/dens_clu_5_2 0 1772 1942 1746
dataset/dens_clu_5_3 0 1207 1314 1645
dataset/dens_clu_5_4 0 674 728 1600
dataset/dens_clu_5_5 0 309 329 260
dataset/dens_clu_5_6 0 642 688 952
dataset/dens_clu_5_7 0 1647 1754 2321
dataset/dens_clu_5_8 0 48 51 45
dataset/dens_clu_5_9 0 1320 1427 1174
dataset/dens_clu_5_10 0 831 901 805
dataset/dens_clu_10_1 0 924 985 787
dataset/dens_clu_10_2 0 1658 1800 1859
dataset/dens_clu_10_3 0 1716 1875 3783
dataset/dens_clu_10_4 0 401 428 844
dataset/dens_clu_10_5 0 2485 2664 3620
dataset/dens_clu_10_6 0 1768 1982 2728
dataset/dens_clu_10_7 0 1973 2219 3152
dataset/dens_clu_10_8 0 889 957 1504
dataset/dens_clu_10_9 0 638 677 1335
dataset/dens_clu_10_10 0 1217 1338 1042
dataset/matr_clu_13_1 0 382 429 537
dataset/matr_clu_13_2 0 403 440 492
dataset/matr_clu_13_3 0 638 681 727
dataset/matr_clu_13_4 0 623 363 365
dataset/matr_clu_13_5 0 31 35 31
dataset/matr_clu_13_6 0 616 640 464
dataset/matr_clu_13_7 0 774 538 640
dataset/matr_clu_13_8 0 349 384 397
dataset/matr_clu_13_9 0 460 504 430
dataset/matr_clu_13_10 0 727 788 942
dataset/matr_clu_14_1 0 238 253 346
dataset/matr_clu_14_2 0 53 61 49
dataset/matr_clu_14_3 0 568 606 573
dataset/matr_clu_14_4 0 98 109 112
dataset/matr_clu_14_5 0 273 293 298
dataset/matr_clu_14_6 0 636 383 457
dataset/matr_clu_14_7 0 90 101 91
dataset/matr_clu_14_8 0 561 605 708
dataset/matr_clu_14_9 0 55 57 49
dataset/matr_clu_14_10 0 404 437 649
dataset/matr_clu_15_1 0 39 42 51
dataset/matr_clu_15_2 0 440 476 610
dataset/matr_clu_15_3 0 354 273 203
dataset/matr_clu_15_4 0 0 0 0
dataset/matr_clu_15_5 0 0 0 0
dataset/matr_clu_15_6 0 43 48 65
dataset/matr_clu_15_7 0 475 514 750
dataset/matr_clu_15_8 0 10 10 11
dataset/matr_clu_15_9 0 52 56 43
dataset/matr_clu_15_10 0 0 0 0
dataset/matr_clu_16_1 0 192 206 242
dataset/matr_clu_16_2 0 9 9 9
dataset/matr_clu_16_3 0 56 61 63
dataset/matr_clu_16_4 0 0 0 0
dataset/matr_clu_16_5 0 25 26 27
dataset/matr_clu_16_6 0 9 7 7
dataset/matr_clu_16_7 0 8 7 7
dataset/matr_clu_16_8 0 81 87 102
dataset/matr_clu_16_9 0 107 116 118
dataset/matr_clu_16_10 0 0 0 0
dataset/matr_clu_16_1 0 23 25 22
dataset/matr_clu_16_2 0 21 24 23
dataset/matr_clu_16_3 0 18 19 18
dataset/matr_clu_16_4 0 25 27 27
dataset/matr_clu_16_5 0 22 25 21
dataset/matr_clu_16_6 0 31 36 34
dataset/matr_clu_16_7 0 26 29 26
dataset/matr_clu_16_8 0 10 10 9
dataset/matr_clu_16_9 0 22 23 21
dataset/matr_clu_16_10 0 34 40 33
dataset/matr_clu_16_1 0 32 39 31
dataset/matr_clu_16_2 0 38 44 36
dataset/matr_clu_16_3 0 30 35 31
dataset/matr_clu_16_4 0 49 57 46
dataset/matr_clu_16_5 0 28 32 26
dataset/matr_clu_16_6 0 43 50 44
dataset/matr_clu_16_7 0 60 70 53
dataset/matr_clu_16_8 0 16 17 16
dataset/matr_clu_16_9 0 29 34 27
dataset/matr_clu_16_10 0 50 62 45
dataset/matr_clu_16_1 0 117 127 120
dataset/matr_clu_16_2 0 154 165 147
dataset/matr_clu_16_3 0 93 99 95
dataset/matr_clu_16_4 0 193 201 166
dataset/matr_clu_16_5 0 58 58 52
dataset/matr_clu_16_6 0 155 148 138
dataset/matr_clu_16_7 0 99 105 95
dataset/matr_clu_16_8 0 21 26 19
dataset/matr_clu_16_9 0 49 57 52
dataset/matr_clu_16_10 0 93 104 95
dataset/matr_clu_16_1 0 79 85 60
dataset/matr_clu_16_2 0 149 162 165
dataset/matr_clu_16_3 0 212 236 221
dataset/matr_clu_16_4 0 149 167 150
dataset/matr_clu_16_5 0 104 113 111
dataset/matr_clu_16_6 0 318 351 377
dataset/matr_clu_16_7 0 253 277 250
dataset/matr_clu_16_8 0 99 101 86
dataset/matr_clu_16_9 0 190 214 176
dataset/matr_clu_16_10 0 169 179 131
dataset/matr_clu_16_1 0 50 54 87
dataset/matr_clu_16_2 0 26 28 37
dataset/matr_clu_16_3 0 22 25 20
dataset/matr_clu_16_4 0 52 59 81
dataset/matr_clu_16_5 0 27 30 45
dataset/matr_clu_16_6 0 62 68 59
dataset/matr_clu_16_7 0 69 74 64
dataset/matr_clu_16_8 0 24 27 38
dataset/matr_clu_16_9 0 13 15 15
dataset/matr_clu_16_10 0 60 65 56
dataset/matr_clu_16_1 0 400 427 384
dataset/matr_clu_16_2 0 361 364 422
dataset/matr_clu_16_3 0 513 547 526
dataset/matr_clu_16_4 0 446 454 314
dataset/matr_clu_16_5 0 424 445 404
dataset/matr_clu_16_6 0 451 481 458
dataset/matr_clu_16_7 0 467 483 441
dataset/matr_clu_16_8 0 426 446 465
dataset/matr_clu_16_9 0 434 461 378
dataset/matr_clu_16_10 0 131 129 94
dataset/matr_clu_16_1 0 513 530 516
dataset/matr_clu_16_2 0 205 197 306
dataset/matr_clu_16_3 0 400 408 457
dataset/matr_clu_16_4 0 450 453 316
dataset/matr_clu_16_5 0 305 317 294
dataset/matr_clu_16_6 0 331 332 344
dataset/matr_clu_16_7 0 339 341 384
dataset/matr_clu_16_8 0 254 261 367
dataset/matr_clu_16_9 0 329 340 323
dataset/matr_clu_16_10 0 50 54 36
dataset/matr_clu_16_1 0 15 17 14
dataset/matr_clu_16_2 0 21 24 25
dataset/matr_clu_16_3 0 82 86 135
dataset/matr_clu_16_4 0 122 122 114
dataset/matr_clu_16_5 0 69 73 88
dataset/matr_clu_16_6 0 94 100 104
dataset/matr_clu_16_7 0 120 127 180
dataset/matr_clu_16_8 0 76 75 76
dataset/matr_clu_16_9 0 25 30 27
dataset/matr_clu_16_10 0 42 44 31
dataset/cant_mix_01_1 0 185 208 283
dataset/cant_mix_01_2 0 166 195 166
dataset/cant_mix_01_3 0 352 374 423
dataset/cant_mix_01_4 0 380 409 493
dataset/cant_mix_01_5 0 512 561 711
dataset/cant_mix_01_6 0 363 367 412
dataset/cant_mix_01_7 0 164 168 129
dataset/cant_mix_01_8 0 268 288 273
dataset/cant_mix_01_9 0 467 499 610
dataset/cant_mix_01_10 0 457 521 621
dataset/cant_mix_05_1 0 524 553 370
dataset/cant_mix_05_2 0 751 812 820
dataset/cant_mix_05_3 0 820 824 703
dataset/cant_mix_05_4 0 398 421 324
dataset/cant_mix_05_5 0 677 735 724
dataset/cant_mix_05_6 0 740 730 608
dataset/cant_mix_05_7 0 1063 853 963
dataset/cant_mix_05_8 0 221 232 189
dataset/cant_mix_05_9 0 486 257 172
dataset/cant_mix_05_10 0 384 458 423
dataset/cant_mix_1_1 0 670 700 477
dataset/cant_mix_1_2 0 1222 1337 1349
dataset/cant_mix_1_3 0 1167 1279 1508
dataset/cant_mix_1_4 0 826 881 626
dataset/cant_mix_1_5 0 1082 1173 1285
dataset/cant_mix_1_6 0 1154 1168 795
dataset/cant_mix_1_7 0 1297 1399 1345
dataset/cant_mix_1_8 0 535 574 471
dataset/cant_mix_1_9 0 999 756 1081
dataset/cant_mix_1_10 0 1336 1452 1524
dataset/cant_mix_5_1 0 1515 1629 1942
dataset/cant_mix_5_2 0 614 652 477
dataset/cant_mix_5_3 0 636 661 470
dataset/cant_mix_5_4 0 1350 1468 2097
dataset/cant_mix_5_5 0 605 651 508
dataset/cant_mix_5_6 0 803 865 935
dataset/cant_mix_5_7 0 977 1058 1132
dataset/cant_mix_5_8 0 1127 1219 1528
dataset/cant_mix_5_9 0 923 1011 1070
dataset/cant_mix_5_10 0 1630 1780 3532
dataset/cant_mix_10_1 0 810 865 690
dataset/cant_mix_10_2 0 981 1054 913
dataset/cant_mix_10_3 0 1051 1146 1103
dataset/cant_mix_10_4 0 1941 2148 3399
dataset/cant_mix_10_5 0 866 937 761
dataset/cant_mix_10_6 0 1787 1960 2733
dataset/cant_mix_10_7 0 1766 1945 2492
dataset/cant_mix_10_8 0 747 793 635
dataset/cant_mix_10_9 0 731 765 585
dataset/cant_mix_10_10 0 1697 1871 2388
dataset/cant_mix_50_1 0 2178 2326 2130
dataset/cant_mix_50_2 0 3344 3655 4923
dataset/cant_mix_50_3 0 1989 2123 1769
dataset/cant_mix_50_4 0 3423 3726 5355
dataset/cant_mix_50_5 0 3461 3827 5218
dataset/cant_mix_50_6 0 2974 3255 4032
dataset/cant_mix_50_7 0 1629 1731 1340
dataset/cant_mix_50_8 0 2116 2261 1994
dataset/cant_mix_50_9 0 3509 3840 5233
dataset/cant_mix_50_10 0 2351 2544 2529
dataset/dens_mix_1_1 0 2293 2524 2909
dataset/dens_mix_1_2 0 3516 3990 7643
dataset/dens_mix_1_3 0 1784 1939 1607
dataset/dens_mix_1_4 0 2884 3203 4444
dataset/dens_mix_1_5 0 3370 3789 6172
dataset/dens_mix_1_6 0 3214 3664 5697
dataset/dens_mix_1_7 0 1820 2002 2016
dataset/dens_mix_1_8 0 1900 2077 1904
dataset/dens_mix_1_9 0 3304 3694 6495
dataset/dens_mix_1_10 0 2711 3001 3965
dataset/dens_mix_5_1 0 1112 1187 878
dataset/dens_mix_5_2 0 2354 2628 3832
dataset/dens_mix_5_3 0 1638 1803 1985
dataset/dens_mix_5_4 0 1824 2016 2361
dataset/dens_mix_5_5 0 2732 3052 5202
dataset/dens_mix_5_6 0 1857 2101 2550
dataset/dens_mix_5_7 0 1644 1804 1700
dataset/dens_mix_5_8 0 2363 2633 3558
dataset/dens_mix_5_9 0 1075 1165 883
dataset/dens_mix_5_10 0 1646 1831 2250
dataset/dens_mix_10_1 0 3124 3498 5500
dataset/dens_mix_10_2 0 2927 3260 4877
dataset/dens_mix_10_3 0 2791 3145 4691
dataset/dens_mix_10_4 0 3088 3439 4967
dataset/dens_mix_10_5 0 2300 2546 2725
dataset/dens_mix_10_6 0 2990 3324 4756
dataset/dens_mix_10_7 0 2588 2857 3593
dataset/dens_mix_10_8 0 2000 2211 2398
dataset/dens_mix_10_9 0 3150 3537 5780
dataset/dens_mix_10_10 0 1402 1552 1379
dataset/matr_mix_13_1 0 927 1007 1143
dataset/matr_mix_13_2 0 866 655 1016
dataset/matr_mix_13_3 0 733 793 854
dataset/matr_mix_13_4 0 1042 1050 977
dataset/matr_mix_13_5 0 352 380 364
dataset/matr_mix_13_6 0 628 680 647
dataset/matr_mix_13_7 0 1044 1058 989
dataset/matr_mix_13_8 0 923 1013 1291
dataset/matr_mix_13_9 0 729 531 722
dataset/matr_mix_13_10 0 472 554 708
dataset/matr_mix_14_1 0 350 404 520
dataset/matr_mix_14_2 0 587 635 736
dataset/matr_mix_14_3 0 98 101 82
dataset/matr_mix_14_4 0 576 632 793
dataset/matr_mix_14_5 0 503 548 718
dataset/matr_mix_14_6 0 419 456 524
dataset/matr_mix_14_7 0 503 548 594
dataset/matr_mix_14_8 0 292 309 250
dataset/matr_mix_14_9 0 299 314 246
dataset/matr_mix_14_10 0 564 613 717
dataset/matr_mix_15_1 0 293 302 183
dataset/matr_mix_15_2 0 57 61 47
dataset/matr_mix_15_3 0 276 299 358
dataset/matr_mix_15_4 0 329 354 412
dataset/matr_mix_15_5 0 29 32 26
dataset/matr_mix_15_6 0 10 10 9
dataset/matr_mix_15_7 0 343 271 191
dataset/matr_mix_15_8 0 226 249 324
dataset/matr_mix_15_9 0 67 73 59
dataset/matr_mix_15_10 0 425 461 551
dataset/matr_mix_16_1 0 0 0 0
dataset/matr_mix_16_2 0 0 0 0
dataset/matr_mix_16_3 0 0 0 0
dataset/matr_mix_16_4 0 101 107 99
dataset/matr_mix_16_5 0 219 235 260
dataset/matr_mix_16_6 0 48 53 52
dataset/matr_mix_16_7 0 153 167 183
dataset/matr_mix_16_8 0 10 8 8
dataset/matr_mix_16_9 0 133 143 141
dataset/matr_mix_16_10 0 149 162 181
dataset/matr_mix_16_1 0 11 12 12
dataset/matr_mix_16_2 0 8 8 8
dataset/matr_mix_16_3 0 7 8 7
dataset/matr_mix_16_4 0 11 12 11
dataset/matr_mix_16_5 0 6 6 6
dataset/matr_mix_16_6 0 11 11 11
dataset/matr_mix_16_7 0 10 11 10
dataset/matr_mix_16_8 0 18 21 18
dataset/matr_mix_16_9 0 16 19 18
dataset/matr_mix_16_10 0 17 20 18
dataset/matr_mix_16_1 0 41 48 34
dataset/matr_mix_16_2 0 24 28 23
dataset/matr_mix_16_3 0 18 21 18
dataset/matr_mix_16_4 0 43 48 36
dataset/matr_mix_16_5 0 16 19 15
dataset/matr_mix_16_6 0 22 26 22
dataset/matr_mix_16_7 0 19 22 18
dataset/matr_mix_16_8 0 37 44 28
dataset/matr_mix_16_9 0 24 30 22
dataset/matr_mix_16_10 0 20 24 19
dataset/matr_mix_16_1 0 83 90 87
dataset/matr_mix_16_2 0 31 35 33
dataset/matr_mix_16_3 0 47 52 46
dataset/matr_mix_16_4 0 106 115 108
dataset/matr_mix_16_5 0 30 34 37
dataset/matr_mix_16_6 0 67 72 71
dataset/matr_mix_16_7 0 81 87 81
dataset/matr_mix_16_8 0 114 125 120
dataset/matr_mix_16_9 0 90 97 93
dataset/matr_mix_16_10 0 92 100 91
dataset/matr_mix_16_1 0 179 195 152
dataset/matr_mix_16_2 0 82 89 64
dataset/matr_mix_16_3 0 116 124 82
dataset/matr_mix_16_4 0 286 320 323
dataset/matr_mix_16_5 0 176 196 226
dataset/matr_mix_16_6 0 247 265 241
dataset/matr_mix_16_7 0 228 255 223
dataset/matr_mix_16_8 0 232 262 254
dataset/matr_mix_16_9 0 239 260 241
dataset/matr_mix_16_10 0 245 272 241
dataset/matr_mix_16_1 0 48 51 52
dataset/matr_mix_16_2 0 57 60 50
dataset/matr_mix_16_3 0 40 43 34
dataset/matr_mix_16_4 0 24 27 35
dataset/matr_mix_16_5 0 6 6 6
dataset/matr_mix_16_6 0 66 66 55
dataset/matr_mix_16_7 0 16 18 20
dataset/matr_mix_16_8 0 47 51 68
dataset/matr_mix_16_9 0 87 95 108
dataset/matr_mix_16_10 0 25 28 39
dataset/matr_mix_16_1 0 237 245 189
dataset/matr_mix_16_2 0 157 159 122
dataset/matr_mix_16_3 0 189 184 144
dataset/matr_mix_16_4 0 514 546 488
dataset/matr_mix_16_5 0 569 598 608
dataset/matr_mix_16_6 0 433 460 413
dataset/matr_mix_16_7 0 423 444 408
dataset/matr_mix_16_8 0 307 321 256
dataset/matr_mix_16_9 0 525 554 513
dataset/matr_mix_16_10 0 537 567 521
dataset/matr_mix_16_1 0 253 251 196
dataset/matr_mix_16_2 0 218 208 164
dataset/matr_mix_16_3 0 243 244 182
dataset/matr_mix_16_4 0 444 454 441
dataset/matr_mix_16_5 0 588 593 730
dataset/matr_mix_16_6 0 345 358 337
dataset/matr_mix_16_7 0 629 641 684
dataset/matr_mix_16_8 0 266 264 220
dataset/matr_mix_16_9 0 527 534 504
dataset/matr_mix_16_10 0 585 604 643
dataset/matr_mix_16_1 0 37 39 30
dataset/matr_mix_16_2 0 45 41 33
dataset/matr_mix_16_3 0 41 43 32
dataset/matr_mix_16_4 0 132 146 220
dataset/matr_mix_16_5 0 29 32 44
dataset/matr_mix_16_6 0 48 55 56
dataset/matr_mix_16_7 0 26 29 33
dataset/matr_mix_16_8 0 55 59 49
dataset/matr_mix_16_9 0 22 25 20
dataset/matr_mix_16_10 0 109 112 177