dataset/cant_uni_01_1 0 60 64 54
dataset/cant_uni_01_2 0 93 93 77
dataset/cant_uni_01_3 0 393 404 429
dataset/cant_uni_01_4 0 100 105 110
dataset/cant_uni_01_5 0 149 150 130
dataset/cant_uni_01_6 0 110 112 214
dataset/cant_uni_01_7 0 64 66 61
dataset/cant_uni_01_8 0 75 77 120
dataset/cant_uni_01_9 0 136 144 151
dataset/cant_uni_01_10 0 192 194 156
dataset/cant_uni_05_1 0 129 122 114
dataset/cant_uni_05_2 0 30 36 34
dataset/cant_uni_05_3 0 28 31 27
dataset/cant_uni_05_4 0 119 124 111
dataset/cant_uni_05_5 0 31 33 26
dataset/cant_uni_05_6 0 104 108 76
dataset/cant_uni_05_7 0 18 20 18
dataset/cant_uni_05_8 0 52 55 88
dataset/cant_uni_05_9 0 29 33 43
dataset/cant_uni_05_10 0 13 16 16
dataset/cant_uni_1_1 0 108 113 137
dataset/cant_uni_1_2 0 74 78 62
dataset/cant_uni_1_3 0 24 27 27
dataset/cant_uni_1_4 0 144 157 177
dataset/cant_uni_1_5 0 112 119 160
dataset/cant_uni_1_6 0 107 116 104
dataset/cant_uni_1_7 0 137 147 194
dataset/cant_uni_1_8 0 24 27 32
dataset/cant_uni_1_9 0 96 105 138
dataset/cant_uni_1_10 0 168 177 199
dataset/cant_uni_5_1 0 23 26 29
dataset/cant_uni_5_2 0 8 9 8
dataset/cant_uni_5_3 0 32 37 42
dataset/cant_uni_5_4 0 24 27 28
dataset/cant_uni_5_5 0 27 32 28
dataset/cant_uni_5_6 0 31 35 39
dataset/cant_uni_5_7 0 40 45 36
dataset/cant_uni_5_8 0 30 34 31
dataset/cant_uni_5_9 0 18 21 22
dataset/cant_uni_5_10 0 19 21 18
dataset/cant_uni_10_1 0 13 15 13
dataset/cant_uni_10_2 0 4 4 3
dataset/cant_uni_10_3 0 51 57 64
dataset/cant_uni_10_4 0 32 38 40
dataset/cant_uni_10_5 0 17 20 20
dataset/cant_uni_10_6 0 23 27 30
dataset/cant_uni_10_7 0 7 8 9
dataset/cant_uni_10_8 0 114 122 120
dataset/cant_uni_10_9 0 15 17 19
dataset/cant_uni_10_10 0 30 36 41
dataset/cant_uni_50_1 0 17 20 18
dataset/cant_uni_50_2 0 25 29 27
dataset/cant_uni_50_3 0 19 22 22
dataset/cant_uni_50_4 0 11 13 11
dataset/cant_uni_50_5 0 11 13 13
dataset/cant_uni_50_6 0 8 9 8
dataset/cant_uni_50_7 0 10 11 10
dataset/cant_uni_50_8 0 14 17 17
dataset/cant_uni_50_9 0 31 37 32
dataset/cant_uni_50_10 0 10 11 10
dataset/dens_uni_1_1 0 22 26 33
dataset/dens_uni_1_2 0 19 21 19
dataset/dens_uni_1_3 0 25 29 34
dataset/dens_uni_1_4 0 9 11 10
dataset/dens_uni_1_5 0 20 23 28
dataset/dens_uni_1_6 0 24 26 21
dataset/dens_uni_1_7 0 29 32 26
dataset/dens_uni_1_8 0 14 16 14
dataset/dens_uni_1_9 0 12 13 11
dataset/dens_uni_1_10 0 15 17 18
dataset/dens_uni_5_1 0 12 14 13
dataset/dens_uni_5_2 0 12 13 11
dataset/dens_uni_5_3 0 8 9 10
dataset/dens_uni_5_4 0 10 11 9
dataset/dens_uni_5_5 0 8 8 7
dataset/dens_uni_5_6 0 9 10 11
dataset/dens_uni_5_7 0 6 6 6
dataset/dens_uni_5_8 0 8 9 8
dataset/dens_uni_5_9 0 7 8 6
dataset/dens_uni_5_10 0 10 11 13
dataset/dens_uni_10_1 0 7 8 7
dataset/dens_uni_10_2 0 10 12 11
dataset/dens_uni_10_3 0 7 7 7
dataset/dens_uni_10_4 0 7 8 7
dataset/dens_uni_10_5 0 6 7 6
dataset/dens_uni_10_6 0 5 6 5
dataset/dens_uni_10_7 0 6 7 6
dataset/dens_uni_10_8 0 6 7 6
dataset/dens_uni_10_9 0 6 6 6
dataset/dens_uni_10_10 0 11 12 12
dataset/cant_clu_01_1 0 181 182 265
dataset/cant_clu_01_2 0 116 118 148
dataset/cant_clu_01_3 0 84 87 99
dataset/cant_clu_01_4 0 145 153 104
dataset/cant_clu_01_5 0 117 117 99
dataset/cant_clu_01_6 0 106 109 119
dataset/cant_clu_01_7 0 81 83 141
dataset/cant_clu_01_8 0 67 68 64
dataset/cant_clu_01_9 0 122 122 102
dataset/cant_clu_01_10 0 42 43 54
dataset/cant_clu_05_1 0 32 32 41
dataset/cant_clu_05_2 0 80 81 72
dataset/cant_clu_05_3 0 81 79 69
dataset/cant_clu_05_4 0 65 68 65
dataset/cant_clu_05_5 0 269 273 233
dataset/cant_clu_05_6 0 14 16 13
dataset/cant_clu_05_7 0 135 137 93
dataset/cant_clu_05_8 0 74 74 54
dataset/cant_clu_05_9 0 160 161 213
dataset/cant_clu_05_10 0 49 55 44
dataset/cant_clu_1_1 0 115 118 127
dataset/cant_clu_1_2 0 62 65 57
dataset/cant_clu_1_3 0 90 97 118
dataset/cant_clu_1_4 0 219 224 359
dataset/cant_clu_1_5 0 58 66 90
dataset/cant_clu_1_6 0 78 80 73
dataset/cant_clu_1_7 0 15 17 20
dataset/cant_clu_1_8 0 153 154 103
dataset/cant_clu_1_9 0 78 84 71
dataset/cant_clu_1_10 0 38 40 34
dataset/cant_clu_5_1 0 200 207 163
dataset/cant_clu_5_2 0 138 146 181
dataset/cant_clu_5_3 0 119 124 148
dataset/cant_clu_5_4 0 226 223 241
dataset/cant_clu_5_5 0 226 228 184
dataset/cant_clu_5_6 0 143 151 167
dataset/cant_clu_5_7 0 276 279 270
dataset/cant_clu_5_8 0 170 179 116
dataset/cant_clu_5_9 0 153 157 135
dataset/cant_clu_5_10 0 117 123 111
dataset/cant_clu_10_1 0 13 14 15
dataset/cant_clu_10_2 0 111 117 127
dataset/cant_clu_10_3 0 10 11 9
dataset/cant_clu_10_4 0 50 56 69
dataset/cant_clu_10_5 0 64 70 51
dataset/cant_clu_10_6 0 219 214 272
dataset/cant_clu_10_7 0 135 136 102
dataset/cant_clu_10_8 0 203 199 166
dataset/cant_clu_10_9 0 57 65 94
dataset/cant_clu_10_10 0 22 24 26
dataset/cant_clu_50_1 0 160 161 144
dataset/cant_clu_50_2 0 12 13 12
dataset/cant_clu_50_3 0 218 222 224
dataset/cant_clu_50_4 0 195 203 177
dataset/cant_clu_50_5 0 47 54 50
dataset/cant_clu_50_6 0 16 18 16
dataset/cant_clu_50_7 0 55 60 61
dataset/cant_clu_50_8 0 182 186 144
dataset/cant_clu_50_9 0 10 12 11
dataset/cant_clu_50_10 0 97 101 121
dataset/dens_clu_1_1 0 28 33 34
dataset/dens_clu_1_2 0 6 7 6
dataset/dens_clu_1_3 0 19 21 27
dataset/dens_clu_1_4 0 8 8 7
dataset/dens_clu_1_5 0 9 10 8
dataset/dens_clu_1_6 0 55 58 50
dataset/dens_clu_1_7 0 9 10 11
dataset/dens_clu_1_8 0 6 7 6
dataset/dens_clu_1_9 0 6 7 7
dataset/dens_clu_1_10 0 76 80 70
dataset/dens_clu_5_1 0 82 85 63
dataset/dens_clu_5_2 0 15 17 16
dataset/dens_clu_5_3 0 22 26 30
dataset/dens_clu_5_4 0 53 57 57
dataset/dens_clu_5_5 0 29 32 26
dataset/dens_clu_5_6 0 115 117 110
dataset/dens_clu_5_7 0 57 61 53
dataset/dens_clu_5_8 0 100 99 91
dataset/dens_clu_5_9 0 34 38 35
dataset/dens_clu_5_10 0 79 81 94
dataset/dens_clu_10_1 0 28 31 28
dataset/dens_clu_10_2 0 86 89 91
dataset/dens_clu_10_3 0 11 12 11
dataset/dens_clu_10_4 0 98 103 132
dataset/dens_clu_10_5 0 63 66 64
dataset/dens_clu_10_6 0 6 7 6
dataset/dens_clu_10_7 0 6 7 6
dataset/dens_clu_10_8 0 66 71 79
dataset/dens_clu_10_9 0 100 103 90
dataset/dens_clu_10_10 0 95 99 137
dataset/cant_mix_01_1 0 116 117 189
dataset/cant_mix_01_2 0 59 60 55
dataset/cant_mix_01_3 0 195 201 238
dataset/cant_mix_01_4 0 89 91 149
dataset/cant_mix_01_5 0 142 146 193
dataset/cant_mix_01_6 0 199 201 209
dataset/cant_mix_01_7 0 51 51 43
dataset/cant_mix_01_8 0 81 83 95
dataset/cant_mix_01_9 0 230 232 203
dataset/cant_mix_01_10 0 112 118 128
dataset/cant_mix_05_1 0 149 152 115
dataset/cant_mix_05_2 0 120 121 135
dataset/cant_mix_05_3 0 59 56 73
dataset/cant_mix_05_4 0 62 62 50
dataset/cant_mix_05_5 0 399 405 417
dataset/cant_mix_05_6 0 30 32 37
dataset/cant_mix_05_7 0 14 16 20
dataset/cant_mix_05_8 0 128 128 109
dataset/cant_mix_05_9 0 39 41 36
dataset/cant_mix_05_10 0 96 97 101
dataset/cant_mix_1_1 0 144 148 107
dataset/cant_mix_1_2 0 80 86 120
dataset/cant_mix_1_3 0 32 35 32
dataset/cant_mix_1_4 0 189 194 183
dataset/cant_mix_1_5 0 12 14 14
dataset/cant_mix_1_6 0 191 200 229
dataset/cant_mix_1_7 0 63 66 66
dataset/cant_mix_1_8 0 15 16 18
dataset/cant_mix_1_9 0 25 29 23
dataset/cant_mix_1_10 0 144 153 134
dataset/cant_mix_5_1 0 29 33 31
dataset/cant_mix_5_2 0 106 110 92
dataset/cant_mix_5_3 0 88 91 78
dataset/cant_mix_5_4 0 71 79 96
dataset/cant_mix_5_5 0 154 158 168
dataset/cant_mix_5_6 0 26 29 29
dataset/cant_mix_5_7 0 140 150 161
dataset/cant_mix_5_8 0 106 117 125
dataset/cant_mix_5_9 0 67 74 105
dataset/cant_mix_5_10 0 36 42 34
dataset/cant_mix_10_1 0 145 150 168
dataset/cant_mix_10_2 0 80 88 66
dataset/cant_mix_10_3 0 130 136 193
dataset/cant_mix_10_4 0 47 54 67
dataset/cant_mix_10_5 0 140 145 179
dataset/cant_mix_10_6 0 17 20 20
dataset/cant_mix_10_7 0 20 23 23
dataset/cant_mix_10_8 0 82 87 78
dataset/cant_mix_10_9 0 28 29 26
dataset/cant_mix_10_10 0 47 53 68
dataset/cant_mix_50_1 0 225 235 343
dataset/cant_mix_50_2 0 20 23 21
dataset/cant_mix_50_3 0 169 174 216
dataset/cant_mix_50_4 0 17 18 16
dataset/cant_mix_50_5 0 15 17 18
dataset/cant_mix_50_6 0 8 9 8
dataset/cant_mix_50_7 0 91 93 93
dataset/cant_mix_50_8 0 105 111 153
dataset/cant_mix_50_9 0 13 15 19
dataset/cant_mix_50_10 0 31 35 29
dataset/dens_mix_1_1 0 7 8 7
dataset/dens_mix_1_2 0 7 7 7
dataset/dens_mix_1_3 0 41 46 34
dataset/dens_mix_1_4 0 7 8 7
dataset/dens_mix_1_5 0 7 8 7
dataset/dens_mix_1_6 0 7 8 6
dataset/dens_mix_1_7 0 13 15 13
dataset/dens_mix_1_8 0 41 45 36
dataset/dens_mix_1_9 0 7 8 7
dataset/dens_mix_1_10 0 9 11 12
dataset/dens_mix_5_1 0 67 70 68
dataset/dens_mix_5_2 0 14 16 17
dataset/dens_mix_5_3 0 11 13 11
dataset/dens_mix_5_4 0 18 20 23
dataset/dens_mix_5_5 0 5 6 5
dataset/dens_mix_5_6 0 11 12 10
dataset/dens_mix_5_7 0 52 58 48
dataset/dens_mix_5_8 0 13 14 14
dataset/dens_mix_5_9 0 63 69 68
dataset/dens_mix_5_10 0 10 11 12
dataset/dens_mix_10_1 0 7 8 6
dataset/dens_mix_10_2 0 7 8 6
dataset/dens_mix_10_3 0 6 6 5
dataset/dens_mix_10_4 0 12 14 13
dataset/dens_mix_10_5 0 25 27 35
dataset/dens_mix_10_6 0 8 9 9
dataset/dens_mix_10_7 0 10 11 10
dataset/dens_mix_10_8 0 19 23 22
dataset/dens_mix_10_9 0 7 8 7
dataset/dens_mix_10_10 0 80 87 125
