dataset/cant_uni_01_1 0 542446 18437 9587
dataset/cant_uni_01_2 0 536005 17674 8646
dataset/cant_uni_01_3 0 705764 26885 13121
dataset/cant_uni_01_4 0 603728 21689 10883
dataset/cant_uni_01_5 0 530768 18856 11433
dataset/cant_uni_01_6 0 261389 9446 6550
dataset/cant_uni_01_7 0 820459 27520 12944
dataset/cant_uni_01_8 0 788168 27448 14080
dataset/cant_uni_01_9 0 569714 22296 12504
dataset/cant_uni_01_10 0 678783 25272 12744
dataset/cant_uni_05_1 0 3812816 63269 31721
dataset/cant_uni_05_2 0 3114009 52220 29462
dataset/cant_uni_05_3 0 3084038 48555 25312
dataset/cant_uni_05_4 0 2735368 43745 22361
dataset/cant_uni_05_5 0 3086075 48552 23028
dataset/cant_uni_05_6 0 2180057 34754 19482
dataset/cant_uni_05_7 0 1418174 17499 12569
dataset/cant_uni_05_8 0 2452830 38836 21717
dataset/cant_uni_05_9 0 2516986 40184 20707
dataset/cant_uni_05_10 0 2828069 41075 22656
dataset/cant_uni_1_1 0 5666378 64636 31415
dataset/cant_uni_1_2 0 4546878 50313 28012
dataset/cant_uni_1_3 0 5750329 61619 29389
dataset/cant_uni_1_4 0 4913860 57267 34606
dataset/cant_uni_1_5 0 3479474 38173 23338
dataset/cant_uni_1_6 0 6144362 66133 33642
dataset/cant_uni_1_7 0 5177691 56794 27348
dataset/cant_uni_1_8 0 6297024 72814 33859
dataset/cant_uni_1_9 0 3571395 39590 25210
dataset/cant_uni_1_10 0 6121830 65997 34967
dataset/cant_uni_5_1 0 12626932 59371 67506
dataset/cant_uni_5_2 0 6337229 22229 43980
dataset/cant_uni_5_3 0 16807129 90620 76650
dataset/cant_uni_5_4 0 18948749 85753 70981
dataset/cant_uni_5_5 0 16982142 87380 82130
dataset/cant_uni_5_6 0 18939690 101215 83484
dataset/cant_uni_5_7 0 18885976 101251 84898
dataset/cant_uni_5_8 0 16815984 82092 69342
dataset/cant_uni_5_9 0 10535938 48881 61650
dataset/cant_uni_5_10 0 12799977 58104 58796
dataset/cant_uni_10_1 0 18798889 63152 92558
dataset/cant_uni_10_2 0 11290561 27979 72797
dataset/cant_uni_10_3 0 37773974 153432 121083
dataset/cant_uni_10_4 0 30030016 108964 108150
dataset/cant_uni_10_5 0 22921080 76361 89735
dataset/cant_uni_10_6 0 30036647 107085 104841
dataset/cant_uni_10_7 0 11279765 30728 81864
dataset/cant_uni_10_8 0 33655291 127721 115978
dataset/cant_uni_10_9 0 11266645 32196 81707
dataset/cant_uni_10_10 0 26261653 90598 99561
dataset/cant_uni_50_1 0 40914138 47821 236058
dataset/cant_uni_50_2 0 134491129 263554 320958
dataset/cant_uni_50_3 0 121479448 210409 304778
dataset/cant_uni_50_4 0 54468611 73866 234527
dataset/cant_uni_50_5 0 67321002 112487 251882
dataset/cant_uni_50_6 0 40469361 55205 224592
dataset/cant_uni_50_7 0 54011866 86998 246027
dataset/cant_uni_50_8 0 80758944 137461 262318
dataset/cant_uni_50_9 0 80836532 124787 257691
dataset/cant_uni_50_10 0 53870229 80746 245113
dataset/dens_uni_1_1 0 5574782 24151 37883
dataset/dens_uni_1_2 0 11152866 56277 49221
dataset/dens_uni_1_3 0 8357111 40694 43675
dataset/dens_uni_1_4 0 4183953 15491 31834
dataset/dens_uni_1_5 0 8455117 41722 44905
dataset/dens_uni_1_6 0 8356972 40957 40792
dataset/dens_uni_1_7 0 8372422 41605 47698
dataset/dens_uni_1_8 0 8404436 41296 45660
dataset/dens_uni_1_9 0 5592482 25045 36829
dataset/dens_uni_1_10 0 6977095 33520 37849
dataset/dens_uni_5_1 0 30377343 83404 110027
dataset/dens_uni_5_2 0 13024899 23028 79697
dataset/dens_uni_5_3 0 13038343 25425 84753
dataset/dens_uni_5_4 0 22093645 52151 93580
dataset/dens_uni_5_5 0 21847571 49123 90947
dataset/dens_uni_5_6 0 8692326 13165 77652
dataset/dens_uni_5_7 0 8680908 14782 80211
dataset/dens_uni_5_8 0 17403961 37245 87271
dataset/dens_uni_5_9 0 8711305 12988 77813
dataset/dens_uni_5_10 0 17367926 44495 95573
dataset/dens_uni_10_1 0 19884444 26331 114746
dataset/dens_uni_10_2 0 26545569 52099 135373
dataset/dens_uni_10_3 0 13256308 18868 118663
dataset/dens_uni_10_4 0 19890572 28245 121714
dataset/dens_uni_10_5 0 19872411 28117 118863
dataset/dens_uni_10_6 0 6626852 10 96748
dataset/dens_uni_10_7 0 19891946 30427 124071
dataset/dens_uni_10_8 0 19869656 29059 118359
dataset/dens_uni_10_9 0 6658034 11 96959
dataset/dens_uni_10_10 0 33140482 59476 139061
dataset/cant_clu_01_1 0 757560 16735 6961
dataset/cant_clu_01_2 0 595373 20635 13724
dataset/cant_clu_01_3 0 657659 16999 14092
dataset/cant_clu_01_4 0 1020897 25151 20867
dataset/cant_clu_01_5 0 613070 17294 14118
dataset/cant_clu_01_6 0 815009 20080 15757
dataset/cant_clu_01_7 0 321646 10332 7365
dataset/cant_clu_01_8 0 411220 11450 8971
dataset/cant_clu_01_9 0 851171 28801 21531
dataset/cant_clu_01_10 0 454644 12397 9018
dataset/cant_clu_05_1 0 2866363 15557 14875
dataset/cant_clu_05_2 0 3066999 34337 33203
dataset/cant_clu_05_3 0 2682526 39734 31624
dataset/cant_clu_05_4 0 3702520 34013 34192
dataset/cant_clu_05_5 0 3203208 41084 37376
dataset/cant_clu_05_6 0 2150641 8581 8819
dataset/cant_clu_05_7 0 3609516 54752 49134
dataset/cant_clu_05_8 0 3198872 30856 26213
dataset/cant_clu_05_9 0 2992923 44730 26281
dataset/cant_clu_05_10 0 2236199 17373 14363
dataset/cant_clu_1_1 0 7475326 28655 27587
dataset/cant_clu_1_2 0 5368496 41056 28056
dataset/cant_clu_1_3 0 6324158 54563 30392
dataset/cant_clu_1_4 0 5053202 31734 19516
dataset/cant_clu_1_5 0 4142113 32371 21705
dataset/cant_clu_1_6 0 6885357 58610 37250
dataset/cant_clu_1_7 0 3677735 37672 21596
dataset/cant_clu_1_8 0 6771637 63302 64127
dataset/cant_clu_1_9 0 7389310 44604 37000
dataset/cant_clu_1_10 0 5904999 47805 43078
dataset/cant_clu_5_1 0 32329242 141186 144042
dataset/cant_clu_5_2 0 15790781 51867 64203
dataset/cant_clu_5_3 0 11319908 24677 46701
dataset/cant_clu_5_4 0 20987712 70307 92655
dataset/cant_clu_5_5 0 34083757 130705 149751
dataset/cant_clu_5_6 0 29711998 74730 88417
dataset/cant_clu_5_7 0 22118543 83753 98249
dataset/cant_clu_5_8 0 20530122 80961 105713
dataset/cant_clu_5_9 0 27830286 108786 123014
dataset/cant_clu_5_10 0 25882819 76407 85639
dataset/cant_clu_10_1 0 13817064 31794 72401
dataset/cant_clu_10_2 0 31917742 32720 66863
dataset/cant_clu_10_3 0 10192965 19791 63611
dataset/cant_clu_10_4 0 25796457 52432 68008
dataset/cant_clu_10_5 0 37240024 59100 93150
dataset/cant_clu_10_6 0 40745165 84451 117223
dataset/cant_clu_10_7 0 62338567 56659 99227
dataset/cant_clu_10_8 0 52839679 133649 180957
dataset/cant_clu_10_9 0 13254385 28622 71510
dataset/cant_clu_10_10 0 18652609 65260 89265
dataset/cant_clu_50_1 0 241160477 231550 391806
dataset/cant_clu_50_2 0 58391803 91295 227623
dataset/cant_clu_50_3 0 172087302 133043 278317
dataset/cant_clu_50_4 0 189339844 127358 272464
dataset/cant_clu_50_5 0 147185296 201100 289630
dataset/cant_clu_50_6 0 82315410 112149 243487
dataset/cant_clu_50_7 0 78436463 57342 192707
dataset/cant_clu_50_8 0 200989245 213495 368062
dataset/cant_clu_50_9 0 51906436 110033 175044
dataset/cant_clu_50_10 0 170683559 119923 260814
dataset/dens_clu_1_1 0 33900449 42629 120829
dataset/dens_clu_1_2 0 17363264 29285 81400
dataset/dens_clu_1_3 0 29957382 43459 116824
dataset/dens_clu_1_4 0 11303320 12040 95795
dataset/dens_clu_1_5 0 8988740 8155 75641
dataset/dens_clu_1_6 0 65534976 55874 115744
dataset/dens_clu_1_7 0 21273644 36744 101705
dataset/dens_clu_1_8 0 8879195 8873 74778
dataset/dens_clu_1_9 0 13769497 18856 82164
dataset/dens_clu_1_10 0 77852494 80148 148154
dataset/dens_clu_5_1 0 42048040 65725 107179
dataset/dens_clu_5_2 0 19522459 39976 77255
dataset/dens_clu_5_3 0 20473445 30241 77274
dataset/dens_clu_5_4 0 24550684 28189 72397
dataset/dens_clu_5_5 0 24648012 20732 61288
dataset/dens_clu_5_6 0 36370288 70358 118182
dataset/dens_clu_5_7 0 49912505 84034 139817
dataset/dens_clu_5_8 0 46901381 51769 92258
dataset/dens_clu_5_9 0 25867469 51051 81552
dataset/dens_clu_5_10 0 32051120 69324 111008
dataset/dens_clu_10_1 0 20033571 16792 70198
dataset/dens_clu_10_2 0 41309933 72113 135062
dataset/dens_clu_10_3 0 28117871 37377 110180
dataset/dens_clu_10_4 0 50411549 52878 120890
dataset/dens_clu_10_5 0 77557676 136371 210107
dataset/dens_clu_10_6 0 14702501 16013 83923
dataset/dens_clu_10_7 0 8621948 11214 76564
dataset/dens_clu_10_8 0 66194365 72288 146450
dataset/dens_clu_10_9 0 50333725 39300 111487
dataset/dens_clu_10_10 0 39636680 37554 87580
dataset/cant_mix_01_1 0 387252 15934 9543
dataset/cant_mix_01_2 0 900411 18623 10466
dataset/cant_mix_01_3 0 532413 19284 11620
dataset/cant_mix_01_4 0 532944 19031 11583
dataset/cant_mix_01_5 0 655126 25283 11429
dataset/cant_mix_01_6 0 604584 21829 11740
dataset/cant_mix_01_7 0 570688 8935 6402
dataset/cant_mix_01_8 0 770415 20577 11935
dataset/cant_mix_01_9 0 584295 22549 11133
dataset/cant_mix_01_10 0 732800 27440 14146
dataset/cant_mix_05_1 0 4563433 42193 25573
dataset/cant_mix_05_2 0 2796373 36272 23148
dataset/cant_mix_05_3 0 2997144 40566 22482
dataset/cant_mix_05_4 0 2690293 23955 17686
dataset/cant_mix_05_5 0 2902439 33529 17714
dataset/cant_mix_05_6 0 2726799 33201 20939
dataset/cant_mix_05_7 0 1828778 31369 17633
dataset/cant_mix_05_8 0 3270553 35244 22564
dataset/cant_mix_05_9 0 3164931 25192 18863
dataset/cant_mix_05_10 0 2429079 31179 19818
dataset/cant_mix_1_1 0 8313575 56219 36726
dataset/cant_mix_1_2 0 4552454 48503 24565
dataset/cant_mix_1_3 0 2982726 28071 17989
dataset/cant_mix_1_4 0 8621531 55978 37055
dataset/cant_mix_1_5 0 3577137 31204 20937
dataset/cant_mix_1_6 0 8977089 77913 43797
dataset/cant_mix_1_7 0 7498599 82608 41787
dataset/cant_mix_1_8 0 2387624 15404 12108
dataset/cant_mix_1_9 0 4133511 49265 21641
dataset/cant_mix_1_10 0 5783302 67110 37580
dataset/cant_mix_5_1 0 16761195 82920 73096
dataset/cant_mix_5_2 0 26943186 65939 74327
dataset/cant_mix_5_3 0 28674915 79429 78290
dataset/cant_mix_5_4 0 18281815 103774 84697
dataset/cant_mix_5_5 0 24102709 70344 74434
dataset/cant_mix_5_6 0 17732066 59335 61897
dataset/cant_mix_5_7 0 26283085 111834 84485
dataset/cant_mix_5_8 0 22580471 106612 85810
dataset/cant_mix_5_9 0 16319511 57374 61996
dataset/cant_mix_5_10 0 13243371 86253 74517
dataset/cant_mix_10_1 0 37597041 61963 94833
dataset/cant_mix_10_2 0 28961499 57971 90241
dataset/cant_mix_10_3 0 35009300 90270 99609
dataset/cant_mix_10_4 0 21461178 78899 88303
dataset/cant_mix_10_5 0 42003245 80808 97858
dataset/cant_mix_10_6 0 18514623 58242 91093
dataset/cant_mix_10_7 0 22225596 65945 97154
dataset/cant_mix_10_8 0 29012814 56155 99062
dataset/cant_mix_10_9 0 25160527 55914 95481
dataset/cant_mix_10_10 0 26088442 95435 109808
dataset/cant_mix_50_1 0 137956039 166149 271210
dataset/cant_mix_50_2 0 92264270 139099 274054
dataset/cant_mix_50_3 0 169943794 182694 314230
dataset/cant_mix_50_4 0 75579671 122490 251877
dataset/cant_mix_50_5 0 65635166 106958 255481
dataset/cant_mix_50_6 0 26735689 22097 206405
dataset/cant_mix_50_7 0 118333820 114072 258973
dataset/cant_mix_50_8 0 110539336 95355 225472
dataset/cant_mix_50_9 0 76586120 129100 254950
dataset/cant_mix_50_10 0 92583447 114262 246895
dataset/dens_mix_1_1 0 13008185 9808 103112
dataset/dens_mix_1_2 0 10566401 15661 94571
dataset/dens_mix_1_3 0 71597794 82618 141354
dataset/dens_mix_1_4 0 32041441 59855 124908
dataset/dens_mix_1_5 0 12403473 15445 104939
dataset/dens_mix_1_6 0 26397650 47390 122198
dataset/dens_mix_1_7 0 24985948 26060 110024
dataset/dens_mix_1_8 0 72542110 93358 143607
dataset/dens_mix_1_9 0 12156896 17327 105638
dataset/dens_mix_1_10 0 19606627 25903 110840
dataset/dens_mix_5_1 0 50041139 72691 106548
dataset/dens_mix_5_2 0 21441326 48426 88075
dataset/dens_mix_5_3 0 16077280 30603 74218
dataset/dens_mix_5_4 0 20884365 42483 90065
dataset/dens_mix_5_5 0 3748969 10 52078
dataset/dens_mix_5_6 0 16771729 35690 91177
dataset/dens_mix_5_7 0 53494873 95296 112532
dataset/dens_mix_5_8 0 30434581 67004 100109
dataset/dens_mix_5_9 0 40758701 58106 98386
dataset/dens_mix_5_10 0 12354133 22885 78755
dataset/dens_mix_10_1 0 18844815 31321 113292
dataset/dens_mix_10_2 0 12639874 13581 105784
dataset/dens_mix_10_3 0 6065677 10 86024
dataset/dens_mix_10_4 0 38931285 64636 131499
dataset/dens_mix_10_5 0 38361731 53692 128993
dataset/dens_mix_10_6 0 24886946 46316 119149
dataset/dens_mix_10_7 0 30983585 50108 118950
dataset/dens_mix_10_8 0 36174368 49591 124911
dataset/dens_mix_10_9 0 24907996 47128 115209
dataset/dens_mix_10_10 0 26616711 29703 111030