4488
4560
4480
4396
4400
4480
4640
4468
4368
4368
4480
4556
4400
4396
4492
4400
4384
4368
4472
4396
4512
4480
4484
4400
4480
4468
4456
4336
4476
4516
4484
4468
4468
4400
4640
4384
4368
4636
4640
4480
4516
4368
4456
4384
4480
4332
4388
4468
4488
4384
4492
4336
4400
4384
4472
4632
4556
4516
4404
4488
4632
4468
4484
4400
4476
4516
4456
4488
4480
4364
4580
4336
4476
4480
4404
4464
4400
4488
4580
4560
4636
4368
4400
4464
4468
4556
4484
4516
4336
4448
4640
4332
4516
4516
4340
4480
4488
4576
4576
4636
4364
4380
4580
4364
4452
4516
4404
4464
4516
4516
4484
4516
4396
4384
4576
4400
4448
4336
4404
4480
4468
4384
4372
4384
4400
4480
4340
4464
4476
4468
4560
4464
4556
4400
4484
4576
4400
4452
4456
4572
4384
4484
4516
4336
4484
4576
4388
4480
4484
4560
4640
4384
4448
4468
4468
4368
4336
4556
4472
4400
4580
4452
4520
4400
4480
4632
4484
4636
4404
4400
4388
4452
4336
4560
4404
4484
4400
4336
4372
4468
4488
4400
4580
4468
4576
4480
4400
4468
4632
4556
4484
4384
4516
4560
4640
4580
4468
4468
4384
4468
4468
4452
4480
4636
4400
4480
4404
4632
4452
4636
4472
4476
4480
4512
4484
4448
4336
4488
4560
4556
4368
4576
4492
4468
4400
4516
4640
4516
4400
4488
4516
4516
4560
4476
4468
4560
4396
4396
4484
4468
4516
4480
4472
4468
4488
4576
4472
4468
4516
4452
4640
4632
4480
4392
4564
4400
4480
4480
4636
4476
4576
4516
4576
4480
4480
4468
4484
4396
4512
4512
4468
4480
4368
4400
4456
4636
4384
4516
4472
4516
4556
4452
4492
4516
4516
4516
4640
4336
4400
4480
4564
4364
4336
4636
4368
4452
4464
4560
4340
4516
4448
4400
4372
4484
4368
4572
4388
4452
4576
4332
4336
4576
4480
4452
4472
4380
4480
4488
4404
4468
4516
4452
4516
4464
4480
4384
4452
4384
4516
4480
4468
4560
4336
4484
4372
4516
4468
4400
4472
4560
4476
4468
4492
4332
4512
4380
4372
4464
4488
4636
4340
4468
4464
4400
4564
4516
4396
4368
4388
4560
4380
4636
4492
4468
4516
4400
4404
4476
4476
4560
4472
4576
4384
4476
4472
4488
4400
4636
4468
4476
4576
4480
4372
4520
4484
4560
4480
4476
4468
4476
4492
4516
4632
4480
4468
4400
4512
4400
4456
4484
3968
3896
3928
3984
3744
3968
3900
3896
3984
3872
3988
3808
3804
3920
3988
3808
3968
3968
3928
4040
3924
3968
3968
3876
3808
3744
3988
3924
3984
3920
3900
3804
4040
3984
3812
3744
3924
3888
3748
3788
3808
3808
3876
3808
3776
3776
3928
3896
3984
3964
3876
3924
3808
3776
3928
3924
3808
3896
3780
3984
3888
3808
3812
3792
3896
3968
3984
3744
3792
3984
4048
3776
3980
3792
3928
3964
3924
3888
3748
3872
3888
4044
4048
3888
3968
3860
3796
3776
3920
3896
3780
3984
3776
3860
3876
3896
3984
3968
3812
3924
3888
3744
3928
3792
3876
3772
3780
3872
3968
3964
3972
3964
3808
3876
3928
3792
3896
3772
3928
3776
3808
4044
3928
3804
3896
3888
3780
3860
3968
3776
3888
3924
3924
3924
3880
3804
3892
3808
3896
3772
3924
3888
3880
3896
3788
3984
3796
3888
4044
3876
3744
3920
3896
3968
3748
3980
3744
3804
3796
3792
3744
3776
3892
3888
3984
3888
3988
3808
3924
3888
4048
3984
3808
3792
3900
3792
3872
3964
3744
3808
3888
3888
3900
3924
3776
3804
3892
3896
3968
3984
3796
3792
3924
3924
3932
3808
3804
3772
3892
3968
4048
3924
3880
3744
3860
3924
3880
3876
3876
3896
3812
3776
3792
3876
3924
3792
3876
3968
3892
3772
3792
3888
3900
3968
3892
3884
3892
3808
3968
3924
3780
3876
3808
3964
3860
3876
3744
3808
3796
3896
3856
3984
3748
3924
3968
3876
3892
3876
3804
3860
3988
4044
3924
3924
3892
4044
3896
3892
3880
3968
3872
3876
3924
3804
3888
3888
3892
3744
3924
3860
3924
3776
3776
3924
3748
3884
3876
3876
3972
3896
3872
3876
3880
3888
3876
3892
3780
3896
3888
4044
3972
3744
3924
3744
4044
3772
3804
3808
3744
3876
3924
3808
3812
3860
3924
3920
3880
3860
3740
3896
3988
3772
3804
3808
3972
4040
3876
3896
3896
3876
3984
3924
3972
3792
3888
4044
3972
3776
3792
3924
4048
3892
3888
3968
3744
3808
3792
3740
3892
3808
3856
3888
3748
3968
3924
3808
3860
3744
3808
3808
3748
3744
3788
3776
3896
3896
3772
3744
3880
3876
3888
3924
3892
3924
3860
3888
3880
3740
3968
3808
3796
4040
3856
3924
3924
3808
3896
3896
4048
3924
3808
3896
3864
3888
3776
3968
3888
3876
3872
3896
3892
3896
3968
3888
3880
3856
3924
3740
3876
3808
4988
5048
5232
5036
5020
5036
5172
5032
5052
5116
5172
5288
5120
5052
5124
5132
5168
5120
5168
5100
5052
5016
5104
5140
5212
5208
5212
5132
5120
5132
5108
5104
5212
5120
5168
5228
5032
4988
5232
5120
5176
5168
5056
5224
4988
5120
5052
5052
5288
5288
5136
5128
5052
5224
5292
5120
5048
5120
5232
5104
5120
5048
5124
5128
4988
5052
4992
4984
5284
4988
5292
5164
5120
5284
5124
5132
4988
5168
5124
5132
5168
5052
5124
5052
5100
5120
5144
4984
5284
5140
5132
5284
5128
4988
5132
5168
5036
5136
5232
5120
5132
5168
5040
5052
5052
5104
5056
5288
5208
5128
5024
5228
5164
5168
5232
5036
5120
5140
5172
4988
5212
4988
5228
5120
5140
5120
5020
4988
5052
4984
5136
5120
4988
5284
5144
5052
5052
5036
5292
5164
5228
5164
5232
5212
5168
5168
5124
5212
5164
5052
5056
5132
5120
5284
5144
5136
5116
5120
5136
5136
5164
4988
5124
5288
5052
5104
5036
5048
5132
5212
5124
4988
5132
5168
5108
4988
5212
5048
5140
5120
5120
5168
5056
5052
5168
5128
5232
5288
5052
5120
5040
5140
5120
5052
5124
5288
4988
5228
4992
5036
5036
5288
5056
5100
5140
5288
5108
4988
5020
5132
5168
5020
5168
5228
5172
5140
4984
5168
5040
5104
5228
5048
5124
5036
5120
5128
5140
5288
5104
5104
5140
5132
5048
5172
5124
5132
5052
5164
5040
5036
5208
5128
4992
4988
5212
5104
5292
5120
5132
5116
5140
5128
5140
5120
5056
5052
5020
5168
5288
5104
5104
5168
5212
5052
5100
5104
5132
5052
5208
5140
5168
5120
5132
4988
5136
5120
5228
5164
5056
5120
5036
4984
5172
5288
5120
5140
5020
5120
5132
5120
5168
5164
5120
5208
5104
5288
5132
5120
4988
5020
5100
5208
4988
5132
5212
5132
5104
5208
5224
5052
5136
5228
5288
5132
5124
5052
5020
5132
5052
5020
5168
5140
5232
4984
5120
5224
5124
5052
5020
5116
5124
5168
5104
5168
5144
5052
5212
5132
4992
5132
5132
5052
5124
5136
5284
5212
5216
5052
5120
5120
4988
5140
5168
5128
5124
5032
5228
5036
5292
5212
5020
5288
5212
5052
5228
5168
5172
5212
5164
5020
5172
5048
5228
5168
5172
5120
4988
4988
5172
5048
5052
5140
5136
5120
5212
5132
5168
5016
5128
5140
5144
5168
5120
5052
5288
5120
5168
5208
5124
5228
5472
5548
5456
5408
5708
5708
5540
5468
5540
5472
5552
5560
5440
5708
5704
5524
5408
5588
5588
5708
5628
5644
5560
5560
5588
5560
5408
5552
5408
5544
5540
5632
5648
5560
5472
5588
5472
5588
5540
5548
5468
5584
5648
5588
5456
5520
5552
5452
5472
5472
5540
5552
5552
5584
5408
5584
5588
5540
5552
5468
5440
5560
5468
5524
5552
5440
5524
5520
5556
5708
5560
5648
5540
5632
5440
5472
5588
5648
5584
5440
5408
5440
5588
5632
5520
5540
5644
5708
5536
5472
5436
5472
5560
5560
5540
5632
5540
5556
5584
5468
5440
5472
5456
5588
5456
5468
5560
5472
5556
5584
5440
5540
5472
5560
5552
5584
5524
5472
5648
5440
5456
5408
5644
5708
5708
5708
5560
5472
5552
5404
5472
5540
5456
5472
5704
5552
5540
5540
5472
5648
5456
5472
5588
5708
5440
5552
5472
5588
5648
5584
5708
5472
5472
5588
5648
5648
5632
5524
5556
5436
5548
5552
5456
5552
5408
5436
5408
5552
5472
5588
5472
5644
5468
5436
5540
5436
5440
5632
5708
5540
5472
5648
5540
5588
5472
5408
5708
5584
5524
5472
5536
5632
5472
5552
5560
5520
5588
5588
5560
5524
5408
5436
5408
5648
5472
5404
5588
5524
5560
5540
5472
5440
5588
5632
5704
5648
5456
5524
5440
5540
5588
5588
5472
5584
5468
5472
5704
5644
5540
5560
5472
5584
5456
5648
5584
5540
5548
5632
5408
5520
5552
5560
5588
5472
5440
5540
5472
5472
5468
5632
5552
5588
5644
5632
5708
5560
5472
5452
5632
5440
5524
5468
5540
5704
5588
5584
5456
5540
5588
5540
5708
5648
5524
5560
5456
5408
5456
5588
5648
5556
5632
5584
5520
5408
5436
5520
5524
5548
5540
5588
5468
5456
5560
5648
5588
5584
5596
5556
5632
5708
5588
5632
5704
5408
5456
5588
5536
5404
5708
5408
5440
5536
5468
5472
5632
5472
5540
5456
5648
5648
5584
5436
5440
5648
5648
5408
5708
5560
5472
5548
5440
5584
5408
5560
5628
5440
5520
5540
5404
5540
5456
5588
5540
5552
5536
5472
5552
5456
5548
5708
5560
5560
5648
5708
5556
5408
5472
5540
5628
5408
5560
5472
5524
5536
5632
5628
5584
5632
5584
5408
5472
5540
5408
5708
5440
5456
5588
5708
5588
5440
5524
5560
5552
5560
5632
5588
5644
5472
5540
5520
5588
5548
5708
5588
5536
5456
5540
5472
5440
5708
4768
4704
4620
4636
4740
4828
4888
4888
4704
4636
4732
4768
4740
4732
4616
4616
4732
4740
4636
4716
4704
4716
4732
4740
4884
4652
4732
4652
4588
4768
4728
4716
4728
4828
4720
4652
4652
4720
4764
4732
4704
4812
4704
4648
4720
4768
4888
4740
4828
4828
4888
4888
4716
4648
4704
4728
4768
4732
4720
4812
4732
4740
4740
4588
4764
4620
4888
4636
4620
4588
4652
4652
4772
4584
4828
4636
4736
4732
4652
4588
4768
4764
4652
4812
4652
4720
4652
4740
4888
4808
4764
4828
4632
4888
4732
4704
4588
4768
4620
4828
4888
4716
4652
4720
4648
4652
4584
4636
4716
4636
4740
4768
4768
4740
4704
4652
4720
4824
4732
4828
4704
4652
4652
4824
4652
4704
4732
4732
4768
4720
4652
4720
4732
4824
4768
4768
4812
4732
4808
4740
4724
4720
4652
4636
4732
4828
4768
4704
4704
4768
4620
4620
4588
4636
4636
4720
4768
4724
4652
4652
4720
4652
4716
4740
4768
4652
4728
4704
4736
4828
4728
4652
4828
4768
4636
4652
4648
4828
4888
4700
4732
4728
4732
4828
4740
4808
4636
4636
4720
4768
4740
4636
4588
4736
4652
4704
4888
4620
4588
4808
4828
4732
4888
4636
4720
4704
4764
4588
4652
4732
4768
4768
4812
4716
4648
4652
4732
4652
4584
4732
4884
4764
4632
4704
4620
4652
4652
4768
4768
4648
4888
4812
4700
4808
4648
4824
4812
4720
4888
4732
4768
4588
4732
4740
4716
4648
4584
4716
4764
4652
4740
4652
4648
4704
4632
4728
4732
4700
4740
4768
4728
4812
4768
4584
4812
4768
4632
4620
4732
4584
4620
4620
4768
4732
4768
4648
4704
4732
4720
4620
4732
4824
4732
4888
4652
4728
4888
4888
4768
4728
4716
4588
4620
4716
4732
4720
4700
4772
4832
4732
4732
4812
4732
4588
4812
4732
4828
4888
4652
4764
4740
4720
4732
4812
4636
4648
4888
4740
4728
4768
4720
4768
4732
4768
4636
4652
4616
4704
4620
4704
4812
4720
4704
4824
4636
4740
4716
4652
4652
4764
4720
4768
4588
4588
4732
4700
4720
4740
4620
4768
4740
4824
4772
4720
4740
4700
4584
4888
4652
4716
4764
4828
4720
4652
4636
4636
4732
4812
4636
4812
4768
4720
4704
4812
4764
4736
4720
4704
4764
4652
4720
4728
4760
4768
4828
4768
4828
4768
4812
4728
4740
4732
4720
4768
4620
4636
4720
4768
4648
4720
4636
4748
4636
4632
4752
4704
4632
4620
4568
4796
4724
4636
4604
4752
4716
4752
4724
4872
4704
4700
4688
4620
4620
4712
4872
4712
4716
4724
4704
4796
4688
4604
4724
4636
4796
4636
4796
4796
4568
4796
4716
4716
4752
4796
4568
4704
4752
4636
4704
4636
4632
4688
4720
4796
4752
4724
4720
4720
4796
4636
4704
4576
4716
4796
4636
4792
4872
4716
4704
4724
4620
4872
4720
4636
4796
4752
4716
4748
4704
4712
4724
4704
4704
4872
4712
4812
4616
4716
4812
4752
4812
4796
4752
4716
4752
4632
4568
4752
4752
4636
4636
4620
4748
4724
4616
4704
4716
4700
4568
4760
4752
4752
4812
4572
4748
4704
4632
4872
4716
4604
4868
4872
4812
4632
4808
4808
4616
4572
4792
4704
4632
4704
4632
4872
4812
4620
4796
4724
4712
4812
4636
4632
4636
4872
4636
4748
4704
4604
4712
4704
4620
4572
4636
4704
4716
4604
4704
4568
4636
4796
4752
4752
4572
4752
4704
4752
4712
4872
4724
4604
4636
4716
4752
4724
4716
4720
4752
4568
4716
4568
4872
4688
4716
4572
4752
4620
4796
4752
4704
4752
4636
4752
4752
4604
4616
4620
4636
4704
4600
4636
4704
4604
4636
4712
4704
4812
4572
4684
4716
4572
4604
4712
4600
4868
4812
4604
4872
4632
4872
4620
4568
4808
4752
4568
4604
4636
4636
4636
4792
4684
4704
4796
4572
4812
4752
4700
4752
4716
4636
4712
4716
4572
4636
4700
4632
4796
4636
4720
4636
4704
4752
4572
4620
4752
4752
4716
4604
4716
4572
4604
4704
4620
4704
4620
4636
4812
4636
4604
4872
4604
4632
4572
4604
4620
4808
4812
4704
4872
4636
4632
4636
4712
4712
4704
4704
4752
4796
4872
4812
4704
4688
4752
4752
4632
4684
4684
4600
4616
4872
4604
4688
4872
4872
4572
4632
4620
4604
4688
4704
4616
4636
4604
4572
4688
4620
4700
4604
4808
4808
4700
4568
4708
4636
4704
4868
4716
4716
4688
4752
4872
4716
4704
4812
4716
4688
4724
4716
4724
4796
4876
4704
4868
4688
4636
4796
4620
4724
4752
4684
4752
4716
4796
4724
4796
4872
4636
4688
4604
4716
4620
4700
4716
4600
4712
4716
4620
4796
4812
4752
4704
4632
4704
4568
4704
4572
4716
4752
4632
4724
4688
4716
4684
4572
4752
4700
4704
4720
4632
4720
4704
4812
4704
4872
4796
4632
4752
4636
4636
4704
4724
3924
4076
3908
3956
3916
3956
3844
3776
4016
3840
3932
3840
3840
3892
3896
3840
3808
3840
3920
4076
4012
3840
3960
3888
3908
3928
3896
3996
4000
4076
3924
3908
3808
3840
3844
4016
3916
3908
3844
3920
3920
3956
3828
4072
3996
3956
3828
3840
3908
3960
3920
3956
3808
3952
3780
3928
3956
3952
3912
3776
3808
3920
3912
3956
3776
3836
3844
3956
3920
3892
3896
3824
3952
3920
3960
4016
3804
3920
3920
3772
3836
3928
3960
3776
3956
3808
3896
3908
3924
3952
3960
3956
3824
3924
3932
3804
4076
3920
4080
3920
3908
3956
3920
3956
3916
3840
3912
3840
3920
3776
3920
3888
3920
3840
3780
3820
4016
3928
3812
3956
4016
3908
4004
3808
3892
4012
3920
3996
3956
3772
4020
3892
4016
4000
3896
3840
3920
3824
4080
3892
3804
3956
3812
3956
3840
3772
4080
4076
4072
3956
3812
3920
4076
3908
3968
4016
3776
3928
3828
3908
3956
3956
3920
4076
3956
3928
3912
3996
3920
3920
4080
3908
3956
3956
4016
3824
3920
3916
4004
4000
4016
3956
3912
3952
3908
3888
3840
4000
4072
3836
3912
3920
3920
3920
4020
3908
3824
3924
3912
4076
3888
3928
4020
4016
3808
3928
3912
3824
3840
3772
3912
3920
3904
3892
3912
3824
3908
3908
3928
3908
3824
3776
3912
3956
3892
3916
3912
3920
3908
3924
3844
3776
3912
3808
3812
3916
4016
3920
3896
3808
3920
3888
3892
3928
3928
3840
4016
3956
3928
3840
4016
3956
4016
3956
3924
3840
4000
3916
3960
3892
3920
4016
3960
3824
3920
3956
3844
3824
3928
3820
3924
3956
3996
3956
3844
3956
3808
3928
3924
3772
3920
3996
3920
3952
3840
4016
3912
3820
3892
3908
4004
3920
3908
3840
3844
3808
3928
3920
3932
4016
3920
3908
3912
4016
3924
3824
4080
3840
3956
3908
3812
3772
4016
3908
3912
3920
3908
3840
3924
4076
3904
3956
3912
4076
3824
3908
4076
3836
3920
4000
3828
3840
4016
4072
3924
4000
3836
4076
3960
3840
3928
4016
4016
3892
3840
3824
3932
3888
3928
3772
3912
3824
3996
3904
3920
3824
4016
3808
4076
3956
3928
3952
3780
3808
3956
3840
3824
3920
3824
3956
3844
3904
3920
3892
3776
3928
3956
3956
3912
3808
3920
3776
3844
3928
3892
3920
3924
3920
3808
3908
4016
3824
3956
3840
3844
3956
3956
3908
4080
4076
4036
4008
4040
4112
4216
4120
4120
4004
4276
4120
4120
4036
4108
4004
4024
4020
4120
4092
4156
4272
4120
4128
4156
4112
4216
4200
4040
4124
4156
4156
4116
4016
4024
4276
4092
4124
4108
4156
4108
4152
4156
4040
4160
4036
4004
4088
4120
3972
3976
4152
4156
4124
3972
4040
4020
4196
4004
4216
4156
4152
4040
4156
4108
4004
4008
4128
4156
4112
4036
4040
4272
4272
4008
4128
4092
4104
4024
4216
4120
4152
4216
4008
4164
4124
4040
4024
4036
4124
4108
4272
4104
4104
4272
4088
4152
4016
4008
4128
4120
4196
4108
4116
4200
4100
4216
4216
4216
4104
4128
4128
4156
4152
4040
4196
4008
4212
4040
4092
4120
4268
4272
4108
4040
4120
4276
3976
3976
4116
4108
4108
4276
4196
4128
4272
4200
4196
4156
4116
4036
4088
4008
4024
4216
4000
4156
4200
3972
4020
4040
4212
4120
4120
4272
4008
4276
4104
4024
4200
4004
4124
4216
4120
4120
4084
4108
4040
4040
4020
4156
4156
4092
4152
4120
4156
4108
4036
4156
4004
4024
4020
3972
4104
4108
4032
4104
4156
4120
4212
4008
4036
4128
4088
4020
4024
4216
4004
4116
4276
4108
4212
4200
4104
4120
4272
4216
4092
4040
4124
4024
4036
4108
4208
4040
4092
4200
4036
4108
4156
4276
4196
3976
4200
4200
4152
4276
4120
4108
4104
3972
4120
4040
4192
4020
4200
4216
4020
4200
4156
4112
4020
4020
4272
4004
4272
4116
4108
4092
3972
4004
4020
4004
4124
4036
4152
4004
4152
4036
4104
4040
4152
4196
4152
4276
4020
3972
3972
4116
4036
4216
4156
4092
4212
3976
4220
4200
4036
4156
4040
4108
3972
4156
4120
4024
4036
4276
4008
4276
4152
3972
4116
4104
4272
4156
4156
4200
4104
4028
3976
4120
3972
4128
3976
4120
4148
4024
4156
4216
4084
4092
4108
4116
4104
3976
4092
4024
4100
4216
4120
4108
4116
4120
4040
4108
4088
4212
4152
4156
4272
4088
4120
4276
4088
4124
4276
4108
4152
3976
4040
4200
4196
4020
4040
4104
4152
4156
4008
4152
4088
4108
4276
3976
4272
4120
4120
3976
4116
4088
4196
4004
4112
4156
4152
4276
4004
4212
4108
4116
4104
4128
3976
4008
4020
4120
4040
4276
3968
4008
4116
3972
4152
4024
4024
4216
3972
4092
4120
4216
4088
4212
4120
4092
4208
4220
4108
4156
4124
4128
4128
4108
3968
4208
4056
4064
3976
3956
4092
4028
4088
4052
3976
3912
4040
3960
3912
3944
3972
4092
3944
4092
4148
3956
4056
3944
3944
4056
3940
4152
4044
4152
3940
4052
4044
3976
3956
4052
4056
4064
4024
4056
4044
4092
3976
4052
4044
3976
4044
4044
4212
4044
4044
4056
4092
4092
3976
3976
3960
4044
4148
3940
4052
3976
4092
4092
4056
4136
3972
4212
4044
4044
4148
4040
4152
4092
4056
3940
4092
3912
3976
4056
3976
4092
3944
4148
4024
4092
4064
3908
4040
4092
4024
4056
4064
4056
4028
4088
4064
3976
3944
4064
4056
4056
4208
3960
3944
4028
4212
4024
3976
3976
4148
3960
4136
4136
4212
3976
4044
3912
4096
4044
4136
3960
4056
4044
4056
4212
4152
4028
4212
4056
4044
4152
4092
4096
3944
4208
3912
4044
4152
4136
4132
4044
4056
4052
4064
4092
4212
4044
4092
4088
3944
3940
3912
4136
4024
4028
4028
4136
4040
4024
4056
4064
4152
4152
3976
4212
4148
4044
4060
4092
4212
4040
4024
3944
4056
4044
4044
3908
3972
3960
4064
4136
4044
3944
4040
3956
4064
3972
4056
4092
4088
3960
4044
4044
4044
4052
4152
4044
4056
4212
4092
4092
4212
4056
4092
4132
3976
4056
4040
4064
4212
3976
4092
4092
4060
4044
4056
3912
4024
4028
4152
4136
4028
3944
4088
4044
3960
3972
4024
4024
4092
4048
4044
4052
4056
4028
4208
4212
4136
4092
4056
3976
4092
3976
4044
3960
4040
4148
3912
3976
3960
4044
4052
4052
4088
4040
4028
4088
4148
4056
3972
4212
4056
3976
4148
3956
4044
4132
4136
4044
3976
4044
4212
4044
4044
3912
4208
4148
4088
3972
3976
4092
3976
3912
4052
3960
4092
4212
3976
4024
3956
4152
4152
4056
4044
3976
4152
4040
4044
4056
4136
4052
4092
4092
3976
3976
3976
4044
4064
3976
3912
4064
4044
4088
4152
3912
3976
4212
4024
3940
3976
3908
4092
4052
3976
3976
3972
4040
4212
4028
4156
4212
3976
3944
3912
4092
4088
4044
4056
4056
4092
3960
3960
3976
4060
3912
3912
3976
4152
3976
4092
4152
4044
4212
3944
4044
3960
4040
4148
3976
4212
4212
4088
3956
3976
4064
4152
4028
4028
3960
3960
4092
4044
3960
4044
4092
4040
4028
3912
4060
4136
4212
3912
4024
4136
3976
3908
3972
4212
3960
4136
4056
4028
3976
3976
3976
4044
4208
4212
4092
4152
4092
4088
4092
3916
3912
3884
3900
4076
4152
4004
3848
3996
3884
3884
4032
4088
3896
4004
4028
3916
3984
3980
3912
4000
3852
4032
3996
3852
4152
4004
3996
3996
3916
4148
3916
4028
3916
4076
3900
4032
3848
4032
3984
3980
4092
3912
3980
3912
3964
3968
3916
3900
3852
3996
3968
3896
3996
4072
3996
4032
3996
4028
3880
4092
4004
4076
3980
4000
3900
4076
3900
3912
4092
3912
3968
3984
3996
4004
4076
3996
4076
4092
4028
4004
4092
3912
3916
3896
4028
3916
3996
4000
4092
3916
3884
3900
3980
4148
3996
4032
3916
3968
3916
4032
3900
3996
3968
3884
3996
3848
3916
3992
3996
3968
3916
3980
4076
3916
3980
4148
4032
4152
3900
3916
4028
3980
4032
3900
3968
3884
3852
3968
3916
3912
3996
4032
4028
4076
3916
3900
4028
3968
3916
3880
4028
4004
4032
3968
3916
4028
3916
3896
3916
3996
3968
4076
3916
4032
3968
3984
4076
4096
4032
3964
3996
3996
4032
3884
4076
4152
4092
3916
4004
4076
3916
3996
3848
4076
4028
3880
4072
4032
4152
3996
4032
3900
4004
4092
3968
4080
3964
3968
3852
3968
3916
4032
3852
4032
4032
3912
3900
4004
3996
4032
3968
4004
4004
3896
4004
3992
4092
3984
3916
3912
3996
3884
3980
3968
3984
3852
4032
3996
4032
4032
3900
4032
3996
3916
4152
3968
3852
4076
4148
4032
3964
3996
3912
4076
3996
3964
3984
4032
4092
3916
4152
3984
4076
3852
4028
4152
4152
3916
3996
4152
3916
4092
3984
3916
3852
4092
3988
4088
3984
4004
4032
3916
3880
3916
3884
4028
4076
3996
3852
4092
4076
3968
3884
4076
3984
3996
3884
3884
3916
3968
3996
3996
3968
3852
3996
3852
4032
3984
4076
3984
4152
3984
3968
3984
4092
3984
3996
3900
4092
3912
3968
3996
4032
3996
3968
4076
3984
3968
4148
3972
3916
3964
3984
4032
3900
4076
3880
4152
3984
4028
3916
4028
3980
3852
4032
4032
4032
4152
4032
3980
3852
3984
4152
3996
3900
3968
4004
4004
4092
4028
3916
3884
3996
3984
3852
4004
3984
4028
3984
3916
4152
4032
4004
3852
4076
3984
4032
3912
3852
3916
3996
4092
4152
3852
4152
3980
4032
4088
3916
4032
3884
4152
4076
3996
3884
3984
3912
3912
3848
4152
3848
4092
4148
3984
3996
4004
3984
3884
4004
3996
4032
3912
3984
3884
4032
3996
4496
4508
4680
4376
4604
4560
4380
4508
4532
4512
4380
4408
4676
4496
4428
4556
4520
4560
4444
4528
4524
4524
4600
4504
4676
4496
4428
4424
4676
4412
4512
4376
4412
4560
4676
4600
4444
4512
4560
4520
4444
4412
4676
4520
4412
4448
4524
4520
4512
4524
4524
4508
4444
4560
4380
4556
4444
4380
4560
4676
4508
4524
4560
4440
4680
4444
4508
4616
4560
4496
4528
4616
4444
4512
4524
4420
4604
4676
4524
4404
4532
4428
4560
4376
4496
4680
4524
4504
4444
4496
4380
4492
4604
4512
4512
4520
4524
4560
4604
4520
4512
4512
4600
4556
4412
4508
4520
4420
4508
4560
4496
4520
4560
4376
4444
4508
4508
4444
4444
4676
4428
4560
4440
4508
4604
4600
4512
4492
4532
4376
4560
4440
4412
4492
4680
4616
4428
4620
4556
4408
4424
4532
4444
4676
4428
4380
4512
4508
4560
4408
4524
4556
4444
4524
4560
4492
4496
4496
4412
4528
4604
4412
4512
4492
4600
4512
4560
4616
4440
4408
4428
4408
4524
4520
4524
4420
4428
4376
4560
4440
4680
4512
4680
4528
4524
4444
4524
4528
4492
4524
4444
4424
4512
4512
4520
4676
4496
4444
4620
4408
4496
4560
4532
4440
4428
4412
4512
4492
4444
4524
4412
4508
4376
4524
4412
4552
4504
4532
4560
4600
4380
4620
4620
4372
4444
4428
4524
4520
4524
4604
4444
4376
4444
4532
4556
4612
4496
4408
4520
4376
4424
4560
4560
4516
4620
4424
4532
4552
4524
4380
4524
4600
4496
4512
4600
4520
4604
4444
4496
4556
4512
4532
4376
4372
4428
4556
4620
4376
4496
4620
4620
4492
4528
4620
4680
4508
4556
4680
4532
4492
4604
4380
4600
4672
4560
4412
4620
4440
4604
4448
4680
4376
4680
4532
4520
4600
4524
4380
4444
4520
4428
4412
4560
4520
4512
4512
4444
4424
4412
4512
4532
4440
4376
4440
4444
4420
4524
4380
4376
4508
4376
4524
4532
4488
4440
4524
4560
4520
4512
4604
4560
4612
4620
4444
4492
4528
4380
4676
4560
4676
4604
4680
4380
4612
4556
4532
4560
4440
4532
4512
4412
4556
4604
4412
4380
4508
4380
4512
4424
4508
4380
4560
4512
4492
4412
4440
4380
4676
4380
4380
4532
4508
4496
4524
4524
4596
4532
4444
4444
4508
4680
4428
4560
4520
4524
4560
4428
4404
4512
4512
4424
4596
4380
4532
4524
4408
4524
4676
4560
4376
4064
4152
4180
4128
4140
4300
4000
4220
4300
4144
4128
4132
4184
4064
4064
4128
4144
4048
4064
4112
4148
4132
4064
4180
4224
4000
4144
4180
4064
4144
4144
4116
4236
4144
4224
4180
4116
4144
4144
4064
4180
4152
4064
4140
4132
4140
4132
4064
4064
4128
4180
4240
4048
4144
4032
4224
4000
4140
4132
4048
4064
4128
4220
4032
4240
4048
4060
4152
4144
4224
4180
4236
4144
4132
4180
4140
4296
4064
4144
4236
4152
4144
4048
4028
4048
4224
4224
4132
4032
4224
4000
4116
4128
4132
4180
4132
4144
4064
4152
4300
4064
4064
4148
4180
4180
4176
4180
4180
4152
4220
4032
4144
4300
4116
4064
4048
4300
4240
4224
4116
4224
4180
4128
4116
4116
4064
4068
4180
4300
4144
4144
4128
4128
4140
4300
4032
4060
4032
4060
4220
4300
4180
4300
4132
4176
4116
4144
4064
4060
4300
4132
4064
4176
4300
4132
4144
4224
4148
4116
4240
4112
4180
4132
4300
4132
4240
4028
4176
4000
4144
4144
4144
4180
4064
4240
4224
4032
4300
4236
4000
4132
4112
4064
4132
4144
4132
4000
4180
4144
4064
4064
4132
4064
4028
4000
4032
4000
4144
4180
4176
4128
4296
4180
4240
4300
4224
4132
4064
4144
4300
4144
4132
4180
4144
4144
4144
4144
4028
4180
4180
4032
4128
4048
4128
4132
4224
4140
4300
4152
4140
4060
4060
4300
4044
4176
4064
4000
4028
4152
4044
4132
4116
4140
4144
4032
4180
4116
4144
4000
4132
4148
4152
4064
4048
4132
4148
4000
4144
4180
4064
4128
4048
4176
4240
4032
4112
4048
4000
4180
4180
4048
4116
4144
4060
4064
4296
4048
4132
4180
4032
4132
4132
4000
4132
4064
4144
4116
4224
4176
4064
4176
4224
4152
4048
4116
4064
4112
4032
4032
4064
4132
4000
4300
4116
4064
4128
4064
4180
4064
4140
4128
4132
4224
4152
4300
4128
4224
4224
4064
4000
4300
4116
4000
4180
4000
4132
4032
4000
4032
4300
4148
4116
4300
4244
4032
4236
4116
4064
4240
4144
4180
4064
4064
4180
4144
4000
4224
4132
4144
4000
4116
4132
4064
4144
4176
4032
4132
4128
4148
4044
4036
4048
4176
4116
4220
4140
4140
4060
4112
4300
3996
4220
4176
4144
4064
4028
4180
4180
4048
4296
4152
4240
4180
4132
4032
4300
4220
4180
4032
4048
4180
4028
4152
4176
4180
4300
4064
4140
4300
4240
