12528
4400
15348
4512
12556
4400
15340
4384
12708
4364
15276
4516
12592
4336
15300
4468
12660
4400
15292
4452
12596
4448
15276
4632
12644
4452
15344
4468
12660
4464
15368
4480
12560
4380
15292
4336
12588
4516
15300
4480
12668
4468
15304
4476
12660
4464
15300
4516
12668
4400
15380
4476
12768
4576
15276
4576
12560
4516
15368
4576
12768
4452
15276
4384
12576
4576
15276
4368
12676
4452
15348
4480
12656
4336
15332
4488
12680
4380
15340
4636
12672
4516
15300
4480
12592
4336
15356
4400
12708
4576
15272
4336
12644
4452
15328
4364
12528
4516
15272
4336
12528
4384
15384
4516
12556
4516
15292
4516
12680
4476
15272
4336
12672
4336
15280
4468
12768
4464
15260
4336
12528
4576
15384
4468
12672
4336
15280
4400
12592
4488
15272
4512
12828
4380
15236
4452
12824
4488
15288
4400
12596
4400
15280
4516
12644
4512
15216
4560
12576
4468
15344
4516
12672
4476
15356
4560
12704
4332
15304
4516
12528
4488
15280
4400
12528
4464
15368
4448
12592
4556
15304
4480
12752
4448
15340
4636
12768
4468
15272
4452
12644
4452
15384
4400
12644
4476
15272
4448
12556
4576
15340
4368
12768
4336
15368
4560
12768
4476
15332
4468
12528
4560
15264
4516
12592
4384
15368
4332
12680
4368
15332
4452
12660
4468
15340
4468
12708
4468
15356
4396
12708
4468
15216
4468
12708
4468
15280
4516
12576
4560
15216
4516
12656
4476
15288
4396
12592
4368
15272
4368
12560
4480
15236
4468
12704
4560
15328
4556
12680
4576
15272
4468
12588
4480
15272
4516
12644
4400
15348
4332
12828
4332
15236
4480
12680
4560
15268
4400
12660
4368
15264
4636
12660
4364
15272
4384
12672
4468
15272
4480
12680
4516
15304
4452
12588
4480
15276
4488
12560
4400
15340
4364
12592
4512
15352
4464
12828
4368
15232
4396
12680
4468
15352
4464
12680
4336
15356
4636
12660
4400
15304
4516
12680
4400
15348
4488
12592
4468
15332
4336
12680
4556
15336
4400
12576
4480
15356
4468
12752
4368
15296
4400
12560
4576
15280
4556
12644
4448
15216
4400
12560
4452
15304
4476
12524
4468
15272
4464
12708
4636
15356
4516
12560
4516
15356
4336
12656
4468
15356
4464
12592
4576
15212
4480
12656
4464
15276
4636
12672
4384
15300
4472
12660
4468
15300
4576
12752
4576
15276
4580
12768
4512
15332
4488
12708
4396
15268
4464
12664
4380
15292
4400
12556
4448
15268
4516
12680
4384
15276
4468
11932
3984
10020
3776
12068
4044
10100
3808
12176
3888
10052
3788
12068
3984
10060
3792
12236
3884
10008
3744
12052
4044
10068
3856
11984
4044
10012
3896
12176
3924
9992
3924
12064
3892
10104
3808
12080
3876
10068
3896
12080
3808
9996
3876
12000
3744
10060
3924
12116
3860
10088
3892
12076
3968
9992
3964
12084
3792
10052
3924
12000
3968
9996
3888
12068
3984
10024
3920
12000
3888
9996
3744
12000
3892
10084
3744
12080
3884
9992
3888
12176
3924
9992
3876
12236
3924
10076
3860
12172
3856
10068
4044
12052
3776
10088
3792
12160
3808
10104
3744
11996
3888
9996
3776
12068
3928
10084
3876
11968
3856
10072
3964
12064
3924
9936
3968
12000
3920
9936
3984
12080
3744
10000
3924
12176
3964
10024
3984
12068
3964
10068
3856
12084
3924
10012
3924
12116
3884
9984
3772
12068
3968
9984
3968
11936
3808
10052
3964
12064
4044
10020
3968
12080
3876
9984
3876
12000
3808
10088
3808
11964
3924
9992
3984
12084
3896
10060
3860
12084
3776
9992
3884
12176
3776
10056
3808
11996
3808
10076
3924
12080
3968
9956
3968
12080
3924
10104
3888
12236
3792
10020
3872
12068
4040
10012
3792
12116
4040
10056
3896
11936
3924
9952
3888
12088
3772
9980
3968
12052
3792
9956
3968
12068
3856
9956
3968
12000
3872
10060
3920
12116
3860
10060
3884
11968
3788
10060
3788
12000
3924
9984
4044
12088
3804
10060
3744
12112
3740
10060
3876
11936
3812
10012
3884
11936
3872
10056
3776
12000
3860
10060
3984
11968
3920
10000
3896
12080
3924
10088
3808
12080
3860
10052
3876
12176
3888
10012
3876
12232
3808
9984
4044
12000
3808
10076
3884
12052
3872
9996
3808
12056
3876
10052
3776
12172
3792
9936
3896
11936
3984
9984
3808
12068
3892
9996
3924
12232
3896
9952
3896
11984
3808
10020
3808
11936
3964
10020
3804
11968
3740
10104
3788
11968
3892
10064
3876
12080
3980
9956
3872
12176
3924
10052
3876
11968
3888
9984
3860
12112
3876
10008
3808
12172
3888
9996
3860
12232
3896
9952
3876
12068
3924
9984
3792
11936
3884
10060
3968
12116
3968
10060
3968
12068
3924
10000
3872
12068
3884
9996
3792
12000
3804
10076
3744
12080
3872
10052
3856
11972
3924
9936
3776
11968
3920
10048
3744
11984
3924
10060
3888
12176
3892
10052
3968
11968
3792
10000
3808
12084
3740
10104
3876
12076
3872
9988
3984
12048
3920
9952
3896
13180
5016
20780
5120
13244
5168
20812
5208
13360
5168
21136
5120
13212
5020
20824
5224
13404
5116
21136
5052
13360
4988
21108
5212
13312
5120
21100
5120
13400
5052
21060
5104
13324
5120
21124
5168
13244
5232
21136
5128
13360
5136
21048
5168
13180
5016
21104
5140
13356
4988
21060
5116
13296
5128
21100
5288
13176
5036
21112
5020
13244
5212
20760
5120
13296
5284
21100
5120
13244
5052
20820
5288
13476
5120
21152
4988
13324
5120
20780
5168
13324
5036
21108
5228
13360
5132
20816
5132
13416
5120
21072
5168
13296
5052
21100
5052
13324
5104
20816
5020
13420
5212
21136
5120
13324
5128
20760
5132
13312
5032
20820
5212
13228
5212
20824
5132
13296
5052
21100
5020
13244
5168
21072
4988
13324
5164
20816
5120
13296
5168
21100
5120
13212
5140
21064
5212
13244
5288
20888
5224
13292
5104
21112
5104
13212
5052
21072
5288
13244
5132
20760
5052
13420
5120
21112
5116
13312
5132
20756
5100
13212
5288
20808
5164
13420
5016
21060
5020
13332
5212
21100
5168
13228
5228
21128
5128
13324
4988
21100
5052
13480
5132
21064
5052
13244
5132
21136
4984
13332
5052
21112
5132
13420
5048
21100
5168
13324
5212
20808
5104
13480
5020
21064
5128
13212
5120
20808
5164
13224
5168
21132
5140
13228
5140
21108
4988
13296
4988
21108
5104
13292
5052
20776
5288
13480
5120
21152
5104
13404
5132
21148
5288
13420
5128
21104
5224
13244
5020
21072
5120
13480
5132
20892
5048
13312
5016
20780
5288
13324
5132
20760
5016
13296
5208
20812
5120
13176
5020
21108
5164
13332
5052
21136
5116
13404
5104
21152
4984
13360
5128
20760
5104
13296
5232
21136
5104
13244
5224
20888
5052
13424
5164
21072
5116
13244
5228
20816
5208
13244
5052
21128
5284
13480
5120
21064
5120
13476
5036
21100
5032
13404
5052
21136
5140
13244
5016
21148
5168
13312
5128
20888
5132
13368
5100
21152
5168
13324
4988
20760
5116
13228
5120
20804
5140
13312
5020
21128
5120
13324
5212
20824
5132
13332
5168
21112
5208
13360
5052
21148
5140
13180
5048
20756
5104
13312
4984
21152
5140
13296
5168
21068
5120
13228
5020
21132
5052
13360
5228
20808
5052
13360
5120
21128
5036
13228
5228
21060
5104
13332
5224
20760
5288
13312
5036
21136
4988
13332
5020
21128
5104
13324
5052
21108
5128
13180
5168
21060
5036
13180
5120
20808
5120
13416
5288
21024
5132
13312
5212
20824
5168
13900
5540
24780
5540
13660
5588
24740
5552
13752
5524
24704
5648
13720
5540
24824
5456
13824
5556
24800
5472
13732
5552
24716
5556
13744
5708
24668
5408
13716
5468
24708
5588
13664
5588
24808
5408
13740
5560
24784
5588
13732
5588
24784
5436
13744
5472
24744
5440
13776
5440
24776
5472
13900
5524
24648
5408
13824
5472
24716
5588
13736
5544
24784
5536
13824
5552
24772
5708
13840
5540
24668
5540
13780
5632
24744
5524
13824
5552
24780
5704
13664
5648
24732
5468
13716
5628
24696
5588
13632
5560
24808
5408
13744
5472
24784
5472
13840
5408
24716
5536
13776
5584
24800
5552
13716
5408
24772
5456
13820
5588
24824
5412
13712
5708
24740
5704
13900
5632
24740
5584
13648
5472
24708
5408
13780
5540
24624
5632
13744
5552
24784
5628
13720
5592
24740
5536
13732
5540
24696
5524
13780
5560
24740
5540
13712
5544
24712
5552
13780
5524
24696
5408
13644
5440
24648
5588
13648
5632
24648
5468
13820
5556
24708
5524
13840
5552
24692
5556
13600
5540
24732
5456
13660
5436
24824
5648
13664
5540
24800
5588
13900
5444
24572
5704
13824
5708
24784
5472
13840
5472
24708
5644
13752
5560
24824
5456
13648
5472
24668
5704
13600
5408
24780
5648
13780
5456
24744
5472
13732
5708
24668
5540
13896
5632
24664
5524
13744
5472
24800
5588
13732
5468
24668
5524
13632
5440
24668
5524
13820
5456
24784
5708
13824
5440
24716
5540
13752
5596
24708
5468
13780
5552
24712
5408
13664
5588
24664
5584
13744
5552
24780
5472
13732
5440
24784
5520
13840
5472
24800
5556
13732
5540
24712
5552
13776
5440
24708
5648
13740
5472
24800
5552
13776
5472
24740
5408
13664
5408
24824
5440
13780
5540
24712
5588
13744
5552
24708
5588
13744
5440
24772
5588
13732
5552
24732
5708
13732
5588
24784
5404
13744
5472
24824
5472
13664
5708
24708
5436
13600
5472
24780
5588
13752
5472
24808
5588
13820
5540
24716
5408
13736
5472
24712
5540
13740
5456
24732
5552
13748
5440
24780
5588
13632
5408
24824
5524
13632
5472
24632
5404
13840
5540
24664
5648
13600
5628
24776
5456
13744
5468
24708
5540
13740
5560
24780
5440
13632
5536
24780
5588
13900
5540
24744
5708
13732
5408
24508
5632
13780
5708
24784
5584
13632
5408
24716
5456
13752
5588
24740
5456
13900
5548
24772
5552
13632
5632
24772
5540
13900
5588
24780
5436
13664
5440
24824
5552
13600
5452
24732
5560
12780
4704
17460
4768
12960
4764
17384
4888
12924
4812
17468
4720
12812
4636
17376
4636
12832
4704
17496
4768
12960
4652
17400
4732
13004
4656
17384
4884
13020
4716
17452
4732
13080
4812
17376
4700
12960
4720
17480
4808
12916
4720
17400
4732
12912
4652
17452
4768
12924
4732
17448
4740
12932
4720
17348
4652
13080
4584
17444
4652
12960
4720
17480
4812
12912
4652
17388
4808
13004
4632
17348
4808
12780
4720
17448
4888
12924
4732
17468
4720
12780
4620
17444
4652
12896
4768
17340
4740
12956
4888
17460
4704
12912
4648
17476
4808
12808
4636
17404
4584
12960
4888
17496
4732
12808
4588
17444
4732
12828
4636
17448
4768
12924
4588
17388
4652
12844
4616
17460
4724
12896
4740
17416
4768
12844
4652
17412
4812
13080
4732
17452
4720
13004
4732
17400
4888
12896
4768
17460
4704
12896
4808
17412
4720
12960
4764
17328
4720
12960
4704
17476
4736
12936
4768
17388
4768
12932
4648
17476
4620
12932
4720
17468
4732
12844
4740
17404
4720
12776
4724
17448
4732
12844
4828
17404
4636
12960
4728
17340
4648
12960
4768
17468
4768
12960
4648
17412
4888
12912
4588
17392
4652
12808
4720
17348
4648
12844
4648
17376
4716
12932
4652
17452
4720
13016
4764
17476
4648
12844
4732
17376
4716
12960
4732
17468
4808
13024
4768
17408
4728
12920
4732
17348
4648
12824
4728
17480
4768
12896
4740
17388
4768
12932
4828
17444
4732
13004
4636
17388
4768
12896
4652
17496
4720
12932
4728
17384
4620
12812
4732
17324
4652
12912
4740
17456
4720
12924
4716
17388
4764
12936
4828
17464
4768
13080
4812
17496
4812
12912
4768
17444
4620
12908
4732
17384
4888
12828
4588
17388
4888
12828
4652
17452
4828
13000
4888
17392
4768
12824
4652
17388
4704
12960
4728
17456
4828
12812
4732
17328
4812
12912
4636
17480
4740
12812
4648
17412
4648
13004
4728
17376
4588
12956
4636
17444
4888
12844
4720
17372
4740
13080
4652
17480
4732
12928
4652
17348
4700
12780
4740
17476
4732
12912
4768
17444
4732
12828
4700
17388
4652
12960
4812
17344
4632
12924
4740
17388
4652
12960
4812
17384
4704
12924
4652
17468
4588
13004
4812
17468
4584
12956
4768
17380
4588
12824
4652
17404
4588
12828
4812
17416
4620
12896
4732
17408
4768
12928
4888
17468
4648
13004
4720
17448
4636
12932
4732
17376
4732
12844
4888
17440
4732
12828
4888
17452
4720
12828
4884
17384
4740
12988
4572
17136
4620
12908
4752
17148
4704
12828
4716
17064
4716
12828
4724
17144
4872
13064
4808
17140
4752
12908
4688
17208
4620
13064
4620
17064
4724
12808
4796
17216
4872
12880
4704
17440
4716
12908
4624
17084
4620
12828
4688
17084
4748
13004
4636
17080
4748
12908
4572
17064
4796
12764
4716
17128
4704
12916
4792
17180
4636
12880
4872
17120
4872
12896
4632
17120
4716
12940
4684
17084
4572
12824
4716
17192
4632
12916
4620
17440
4716
12904
4872
17440
4568
13000
4616
17144
4604
12984
4716
17216
4704
12988
4752
17080
4792
12796
4636
17112
4704
12824
4636
17180
4572
12764
4604
17064
4688
12896
4616
17424
4716
12828
4572
17188
4684
12828
4812
17192
4712
12944
4704
17152
4616
12904
4716
17148
4752
12892
4704
17176
4720
12880
4796
17148
4752
12760
4752
17424
4748
12896
4752
17188
4724
13004
4704
17064
4716
12796
4872
17196
4688
12880
4868
17440
4752
13060
4716
17124
4716
13060
4796
17124
4752
12908
4796
17232
4872
12892
4796
17148
4636
12824
4752
17148
4752
12764
4748
17152
4568
12796
4688
17436
4748
12828
4716
17232
4752
12896
4724
17188
4700
12908
4748
17440
4620
12984
4636
17228
4688
12764
4748
17140
4704
12896
4636
17384
4716
12828
4636
17232
4752
12916
4620
17152
4704
12944
4572
17440
4796
12896
4684
17116
4688
13004
4632
17112
4704
12796
4704
17112
4632
12896
4700
17148
4688
12984
4748
17188
4872
12896
4872
17180
4872
12880
4684
17180
4716
12912
4632
17140
4796
12892
4604
17192
4872
12896
4752
17120
4704
12904
4716
17216
4704
12908
4704
17084
4872
12912
4808
17140
4704
12896
4684
17440
4704
12988
4636
17064
4796
12792
4748
17112
4604
12876
4604
17192
4796
12984
4796
17084
4620
12768
4712
17232
4636
12944
4752
17140
4700
12880
4808
17216
4808
13004
4752
17120
4604
12912
4604
17188
4636
12896
4716
17064
4636
13064
4724
17212
4704
12908
4568
17424
4752
12988
4636
17148
4700
12944
4688
17184
4716
13064
4872
17184
4704
12812
4796
17216
4748
13064
4812
17180
4684
12916
4716
17120
4796
13000
4572
17424
4684
12796
4796
17148
4752
12916
4716
17148
4812
12828
4724
17232
4716
12944
4688
17176
4716
12812
4704
17092
4720
12828
4872
17112
4636
12916
4752
17060
4796
12908
4568
17152
4748
12904
4600
17148
4752
12824
4752
17152
4724
12792
4868
17148
4712
12944
4704
17188
4704
12020
3908
10316
3808
12112
3840
10288
3840
11968
3956
10272
3824
12192
4016
10280
3776
12028
3892
10340
3840
12120
3920
10336
4012
12096
3928
10368
3920
12148
3840
10364
4012
12000
3836
10328
3928
12208
3824
10280
3956
12016
4016
10316
4076
11968
3928
10340
3956
12096
4000
10368
3924
12208
3928
10248
3912
12268
4000
10248
4076
12028
3928
10264
3892
12120
3820
10228
3776
12100
3776
10272
3908
12268
3920
10288
3776
12100
4076
10324
3908
12120
3928
10248
3808
11968
3928
10368
3956
12080
4016
10324
3920
12192
3908
10324
3952
12084
3956
10352
3836
12120
3920
10368
3776
12208
4016
10324
3824
12084
3892
10196
3804
12100
4016
10220
3772
12028
3840
10284
3908
12032
3920
10324
4076
12208
4000
10284
3956
12148
4016
10244
4016
12120
3840
10284
4000
11968
3808
10220
3956
12032
3908
10248
3928
12016
3840
10324
3996
12112
3952
10284
3956
12032
3920
10288
3776
12112
3952
10340
3920
12144
3928
10340
3908
12084
4076
10316
3892
12000
3908
10316
3840
12028
3956
10324
3964
12112
3956
10288
3904
12032
3892
10324
3904
12208
3824
10244
3924
12268
3920
10324
3956
11964
3824
10288
3840
12112
3840
10348
3916
12268
4000
10200
3920
12000
4072
10288
4012
12148
4000
10352
3956
12100
3908
10368
3908
12148
3920
10220
3836
12032
4072
10284
3824
11968
3836
10340
3928
12000
3908
10200
4000
12192
3808
10352
3908
12100
3920
10220
3920
12144
3824
10260
4000
12084
3840
10264
3904
12032
3904
10316
3908
12084
3920
10288
3908
12112
3776
10264
3836
11968
3804
10316
3952
12272
3952
10316
3920
12028
4016
10312
3892
12032
3840
10252
4000
12000
3808
10272
3776
12208
3920
10352
3920
12112
4012
10260
3920
12032
3908
10340
4000
12100
3820
10196
3804
12112
3904
10276
3892
12120
3920
10288
3840
12100
3908
10248
3956
12084
3776
10288
3920
12144
4076
10328
3824
12032
3808
10280
3920
12032
3776
10340
3952
12192
3916
10368
4072
12156
3956
10260
4016
12148
3840
10244
3920
12032
3904
10288
3840
12268
3808
10220
3904
12100
3908
10340
3908
12148
4012
10288
3916
12032
3956
10316
3956
12032
4016
10316
3804
12192
4016
10260
3956
12032
3904
10352
3920
12148
3916
10284
3920
12100
3956
10220
4012
11996
3920
10220
3908
12096
3956
10252
3920
12032
3824
10324
3908
12208
3996
10256
4076
11964
3956
10352
3908
12112
4012
10332
3956
12168
4272
12188
4088
12348
4004
12124
4020
12348
4040
12136
4196
12284
3976
12184
4100
12316
4120
12136
4116
12164
4120
12108
4116
12232
4200
12124
4088
12228
4108
12112
4036
12312
4128
12068
4112
12284
4120
12172
4084
12320
4040
12164
3968
12300
4128
12068
4000
12216
4124
12104
4020
12312
4008
12200
4152
12300
4276
12180
4272
12232
4276
12104
4088
12316
4008
12068
4192
12468
4108
12104
4148
12228
4108
12212
4120
12348
4008
12172
4212
12344
4216
12168
4020
12300
4008
12136
4192
12296
4276
12112
4000
12408
4152
12112
4192
12296
3976
12104
4196
12212
4108
12216
4208
12300
4116
12172
4272
12312
4108
12172
4104
12196
4272
12108
4116
12232
4040
12164
4212
12320
4020
12176
4152
12320
4156
12180
4192
12296
3976
12216
4016
12284
4216
12200
4196
12300
4092
12136
4088
12216
4152
12200
4020
12300
4108
12104
4208
12212
3976
12048
4100
12164
4040
12132
4104
12392
4008
12216
4212
12348
4216
12136
4020
12388
4092
12164
4124
12348
3972
12172
4116
12348
4120
12108
4272
12196
3976
12048
4116
12468
4216
12108
4100
12232
4092
12188
4268
12468
4092
12124
4088
12312
3976
12104
4000
12308
4092
12112
4208
12228
4128
12216
4036
12168
4128
12196
3972
12312
4108
12172
4196
12320
4108
12112
4196
12312
4272
12200
4100
12392
4156
12188
4116
12300
4040
12160
4088
12168
4216
12108
4000
12312
4040
12212
4104
12344
4156
12172
4036
12200
4024
12132
4020
12408
4088
12212
4088
12200
3976
12176
4104
12216
4276
12048
4148
12320
4120
12112
4088
12320
4272
12172
4036
12308
4040
12188
4104
12312
4200
12172
4104
12348
4108
12172
4116
12216
3976
12068
4036
12348
4200
12200
4148
12472
4024
12120
4212
12168
4276
12104
4124
12216
4128
12168
4152
12300
4128
12176
4212
12312
4104
12108
4116
12320
4156
12196
4212
12200
4128
12168
4116
12216
4008
12172
4036
12232
4092
12188
4088
12468
4008
12124
4148
12296
4120
12172
4208
12300
4200
12200
4116
12300
3976
12200
4112
12312
4040
12168
4268
12284
4040
12172
4004
12232
4108
12048
4116
12408
4200
12132
4032
12312
4024
12132
4000
12468
4092
12044
4192
12284
4120
12124
3972
12348
4108
12212
4036
12468
3976
12200
4116
12312
4272
12216
4196
12168
4156
12136
4272
12312
4120
12164
4004
12296
4040
12068
4212
12232
4216
12176
3972
12312
4104
12164
4036
12300
4152
12108
4036
12168
4028
11584
3940
12404
4212
11540
4212
12152
4044
11564
4092
12220
4136
11668
3976
12168
4060
11596
3976
12248
4044
11584
4044
12256
3944
11600
4064
12284
4044
11536
3940
12284
4092
11644
4064
12344
4052
11632
4064
12168
3960
11660
4152
12256
3912
11580
4056
12136
4056
11584
3944
12168
4132
11576
4028
12244
3976
11540
4096
12136
3976
11596
4136
12328
3944
11580
4028
12164
4092
11604
4060
12344
4152
11580
3944
12256
4060
11564
3912
12284
4028
11568
4064
12248
4212
11604
3976
12244
4152
11568
3976
12168
4044
11584
3976
12104
4056
11584
3912
12284
4040
11592
4092
12236
4024
11516
3956
12168
3912
11576
4132
12256
3976
11672
4044
12172
4056
11660
4040
12404
4028
11516
4028
12404
4136
11672
4060
12344
4208
11652
4136
12324
3976
11596
4136
12168
3912
11584
4212
12152
4212
11576
3956
12168
4052
11636
4040
12348
4040
11580
4044
12136
4132
11608
4152
12136
3976
11536
3940
12220
4044
11540
4136
12244
4056
11568
3972
12220
3960
11604
4040
12344
4092
11568
4028
12248
4044
11576
4092
12324
4088
11516
3912
12152
4064
11584
4092
12168
4064
11596
4052
12132
3976
11576
4056
12284
4212
11576
3976
12404
4064
11668
4044
12284
4212
11576
4028
12344
4024
11580
3960
12236
4212
11652
4152
12152
4028
11520
4152
12340
4044
11576
4044
12248
3944
11592
4024
12404
3976
11564
3912
12284
4152
11652
4092
12104
4044
11564
3944
12404
4092
11656
4056
12280
3912
11656
4024
12168
4060
11576
4088
12168
3944
11576
4092
12328
4044
11652
4136
12220
3976
11644
4092
12152
4092
11544
4092
12404
3960
11640
4092
12280
4092
11688
4208
12168
4152
11568
4056
12324
4040
11668
3972
12236
4208
11660
4044
12168
3976
11540
4212
12152
3960
11580
4064
12168
4056
11576
4136
12280
3908
11576
4044
12104
4092
11596
4136
12248
4056
11520
4212
12236
3976
11640
4056
12324
4056
11584
4044
12344
3976
11576
4024
12168
3912
11660
3976
12324
3944
11604
4136
12136
4024
11512
4152
12244
4028
11648
4040
12168
4044
11576
3976
12344
4056
11644
3944
12280
4044
11644
4092
12284
4136
11576
4064
12164
4208
11640
4056
12248
3940
11636
4088
12104
4092
11644
4064
12096
4088
11540
3944
12284
3956
11608
3972
12236
4148
11632
4028
12136
3960
11576
4044
12284
4028
11584
4212
12168
4092
11520
3972
12168
4136
11640
4092
12152
4088
11576
4052
12604
4424
15564
4676
12620
4448
15620
4436
12752
4560
15648
4676
12716
4556
15536
4520
12716
4412
15492
4616
12700
4560
15612
4408
12636
4440
15480
4520
12792
4444
15628
4440
12636
4408
15536
4440
12572
4444
15508
4556
12724
4496
15540
4528
12636
4512
15620
4420
12688
4444
15600
4520
12568
4556
15596
4420
12688
4444
15648
4440
12688
4532
15528
4492
12724
4556
15540
4520
12704
4556
15544
4408
12752
4676
15544
4492
12632
4616
15536
4676
12688
4440
15540
4504
12716
4532
15532
4440
12716
4516
15564
4440
12792
4512
15532
4508
12704
4444
15556
4376
12812
4496
15608
4616
12716
4412
15500
4516
12716
4680
15628
4552
12572
4560
15528
4556
12688
4680
15620
4528
12604
4512
15620
4516
12688
4496
15500
4376
12576
4424
15532
4508
12748
4428
15500
4440
12752
4604
15540
4504
12808
4428
15528
4440
12636
4512
15480
4620
12572
4560
15480
4556
12724
4512
15616
4408
12716
4524
15560
4492
12752
4380
15532
4408
12636
4512
15628
4440
12632
4528
15628
4528
12688
4532
15596
4424
12632
4556
15608
4508
12620
4532
15564
4520
12620
4532
15620
4424
12620
4444
15596
4508
12752
4380
15612
4408
12636
4524
15612
4616
12704
4680
15540
4440
12716
4560
15612
4508
12704
4568
15492
4492
12636
4532
15564
4600
12604
4444
15644
4676
12728
4600
15612
4520
12752
4532
15600
4508
12752
4532
15568
4408
12704
4520
15632
4520
12704
4560
15476
4372
12704
4444
15524
4600
12796
4564
15608
4404
12636
4428
15632
4424
12796
4428
15632
4488
12600
4680
15564
4408
12872
4620
15480
4552
12616
4496
15504
4524
12796
4524
15616
4528
12704
4512
15500
4424
12752
4444
15648
4488
12636
4412
15564
4376
12716
4380
15556
4596
12748
4512
15476
4508
12716
4528
15600
4612
12720
4508
15604
4424
12604
4444
15564
4424
12604
4528
15632
4556
12812
4616
15540
4424
12752
4508
15620
4404
12620
4616
15628
4428
12872
4620
15644
4408
12636
4412
15600
4504
12704
4512
15532
4556
12704
4524
15648
4616
12572
4440
15564
4676
12704
4512
15556
4424
12636
4600
15528
4600
12716
4524
15496
4372
12688
4600
15564
4488
12752
4532
15612
4492
12716
4560
15536
4556
12636
4620
15620
4612
12572
4620
15596
4440
12724
4560
15528
4508
12752
4512
15500
4528
12688
4444
15564
4556
12704
4560
15596
4556
12812
4408
15536
4520
12636
4560
15620
4672
12704
4532
15556
4564
12324
4116
12380
4244
12336
4064
12092
4144
12336
4044
12424
4240
12336
4132
12344
4060
12492
4224
12424
4000
12492
4116
12420
4060
12320
4132
12356
4032
12488
4060
12372
4132
12420
4064
12384
4048
12372
4176
12372
4060
12224
4152
12348
4128
12308
4032
12416
4048
12324
4028
12460
4152
12332
4064
12416
4224
12372
4000
12440
4152
12336
4140
12356
4144
12240
4180
12420
4300
12244
4152
12440
4064
12240
4296
12048
4176
12492
4048
12448
4180
12240
4240
12068
4064
12236
4044
12352
4000
12492
4116
12424
4180
12336
4048
12380
4064
12256
4132
12424
4132
12324
4028
12408
4064
12344
4044
12384
4064
12304
4112
12380
4132
12372
4132
12464
4180
12372
4132
12420
4060
12432
4144
12464
4000
12308
4032
12348
3996
12240
4132
12320
4116
12308
4180
12464
4224
12320
4140
12352
4180
12336
4048
12420
4144
12336
4132
12348
4132
12188
4220
12372
4144
12192
4132
12444
4000
12240
4036
12464
4240
12372
4300
12380
4048
12224
4152
12448
4064
12372
4144
12372
4048
12256
4048
12352
4048
12332
4152
12424
4240
12344
4184
12424
4180
12432
4060
12424
4032
12324
4132
12380
4064
12192
4224
12464
4048
12332
3996
12096
4224
12324
4032
12380
4028
12492
4180
12440
4152
12240
4300
12420
4300
12320
4048
12348
4064
12256
4060
12416
4116
12224
4048
12420
4064
12324
4180
12368
4064
12336
4044
12348
4128
12336
4064
12380
4064
12324
4048
12096
4240
12256
4064
12412
4148
12416
4300
12348
4116
12192
4060
12424
4300
12308
4132
12096
4180
12336
4032
12068
4240
12324
4132
12356
4132
12308
3996
12372
4112
12308
4128
12348
4064
12372
4044
12424
4144
12372
4060
12380
4116
12320
4116
12424
4064
12256
4300
12356
4184
12368
4180
12440
4152
12256
4000
12460
4224
12372
4132
12420
4236
12256
4236
12424
4000
12192
4180
12096
4144
12308
4128
12412
4064
12324
4048
12408
4240
12192
4144
12096
3996
12320
4220
12380
4180
12372
4152
12424
4144
12492
4032
12424
4064
12336
4144
12068
4048
12336
4140
12436
4220
12256
4064
12412
4144
12320
4112
12424
4064
12256
4148
12420
4180
12324
4000
12096
4176
12492
4224
12348
4032
12416
4180
12048
4180
12332
4152
12096
4176
12372
4152
12384
4044
12372
4224
12412
4144
12372
4000
12448
4064
12324
4176
12420
4064
12344
4180
12408
4048
12412
4144
12428
4132
12256
4176
12348
4144
12224
4116
12424
4048
