dataset-real/snap00.1m 0 23 19 10
dataset-real/snap01.1m 0 9 10 11
dataset-real/snap02.1m 0 10 11 11
dataset-real/snap03.1m 0 24 26 20
dataset-real/snap04.1m 0 17 19 19
dataset-real/snap05.1m 0 20 23 22
dataset-real/snap06.1m 0 39 43 46
dataset-real/snap07.1m 0 20 23 20
dataset-real/snap08.1m 0 13 15 15
dataset-real/snap09.1m 0 21 23 22
dataset-real/snap10.1m 0 26 29 26
dataset-real/snap11.1m 0 24 27 25
dataset-real/snap00.1m 0 29 33 34
dataset-real/snap01.1m 0 29 33 34
dataset-real/snap02.1m 0 29 32 34
dataset-real/snap03.1m 0 54 61 52
dataset-real/snap04.1m 0 53 59 54
dataset-real/snap05.1m 0 238 269 361
dataset-real/snap06.1m 0 279 319 398
dataset-real/snap07.1m 0 293 334 423
dataset-real/snap08.1m 0 241 271 366
dataset-real/snap09.1m 0 273 309 399
dataset-real/snap10.1m 0 36 39 35
dataset-real/snap11.1m 0 38 42 34
dataset-real/snap00.1m 0 4 4 4
dataset-real/snap01.1m 0 4 4 4
dataset-real/snap02.1m 0 3 4 4
dataset-real/snap03.1m 0 4 5 5
dataset-real/snap04.1m 0 3 3 3
dataset-real/snap05.1m 0 4 4 4
dataset-real/snap06.1m 0 3 4 3
dataset-real/snap07.1m 0 3 4 4
dataset-real/snap08.1m 0 3 3 3
dataset-real/snap09.1m 0 4 4 4
dataset-real/snap10.1m 0 3 3 3
dataset-real/snap11.1m 0 3 4 3
dataset-real/snap00.1m 0 2 2 2
dataset-real/snap01.1m 0 3 4 4
dataset-real/snap02.1m 0 2 2 2
dataset-real/snap03.1m 0 2 3 2
dataset-real/snap04.1m 0 3 3 3
dataset-real/snap05.1m 0 3 3 3
dataset-real/snap06.1m 0 4 5 4
dataset-real/snap07.1m 0 4 4 4
dataset-real/snap08.1m 0 3 3 3
dataset-real/snap09.1m 0 6 7 6
dataset-real/snap10.1m 0 2 2 2
dataset-real/snap11.1m 0 4 4 4
dataset-real/snap00.1m 0 2 2 2
dataset-real/snap01.1m 0 3 3 4
dataset-real/snap02.1m 0 2 2 2
dataset-real/snap03.1m 0 2 2 2
dataset-real/snap04.1m 0 3 3 3
dataset-real/snap05.1m 0 3 3 3
dataset-real/snap06.1m 0 4 5 5
dataset-real/snap07.1m 0 4 4 4
dataset-real/snap08.1m 0 3 3 3
dataset-real/snap09.1m 0 6 7 6
dataset-real/snap10.1m 0 2 2 2
dataset-real/snap11.1m 0 4 4 4
dataset-real/snap00.1m 0 26 29 28
dataset-real/snap01.1m 0 25 30 27
dataset-real/snap02.1m 0 25 30 28
dataset-real/snap03.1m 0 27 31 28
dataset-real/snap04.1m 0 24 29 27
dataset-real/snap05.1m 0 26 31 28
dataset-real/snap06.1m 0 26 31 28
dataset-real/snap07.1m 0 26 30 28
dataset-real/snap08.1m 0 27 31 28
dataset-real/snap09.1m 0 26 30 27
dataset-real/snap10.1m 0 31 36 32
dataset-real/snap11.1m 0 34 39 36
dataset-real/snap00.1m 0 10 12 12
dataset-real/snap01.1m 0 10 11 12
dataset-real/snap02.1m 0 8 10 10
dataset-real/snap03.1m 0 9 10 10
dataset-real/snap04.1m 0 8 10 10
dataset-real/snap05.1m 0 7 8 9
dataset-real/snap06.1m 0 7 8 8
dataset-real/snap07.1m 0 8 9 9
dataset-real/snap08.1m 0 8 10 9
dataset-real/snap09.1m 0 4 5 5
dataset-real/snap10.1m 0 10 12 12
dataset-real/snap11.1m 0 11 13 13
dataset-real/snap00.1m 0 14 17 18
dataset-real/snap01.1m 0 15 17 18
dataset-real/snap02.1m 0 14 16 17
dataset-real/snap03.1m 0 11 13 13
dataset-real/snap04.1m 0 10 12 12
dataset-real/snap05.1m 0 10 11 12
dataset-real/snap06.1m 0 11 12 12
dataset-real/snap07.1m 0 11 12 13
dataset-real/snap08.1m 0 7 8 8
dataset-real/snap09.1m 0 2 2 2
dataset-real/snap10.1m 0 7 8 7
dataset-real/snap11.1m 0 8 10 9
